[2025-03-06T17:40:55.295+0000] {processor.py:186} INFO - Started process (PID=49) to work on /opt/airflow/dags/main_dag.py
[2025-03-06T17:40:55.299+0000] {processor.py:914} INFO - Processing file /opt/airflow/dags/main_dag.py for tasks to queue
[2025-03-06T17:40:55.304+0000] {logging_mixin.py:190} INFO - [2025-03-06T17:40:55.303+0000] {dagbag.py:588} INFO - Filling up the DagBag from /opt/airflow/dags/main_dag.py
[2025-03-06T17:40:55.411+0000] {processor.py:925} INFO - DAG(s) 'hello_world_dag' retrieved from /opt/airflow/dags/main_dag.py
[2025-03-06T17:40:55.453+0000] {logging_mixin.py:190} INFO - [2025-03-06T17:40:55.452+0000] {dag.py:3239} INFO - Sync 1 DAGs
[2025-03-06T17:40:55.507+0000] {logging_mixin.py:190} INFO - [2025-03-06T17:40:55.507+0000] {dag.py:4180} INFO - Setting next_dagrun for hello_world_dag to None, run_after=None
[2025-03-06T17:40:55.536+0000] {processor.py:208} INFO - Processing /opt/airflow/dags/main_dag.py took 0.250 seconds
[2025-03-06T18:40:20.196+0000] {processor.py:186} INFO - Started process (PID=47) to work on /opt/airflow/dags/main_dag.py
[2025-03-06T18:40:20.199+0000] {processor.py:914} INFO - Processing file /opt/airflow/dags/main_dag.py for tasks to queue
[2025-03-06T18:40:20.204+0000] {logging_mixin.py:190} INFO - [2025-03-06T18:40:20.203+0000] {dagbag.py:588} INFO - Filling up the DagBag from /opt/airflow/dags/main_dag.py
[2025-03-06T18:40:20.270+0000] {processor.py:925} INFO - DAG(s) 'hello_world_dag' retrieved from /opt/airflow/dags/main_dag.py
[2025-03-06T18:40:20.295+0000] {logging_mixin.py:190} INFO - [2025-03-06T18:40:20.294+0000] {dag.py:3239} INFO - Sync 1 DAGs
[2025-03-06T18:40:20.313+0000] {logging_mixin.py:190} INFO - [2025-03-06T18:40:20.312+0000] {dag.py:4180} INFO - Setting next_dagrun for hello_world_dag to None, run_after=None
[2025-03-06T18:40:20.324+0000] {processor.py:208} INFO - Processing /opt/airflow/dags/main_dag.py took 0.136 seconds
[2025-03-06T18:40:50.785+0000] {processor.py:186} INFO - Started process (PID=55) to work on /opt/airflow/dags/main_dag.py
[2025-03-06T18:40:50.786+0000] {processor.py:914} INFO - Processing file /opt/airflow/dags/main_dag.py for tasks to queue
[2025-03-06T18:40:50.788+0000] {logging_mixin.py:190} INFO - [2025-03-06T18:40:50.788+0000] {dagbag.py:588} INFO - Filling up the DagBag from /opt/airflow/dags/main_dag.py
[2025-03-06T18:40:50.806+0000] {processor.py:925} INFO - DAG(s) 'hello_world_dag' retrieved from /opt/airflow/dags/main_dag.py
[2025-03-06T18:40:50.814+0000] {logging_mixin.py:190} INFO - [2025-03-06T18:40:50.814+0000] {dag.py:3239} INFO - Sync 1 DAGs
[2025-03-06T18:40:50.827+0000] {logging_mixin.py:190} INFO - [2025-03-06T18:40:50.826+0000] {dag.py:4180} INFO - Setting next_dagrun for hello_world_dag to None, run_after=None
[2025-03-06T18:40:50.835+0000] {processor.py:208} INFO - Processing /opt/airflow/dags/main_dag.py took 0.058 seconds
[2025-03-06T18:41:21.329+0000] {processor.py:186} INFO - Started process (PID=64) to work on /opt/airflow/dags/main_dag.py
[2025-03-06T18:41:21.330+0000] {processor.py:914} INFO - Processing file /opt/airflow/dags/main_dag.py for tasks to queue
[2025-03-06T18:41:21.331+0000] {logging_mixin.py:190} INFO - [2025-03-06T18:41:21.331+0000] {dagbag.py:588} INFO - Filling up the DagBag from /opt/airflow/dags/main_dag.py
[2025-03-06T18:41:21.360+0000] {processor.py:925} INFO - DAG(s) 'hello_world_dag' retrieved from /opt/airflow/dags/main_dag.py
[2025-03-06T18:41:21.366+0000] {logging_mixin.py:190} INFO - [2025-03-06T18:41:21.366+0000] {dag.py:3239} INFO - Sync 1 DAGs
[2025-03-06T18:41:21.372+0000] {logging_mixin.py:190} INFO - [2025-03-06T18:41:21.372+0000] {dag.py:4180} INFO - Setting next_dagrun for hello_world_dag to None, run_after=None
[2025-03-06T18:41:21.378+0000] {processor.py:208} INFO - Processing /opt/airflow/dags/main_dag.py took 0.054 seconds
[2025-03-06T18:41:51.740+0000] {processor.py:186} INFO - Started process (PID=73) to work on /opt/airflow/dags/main_dag.py
[2025-03-06T18:41:51.741+0000] {processor.py:914} INFO - Processing file /opt/airflow/dags/main_dag.py for tasks to queue
[2025-03-06T18:41:51.743+0000] {logging_mixin.py:190} INFO - [2025-03-06T18:41:51.743+0000] {dagbag.py:588} INFO - Filling up the DagBag from /opt/airflow/dags/main_dag.py
[2025-03-06T18:41:51.766+0000] {processor.py:925} INFO - DAG(s) 'hello_world_dag' retrieved from /opt/airflow/dags/main_dag.py
[2025-03-06T18:41:51.773+0000] {logging_mixin.py:190} INFO - [2025-03-06T18:41:51.773+0000] {dag.py:3239} INFO - Sync 1 DAGs
[2025-03-06T18:41:51.780+0000] {logging_mixin.py:190} INFO - [2025-03-06T18:41:51.779+0000] {dag.py:4180} INFO - Setting next_dagrun for hello_world_dag to None, run_after=None
[2025-03-06T18:41:51.785+0000] {processor.py:208} INFO - Processing /opt/airflow/dags/main_dag.py took 0.049 seconds
[2025-03-06T18:42:22.150+0000] {processor.py:186} INFO - Started process (PID=82) to work on /opt/airflow/dags/main_dag.py
[2025-03-06T18:42:22.151+0000] {processor.py:914} INFO - Processing file /opt/airflow/dags/main_dag.py for tasks to queue
[2025-03-06T18:42:22.152+0000] {logging_mixin.py:190} INFO - [2025-03-06T18:42:22.152+0000] {dagbag.py:588} INFO - Filling up the DagBag from /opt/airflow/dags/main_dag.py
[2025-03-06T18:42:22.167+0000] {processor.py:925} INFO - DAG(s) 'hello_world_dag' retrieved from /opt/airflow/dags/main_dag.py
[2025-03-06T18:42:22.174+0000] {logging_mixin.py:190} INFO - [2025-03-06T18:42:22.174+0000] {dag.py:3239} INFO - Sync 1 DAGs
[2025-03-06T18:42:22.182+0000] {logging_mixin.py:190} INFO - [2025-03-06T18:42:22.182+0000] {dag.py:4180} INFO - Setting next_dagrun for hello_world_dag to None, run_after=None
[2025-03-06T18:42:22.448+0000] {processor.py:208} INFO - Processing /opt/airflow/dags/main_dag.py took 0.301 seconds
[2025-03-06T18:42:52.576+0000] {processor.py:186} INFO - Started process (PID=91) to work on /opt/airflow/dags/main_dag.py
[2025-03-06T18:42:52.577+0000] {processor.py:914} INFO - Processing file /opt/airflow/dags/main_dag.py for tasks to queue
[2025-03-06T18:42:52.577+0000] {logging_mixin.py:190} INFO - [2025-03-06T18:42:52.577+0000] {dagbag.py:588} INFO - Filling up the DagBag from /opt/airflow/dags/main_dag.py
[2025-03-06T18:42:52.597+0000] {processor.py:925} INFO - DAG(s) 'hello_world_dag' retrieved from /opt/airflow/dags/main_dag.py
[2025-03-06T18:42:52.605+0000] {logging_mixin.py:190} INFO - [2025-03-06T18:42:52.604+0000] {dag.py:3239} INFO - Sync 1 DAGs
[2025-03-06T18:42:52.794+0000] {logging_mixin.py:190} INFO - [2025-03-06T18:42:52.794+0000] {dag.py:4180} INFO - Setting next_dagrun for hello_world_dag to None, run_after=None
[2025-03-06T18:42:52.808+0000] {processor.py:208} INFO - Processing /opt/airflow/dags/main_dag.py took 0.236 seconds
[2025-03-06T18:43:22.936+0000] {processor.py:186} INFO - Started process (PID=100) to work on /opt/airflow/dags/main_dag.py
[2025-03-06T18:43:22.937+0000] {processor.py:914} INFO - Processing file /opt/airflow/dags/main_dag.py for tasks to queue
[2025-03-06T18:43:22.940+0000] {logging_mixin.py:190} INFO - [2025-03-06T18:43:22.939+0000] {dagbag.py:588} INFO - Filling up the DagBag from /opt/airflow/dags/main_dag.py
[2025-03-06T18:43:22.960+0000] {processor.py:925} INFO - DAG(s) 'hello_world_dag' retrieved from /opt/airflow/dags/main_dag.py
[2025-03-06T18:43:23.114+0000] {logging_mixin.py:190} INFO - [2025-03-06T18:43:23.113+0000] {dag.py:3239} INFO - Sync 1 DAGs
[2025-03-06T18:43:23.122+0000] {logging_mixin.py:190} INFO - [2025-03-06T18:43:23.122+0000] {dag.py:4180} INFO - Setting next_dagrun for hello_world_dag to None, run_after=None
[2025-03-06T18:43:23.137+0000] {processor.py:208} INFO - Processing /opt/airflow/dags/main_dag.py took 0.204 seconds
[2025-03-06T18:43:53.994+0000] {processor.py:186} INFO - Started process (PID=115) to work on /opt/airflow/dags/main_dag.py
[2025-03-06T18:43:53.997+0000] {processor.py:914} INFO - Processing file /opt/airflow/dags/main_dag.py for tasks to queue
[2025-03-06T18:43:53.998+0000] {logging_mixin.py:190} INFO - [2025-03-06T18:43:53.997+0000] {dagbag.py:588} INFO - Filling up the DagBag from /opt/airflow/dags/main_dag.py
[2025-03-06T18:43:54.101+0000] {processor.py:925} INFO - DAG(s) 'hello_world_dag' retrieved from /opt/airflow/dags/main_dag.py
[2025-03-06T18:43:54.106+0000] {logging_mixin.py:190} INFO - [2025-03-06T18:43:54.106+0000] {dag.py:3239} INFO - Sync 1 DAGs
[2025-03-06T18:43:54.110+0000] {logging_mixin.py:190} INFO - [2025-03-06T18:43:54.110+0000] {dag.py:4180} INFO - Setting next_dagrun for hello_world_dag to None, run_after=None
[2025-03-06T18:43:54.116+0000] {processor.py:208} INFO - Processing /opt/airflow/dags/main_dag.py took 0.126 seconds
[2025-03-06T18:44:24.703+0000] {processor.py:186} INFO - Started process (PID=124) to work on /opt/airflow/dags/main_dag.py
[2025-03-06T18:44:24.707+0000] {processor.py:914} INFO - Processing file /opt/airflow/dags/main_dag.py for tasks to queue
[2025-03-06T18:44:24.707+0000] {logging_mixin.py:190} INFO - [2025-03-06T18:44:24.707+0000] {dagbag.py:588} INFO - Filling up the DagBag from /opt/airflow/dags/main_dag.py
[2025-03-06T18:44:24.725+0000] {processor.py:925} INFO - DAG(s) 'hello_world_dag' retrieved from /opt/airflow/dags/main_dag.py
[2025-03-06T18:44:24.733+0000] {logging_mixin.py:190} INFO - [2025-03-06T18:44:24.733+0000] {dag.py:3239} INFO - Sync 1 DAGs
[2025-03-06T18:44:24.741+0000] {logging_mixin.py:190} INFO - [2025-03-06T18:44:24.741+0000] {dag.py:4180} INFO - Setting next_dagrun for hello_world_dag to None, run_after=None
[2025-03-06T18:44:24.753+0000] {processor.py:208} INFO - Processing /opt/airflow/dags/main_dag.py took 0.062 seconds
[2025-03-06T18:44:55.151+0000] {processor.py:186} INFO - Started process (PID=133) to work on /opt/airflow/dags/main_dag.py
[2025-03-06T18:44:55.152+0000] {processor.py:914} INFO - Processing file /opt/airflow/dags/main_dag.py for tasks to queue
[2025-03-06T18:44:55.153+0000] {logging_mixin.py:190} INFO - [2025-03-06T18:44:55.153+0000] {dagbag.py:588} INFO - Filling up the DagBag from /opt/airflow/dags/main_dag.py
[2025-03-06T18:44:55.230+0000] {processor.py:925} INFO - DAG(s) 'hello_world_dag' retrieved from /opt/airflow/dags/main_dag.py
[2025-03-06T18:44:55.243+0000] {logging_mixin.py:190} INFO - [2025-03-06T18:44:55.243+0000] {dag.py:3239} INFO - Sync 1 DAGs
[2025-03-06T18:44:55.268+0000] {logging_mixin.py:190} INFO - [2025-03-06T18:44:55.267+0000] {dag.py:4180} INFO - Setting next_dagrun for hello_world_dag to None, run_after=None
[2025-03-06T18:44:55.293+0000] {processor.py:208} INFO - Processing /opt/airflow/dags/main_dag.py took 0.146 seconds
[2025-03-06T18:45:25.595+0000] {processor.py:186} INFO - Started process (PID=142) to work on /opt/airflow/dags/main_dag.py
[2025-03-06T18:45:25.597+0000] {processor.py:914} INFO - Processing file /opt/airflow/dags/main_dag.py for tasks to queue
[2025-03-06T18:45:25.597+0000] {logging_mixin.py:190} INFO - [2025-03-06T18:45:25.597+0000] {dagbag.py:588} INFO - Filling up the DagBag from /opt/airflow/dags/main_dag.py
[2025-03-06T18:45:25.618+0000] {processor.py:925} INFO - DAG(s) 'hello_world_dag' retrieved from /opt/airflow/dags/main_dag.py
[2025-03-06T18:45:25.626+0000] {logging_mixin.py:190} INFO - [2025-03-06T18:45:25.626+0000] {dag.py:3239} INFO - Sync 1 DAGs
[2025-03-06T18:45:25.633+0000] {logging_mixin.py:190} INFO - [2025-03-06T18:45:25.633+0000] {dag.py:4180} INFO - Setting next_dagrun for hello_world_dag to None, run_after=None
[2025-03-06T18:45:25.640+0000] {processor.py:208} INFO - Processing /opt/airflow/dags/main_dag.py took 0.049 seconds
[2025-03-06T18:45:56.157+0000] {processor.py:186} INFO - Started process (PID=151) to work on /opt/airflow/dags/main_dag.py
[2025-03-06T18:45:56.159+0000] {processor.py:914} INFO - Processing file /opt/airflow/dags/main_dag.py for tasks to queue
[2025-03-06T18:45:56.161+0000] {logging_mixin.py:190} INFO - [2025-03-06T18:45:56.160+0000] {dagbag.py:588} INFO - Filling up the DagBag from /opt/airflow/dags/main_dag.py
[2025-03-06T18:45:56.181+0000] {processor.py:925} INFO - DAG(s) 'hello_world_dag' retrieved from /opt/airflow/dags/main_dag.py
[2025-03-06T18:45:56.189+0000] {logging_mixin.py:190} INFO - [2025-03-06T18:45:56.189+0000] {dag.py:3239} INFO - Sync 1 DAGs
[2025-03-06T18:45:56.197+0000] {logging_mixin.py:190} INFO - [2025-03-06T18:45:56.197+0000] {dag.py:4180} INFO - Setting next_dagrun for hello_world_dag to None, run_after=None
[2025-03-06T18:45:56.204+0000] {processor.py:208} INFO - Processing /opt/airflow/dags/main_dag.py took 0.057 seconds
[2025-03-06T18:46:26.604+0000] {processor.py:186} INFO - Started process (PID=160) to work on /opt/airflow/dags/main_dag.py
[2025-03-06T18:46:26.605+0000] {processor.py:914} INFO - Processing file /opt/airflow/dags/main_dag.py for tasks to queue
[2025-03-06T18:46:26.606+0000] {logging_mixin.py:190} INFO - [2025-03-06T18:46:26.605+0000] {dagbag.py:588} INFO - Filling up the DagBag from /opt/airflow/dags/main_dag.py
[2025-03-06T18:46:26.623+0000] {processor.py:925} INFO - DAG(s) 'hello_world_dag' retrieved from /opt/airflow/dags/main_dag.py
[2025-03-06T18:46:26.630+0000] {logging_mixin.py:190} INFO - [2025-03-06T18:46:26.629+0000] {dag.py:3239} INFO - Sync 1 DAGs
[2025-03-06T18:46:26.636+0000] {logging_mixin.py:190} INFO - [2025-03-06T18:46:26.636+0000] {dag.py:4180} INFO - Setting next_dagrun for hello_world_dag to None, run_after=None
[2025-03-06T18:46:26.642+0000] {processor.py:208} INFO - Processing /opt/airflow/dags/main_dag.py took 0.042 seconds
[2025-03-06T18:46:57.128+0000] {processor.py:186} INFO - Started process (PID=169) to work on /opt/airflow/dags/main_dag.py
[2025-03-06T18:46:57.130+0000] {processor.py:914} INFO - Processing file /opt/airflow/dags/main_dag.py for tasks to queue
[2025-03-06T18:46:57.131+0000] {logging_mixin.py:190} INFO - [2025-03-06T18:46:57.131+0000] {dagbag.py:588} INFO - Filling up the DagBag from /opt/airflow/dags/main_dag.py
[2025-03-06T18:46:57.143+0000] {processor.py:925} INFO - DAG(s) 'hello_world_dag' retrieved from /opt/airflow/dags/main_dag.py
[2025-03-06T18:46:57.150+0000] {logging_mixin.py:190} INFO - [2025-03-06T18:46:57.150+0000] {dag.py:3239} INFO - Sync 1 DAGs
[2025-03-06T18:46:57.157+0000] {logging_mixin.py:190} INFO - [2025-03-06T18:46:57.157+0000] {dag.py:4180} INFO - Setting next_dagrun for hello_world_dag to None, run_after=None
[2025-03-06T18:46:57.163+0000] {processor.py:208} INFO - Processing /opt/airflow/dags/main_dag.py took 0.040 seconds
[2025-03-06T18:47:27.508+0000] {processor.py:186} INFO - Started process (PID=178) to work on /opt/airflow/dags/main_dag.py
[2025-03-06T18:47:27.509+0000] {processor.py:914} INFO - Processing file /opt/airflow/dags/main_dag.py for tasks to queue
[2025-03-06T18:47:27.511+0000] {logging_mixin.py:190} INFO - [2025-03-06T18:47:27.511+0000] {dagbag.py:588} INFO - Filling up the DagBag from /opt/airflow/dags/main_dag.py
[2025-03-06T18:47:27.524+0000] {processor.py:925} INFO - DAG(s) 'hello_world_dag' retrieved from /opt/airflow/dags/main_dag.py
[2025-03-06T18:47:27.531+0000] {logging_mixin.py:190} INFO - [2025-03-06T18:47:27.531+0000] {dag.py:3239} INFO - Sync 1 DAGs
[2025-03-06T18:47:27.537+0000] {logging_mixin.py:190} INFO - [2025-03-06T18:47:27.537+0000] {dag.py:4180} INFO - Setting next_dagrun for hello_world_dag to None, run_after=None
[2025-03-06T18:47:27.543+0000] {processor.py:208} INFO - Processing /opt/airflow/dags/main_dag.py took 0.038 seconds
[2025-03-06T18:47:57.966+0000] {processor.py:186} INFO - Started process (PID=187) to work on /opt/airflow/dags/main_dag.py
[2025-03-06T18:47:57.967+0000] {processor.py:914} INFO - Processing file /opt/airflow/dags/main_dag.py for tasks to queue
[2025-03-06T18:47:57.968+0000] {logging_mixin.py:190} INFO - [2025-03-06T18:47:57.968+0000] {dagbag.py:588} INFO - Filling up the DagBag from /opt/airflow/dags/main_dag.py
[2025-03-06T18:47:57.986+0000] {processor.py:925} INFO - DAG(s) 'hello_world_dag' retrieved from /opt/airflow/dags/main_dag.py
[2025-03-06T18:47:57.992+0000] {logging_mixin.py:190} INFO - [2025-03-06T18:47:57.992+0000] {dag.py:3239} INFO - Sync 1 DAGs
[2025-03-06T18:47:57.998+0000] {logging_mixin.py:190} INFO - [2025-03-06T18:47:57.998+0000] {dag.py:4180} INFO - Setting next_dagrun for hello_world_dag to None, run_after=None
[2025-03-06T18:47:58.004+0000] {processor.py:208} INFO - Processing /opt/airflow/dags/main_dag.py took 0.044 seconds
[2025-03-06T18:48:28.462+0000] {processor.py:186} INFO - Started process (PID=196) to work on /opt/airflow/dags/main_dag.py
[2025-03-06T18:48:28.464+0000] {processor.py:914} INFO - Processing file /opt/airflow/dags/main_dag.py for tasks to queue
[2025-03-06T18:48:28.465+0000] {logging_mixin.py:190} INFO - [2025-03-06T18:48:28.465+0000] {dagbag.py:588} INFO - Filling up the DagBag from /opt/airflow/dags/main_dag.py
[2025-03-06T18:48:28.479+0000] {processor.py:925} INFO - DAG(s) 'hello_world_dag' retrieved from /opt/airflow/dags/main_dag.py
[2025-03-06T18:48:28.485+0000] {logging_mixin.py:190} INFO - [2025-03-06T18:48:28.485+0000] {dag.py:3239} INFO - Sync 1 DAGs
[2025-03-06T18:48:28.491+0000] {logging_mixin.py:190} INFO - [2025-03-06T18:48:28.491+0000] {dag.py:4180} INFO - Setting next_dagrun for hello_world_dag to None, run_after=None
[2025-03-06T18:48:28.497+0000] {processor.py:208} INFO - Processing /opt/airflow/dags/main_dag.py took 0.041 seconds
[2025-03-06T18:48:58.958+0000] {processor.py:186} INFO - Started process (PID=205) to work on /opt/airflow/dags/main_dag.py
[2025-03-06T18:48:58.959+0000] {processor.py:914} INFO - Processing file /opt/airflow/dags/main_dag.py for tasks to queue
[2025-03-06T18:48:58.960+0000] {logging_mixin.py:190} INFO - [2025-03-06T18:48:58.960+0000] {dagbag.py:588} INFO - Filling up the DagBag from /opt/airflow/dags/main_dag.py
[2025-03-06T18:48:58.981+0000] {processor.py:925} INFO - DAG(s) 'hello_world_dag' retrieved from /opt/airflow/dags/main_dag.py
[2025-03-06T18:48:58.987+0000] {logging_mixin.py:190} INFO - [2025-03-06T18:48:58.987+0000] {dag.py:3239} INFO - Sync 1 DAGs
[2025-03-06T18:48:58.993+0000] {logging_mixin.py:190} INFO - [2025-03-06T18:48:58.993+0000] {dag.py:4180} INFO - Setting next_dagrun for hello_world_dag to None, run_after=None
[2025-03-06T18:48:58.999+0000] {processor.py:208} INFO - Processing /opt/airflow/dags/main_dag.py took 0.044 seconds
[2025-03-06T18:49:29.467+0000] {processor.py:186} INFO - Started process (PID=214) to work on /opt/airflow/dags/main_dag.py
[2025-03-06T18:49:29.468+0000] {processor.py:914} INFO - Processing file /opt/airflow/dags/main_dag.py for tasks to queue
[2025-03-06T18:49:29.469+0000] {logging_mixin.py:190} INFO - [2025-03-06T18:49:29.469+0000] {dagbag.py:588} INFO - Filling up the DagBag from /opt/airflow/dags/main_dag.py
[2025-03-06T18:49:29.488+0000] {processor.py:925} INFO - DAG(s) 'hello_world_dag' retrieved from /opt/airflow/dags/main_dag.py
[2025-03-06T18:49:29.494+0000] {logging_mixin.py:190} INFO - [2025-03-06T18:49:29.494+0000] {dag.py:3239} INFO - Sync 1 DAGs
[2025-03-06T18:49:29.499+0000] {logging_mixin.py:190} INFO - [2025-03-06T18:49:29.499+0000] {dag.py:4180} INFO - Setting next_dagrun for hello_world_dag to None, run_after=None
[2025-03-06T18:49:29.505+0000] {processor.py:208} INFO - Processing /opt/airflow/dags/main_dag.py took 0.041 seconds
[2025-03-06T18:49:59.909+0000] {processor.py:186} INFO - Started process (PID=223) to work on /opt/airflow/dags/main_dag.py
[2025-03-06T18:49:59.910+0000] {processor.py:914} INFO - Processing file /opt/airflow/dags/main_dag.py for tasks to queue
[2025-03-06T18:49:59.910+0000] {logging_mixin.py:190} INFO - [2025-03-06T18:49:59.910+0000] {dagbag.py:588} INFO - Filling up the DagBag from /opt/airflow/dags/main_dag.py
[2025-03-06T18:49:59.937+0000] {processor.py:925} INFO - DAG(s) 'hello_world_dag' retrieved from /opt/airflow/dags/main_dag.py
[2025-03-06T18:49:59.949+0000] {logging_mixin.py:190} INFO - [2025-03-06T18:49:59.949+0000] {dag.py:3239} INFO - Sync 1 DAGs
[2025-03-06T18:49:59.958+0000] {logging_mixin.py:190} INFO - [2025-03-06T18:49:59.958+0000] {dag.py:4180} INFO - Setting next_dagrun for hello_world_dag to None, run_after=None
[2025-03-06T18:49:59.966+0000] {processor.py:208} INFO - Processing /opt/airflow/dags/main_dag.py took 0.061 seconds
[2025-03-06T18:50:30.541+0000] {processor.py:186} INFO - Started process (PID=232) to work on /opt/airflow/dags/main_dag.py
[2025-03-06T18:50:30.542+0000] {processor.py:914} INFO - Processing file /opt/airflow/dags/main_dag.py for tasks to queue
[2025-03-06T18:50:30.543+0000] {logging_mixin.py:190} INFO - [2025-03-06T18:50:30.543+0000] {dagbag.py:588} INFO - Filling up the DagBag from /opt/airflow/dags/main_dag.py
[2025-03-06T18:50:30.560+0000] {processor.py:925} INFO - DAG(s) 'hello_world_dag' retrieved from /opt/airflow/dags/main_dag.py
[2025-03-06T18:50:30.570+0000] {logging_mixin.py:190} INFO - [2025-03-06T18:50:30.570+0000] {dag.py:3239} INFO - Sync 1 DAGs
[2025-03-06T18:50:30.576+0000] {logging_mixin.py:190} INFO - [2025-03-06T18:50:30.576+0000] {dag.py:4180} INFO - Setting next_dagrun for hello_world_dag to None, run_after=None
[2025-03-06T18:50:30.582+0000] {processor.py:208} INFO - Processing /opt/airflow/dags/main_dag.py took 0.046 seconds
[2025-03-06T18:51:00.999+0000] {processor.py:186} INFO - Started process (PID=241) to work on /opt/airflow/dags/main_dag.py
[2025-03-06T18:51:01.001+0000] {processor.py:914} INFO - Processing file /opt/airflow/dags/main_dag.py for tasks to queue
[2025-03-06T18:51:01.003+0000] {logging_mixin.py:190} INFO - [2025-03-06T18:51:01.002+0000] {dagbag.py:588} INFO - Filling up the DagBag from /opt/airflow/dags/main_dag.py
[2025-03-06T18:51:01.022+0000] {processor.py:925} INFO - DAG(s) 'hello_world_dag' retrieved from /opt/airflow/dags/main_dag.py
[2025-03-06T18:51:01.028+0000] {logging_mixin.py:190} INFO - [2025-03-06T18:51:01.028+0000] {dag.py:3239} INFO - Sync 1 DAGs
[2025-03-06T18:51:01.033+0000] {logging_mixin.py:190} INFO - [2025-03-06T18:51:01.033+0000] {dag.py:4180} INFO - Setting next_dagrun for hello_world_dag to None, run_after=None
[2025-03-06T18:51:01.041+0000] {processor.py:208} INFO - Processing /opt/airflow/dags/main_dag.py took 0.046 seconds
[2025-03-06T18:51:31.460+0000] {processor.py:186} INFO - Started process (PID=250) to work on /opt/airflow/dags/main_dag.py
[2025-03-06T18:51:31.461+0000] {processor.py:914} INFO - Processing file /opt/airflow/dags/main_dag.py for tasks to queue
[2025-03-06T18:51:31.461+0000] {logging_mixin.py:190} INFO - [2025-03-06T18:51:31.461+0000] {dagbag.py:588} INFO - Filling up the DagBag from /opt/airflow/dags/main_dag.py
[2025-03-06T18:51:31.484+0000] {processor.py:925} INFO - DAG(s) 'hello_world_dag' retrieved from /opt/airflow/dags/main_dag.py
[2025-03-06T18:51:31.493+0000] {logging_mixin.py:190} INFO - [2025-03-06T18:51:31.493+0000] {dag.py:3239} INFO - Sync 1 DAGs
[2025-03-06T18:51:31.498+0000] {logging_mixin.py:190} INFO - [2025-03-06T18:51:31.498+0000] {dag.py:4180} INFO - Setting next_dagrun for hello_world_dag to None, run_after=None
[2025-03-06T18:51:31.504+0000] {processor.py:208} INFO - Processing /opt/airflow/dags/main_dag.py took 0.049 seconds
[2025-03-06T19:07:26.834+0000] {processor.py:186} INFO - Started process (PID=259) to work on /opt/airflow/dags/main_dag.py
[2025-03-06T19:07:26.834+0000] {processor.py:914} INFO - Processing file /opt/airflow/dags/main_dag.py for tasks to queue
[2025-03-06T19:07:26.836+0000] {logging_mixin.py:190} INFO - [2025-03-06T19:07:26.835+0000] {dagbag.py:588} INFO - Filling up the DagBag from /opt/airflow/dags/main_dag.py
[2025-03-06T19:07:26.852+0000] {processor.py:925} INFO - DAG(s) 'hello_world_dag' retrieved from /opt/airflow/dags/main_dag.py
[2025-03-06T19:07:26.858+0000] {logging_mixin.py:190} INFO - [2025-03-06T19:07:26.857+0000] {dag.py:3239} INFO - Sync 1 DAGs
[2025-03-06T19:07:26.867+0000] {logging_mixin.py:190} INFO - [2025-03-06T19:07:26.867+0000] {dag.py:4180} INFO - Setting next_dagrun for hello_world_dag to None, run_after=None
[2025-03-06T19:07:26.874+0000] {processor.py:208} INFO - Processing /opt/airflow/dags/main_dag.py took 0.043 seconds
[2025-03-06T19:23:19.746+0000] {processor.py:186} INFO - Started process (PID=268) to work on /opt/airflow/dags/main_dag.py
[2025-03-06T19:23:19.746+0000] {processor.py:914} INFO - Processing file /opt/airflow/dags/main_dag.py for tasks to queue
[2025-03-06T19:23:19.748+0000] {logging_mixin.py:190} INFO - [2025-03-06T19:23:19.747+0000] {dagbag.py:588} INFO - Filling up the DagBag from /opt/airflow/dags/main_dag.py
[2025-03-06T19:23:19.759+0000] {processor.py:925} INFO - DAG(s) 'hello_world_dag' retrieved from /opt/airflow/dags/main_dag.py
[2025-03-06T19:23:19.766+0000] {logging_mixin.py:190} INFO - [2025-03-06T19:23:19.766+0000] {dag.py:3239} INFO - Sync 1 DAGs
[2025-03-06T19:23:19.773+0000] {logging_mixin.py:190} INFO - [2025-03-06T19:23:19.773+0000] {dag.py:4180} INFO - Setting next_dagrun for hello_world_dag to None, run_after=None
[2025-03-06T19:23:19.782+0000] {processor.py:208} INFO - Processing /opt/airflow/dags/main_dag.py took 0.039 seconds
[2025-03-06T19:23:50.167+0000] {processor.py:186} INFO - Started process (PID=277) to work on /opt/airflow/dags/main_dag.py
[2025-03-06T19:23:50.169+0000] {processor.py:914} INFO - Processing file /opt/airflow/dags/main_dag.py for tasks to queue
[2025-03-06T19:23:50.170+0000] {logging_mixin.py:190} INFO - [2025-03-06T19:23:50.170+0000] {dagbag.py:588} INFO - Filling up the DagBag from /opt/airflow/dags/main_dag.py
[2025-03-06T19:23:50.183+0000] {processor.py:925} INFO - DAG(s) 'hello_world_dag' retrieved from /opt/airflow/dags/main_dag.py
[2025-03-06T19:23:50.191+0000] {logging_mixin.py:190} INFO - [2025-03-06T19:23:50.191+0000] {dag.py:3239} INFO - Sync 1 DAGs
[2025-03-06T19:23:50.197+0000] {logging_mixin.py:190} INFO - [2025-03-06T19:23:50.197+0000] {dag.py:4180} INFO - Setting next_dagrun for hello_world_dag to None, run_after=None
[2025-03-06T19:23:50.203+0000] {processor.py:208} INFO - Processing /opt/airflow/dags/main_dag.py took 0.040 seconds
[2025-03-06T19:39:45.353+0000] {processor.py:186} INFO - Started process (PID=286) to work on /opt/airflow/dags/main_dag.py
[2025-03-06T19:39:45.354+0000] {processor.py:914} INFO - Processing file /opt/airflow/dags/main_dag.py for tasks to queue
[2025-03-06T19:39:45.355+0000] {logging_mixin.py:190} INFO - [2025-03-06T19:39:45.355+0000] {dagbag.py:588} INFO - Filling up the DagBag from /opt/airflow/dags/main_dag.py
[2025-03-06T19:39:45.378+0000] {processor.py:925} INFO - DAG(s) 'hello_world_dag' retrieved from /opt/airflow/dags/main_dag.py
[2025-03-06T19:39:45.386+0000] {logging_mixin.py:190} INFO - [2025-03-06T19:39:45.386+0000] {dag.py:3239} INFO - Sync 1 DAGs
[2025-03-06T19:39:45.393+0000] {logging_mixin.py:190} INFO - [2025-03-06T19:39:45.393+0000] {dag.py:4180} INFO - Setting next_dagrun for hello_world_dag to None, run_after=None
[2025-03-06T19:39:45.399+0000] {processor.py:208} INFO - Processing /opt/airflow/dags/main_dag.py took 0.052 seconds
[2025-03-06T19:55:14.042+0000] {processor.py:186} INFO - Started process (PID=295) to work on /opt/airflow/dags/main_dag.py
[2025-03-06T19:55:14.044+0000] {processor.py:914} INFO - Processing file /opt/airflow/dags/main_dag.py for tasks to queue
[2025-03-06T19:55:14.044+0000] {logging_mixin.py:190} INFO - [2025-03-06T19:55:14.044+0000] {dagbag.py:588} INFO - Filling up the DagBag from /opt/airflow/dags/main_dag.py
[2025-03-06T19:55:14.061+0000] {processor.py:925} INFO - DAG(s) 'hello_world_dag' retrieved from /opt/airflow/dags/main_dag.py
[2025-03-06T19:55:14.067+0000] {logging_mixin.py:190} INFO - [2025-03-06T19:55:14.067+0000] {dag.py:3239} INFO - Sync 1 DAGs
[2025-03-06T19:55:14.073+0000] {logging_mixin.py:190} INFO - [2025-03-06T19:55:14.073+0000] {dag.py:4180} INFO - Setting next_dagrun for hello_world_dag to None, run_after=None
[2025-03-06T19:55:14.079+0000] {processor.py:208} INFO - Processing /opt/airflow/dags/main_dag.py took 0.042 seconds
[2025-03-06T20:11:00.468+0000] {processor.py:186} INFO - Started process (PID=304) to work on /opt/airflow/dags/main_dag.py
[2025-03-06T20:11:00.469+0000] {processor.py:914} INFO - Processing file /opt/airflow/dags/main_dag.py for tasks to queue
[2025-03-06T20:11:00.470+0000] {logging_mixin.py:190} INFO - [2025-03-06T20:11:00.470+0000] {dagbag.py:588} INFO - Filling up the DagBag from /opt/airflow/dags/main_dag.py
[2025-03-06T20:11:00.491+0000] {processor.py:925} INFO - DAG(s) 'hello_world_dag' retrieved from /opt/airflow/dags/main_dag.py
[2025-03-06T20:11:00.497+0000] {logging_mixin.py:190} INFO - [2025-03-06T20:11:00.497+0000] {dag.py:3239} INFO - Sync 1 DAGs
[2025-03-06T20:11:00.503+0000] {logging_mixin.py:190} INFO - [2025-03-06T20:11:00.503+0000] {dag.py:4180} INFO - Setting next_dagrun for hello_world_dag to None, run_after=None
[2025-03-06T20:11:00.509+0000] {processor.py:208} INFO - Processing /opt/airflow/dags/main_dag.py took 0.045 seconds
[2025-03-06T20:11:30.915+0000] {processor.py:186} INFO - Started process (PID=313) to work on /opt/airflow/dags/main_dag.py
[2025-03-06T20:11:30.916+0000] {processor.py:914} INFO - Processing file /opt/airflow/dags/main_dag.py for tasks to queue
[2025-03-06T20:11:30.918+0000] {logging_mixin.py:190} INFO - [2025-03-06T20:11:30.917+0000] {dagbag.py:588} INFO - Filling up the DagBag from /opt/airflow/dags/main_dag.py
[2025-03-06T20:11:30.938+0000] {processor.py:925} INFO - DAG(s) 'hello_world_dag' retrieved from /opt/airflow/dags/main_dag.py
[2025-03-06T20:11:30.945+0000] {logging_mixin.py:190} INFO - [2025-03-06T20:11:30.945+0000] {dag.py:3239} INFO - Sync 1 DAGs
[2025-03-06T20:11:30.950+0000] {logging_mixin.py:190} INFO - [2025-03-06T20:11:30.950+0000] {dag.py:4180} INFO - Setting next_dagrun for hello_world_dag to None, run_after=None
[2025-03-06T20:11:30.956+0000] {processor.py:208} INFO - Processing /opt/airflow/dags/main_dag.py took 0.045 seconds
[2025-03-06T20:27:26.253+0000] {processor.py:186} INFO - Started process (PID=322) to work on /opt/airflow/dags/main_dag.py
[2025-03-06T20:27:26.254+0000] {processor.py:914} INFO - Processing file /opt/airflow/dags/main_dag.py for tasks to queue
[2025-03-06T20:27:26.255+0000] {logging_mixin.py:190} INFO - [2025-03-06T20:27:26.255+0000] {dagbag.py:588} INFO - Filling up the DagBag from /opt/airflow/dags/main_dag.py
[2025-03-06T20:27:26.269+0000] {processor.py:925} INFO - DAG(s) 'hello_world_dag' retrieved from /opt/airflow/dags/main_dag.py
[2025-03-06T20:27:26.275+0000] {logging_mixin.py:190} INFO - [2025-03-06T20:27:26.275+0000] {dag.py:3239} INFO - Sync 1 DAGs
[2025-03-06T20:27:26.280+0000] {logging_mixin.py:190} INFO - [2025-03-06T20:27:26.280+0000] {dag.py:4180} INFO - Setting next_dagrun for hello_world_dag to None, run_after=None
[2025-03-06T20:27:26.286+0000] {processor.py:208} INFO - Processing /opt/airflow/dags/main_dag.py took 0.046 seconds
[2025-03-06T20:43:06.935+0000] {processor.py:186} INFO - Started process (PID=331) to work on /opt/airflow/dags/main_dag.py
[2025-03-06T20:43:06.936+0000] {processor.py:914} INFO - Processing file /opt/airflow/dags/main_dag.py for tasks to queue
[2025-03-06T20:43:06.937+0000] {logging_mixin.py:190} INFO - [2025-03-06T20:43:06.937+0000] {dagbag.py:588} INFO - Filling up the DagBag from /opt/airflow/dags/main_dag.py
[2025-03-06T20:43:06.954+0000] {processor.py:925} INFO - DAG(s) 'hello_world_dag' retrieved from /opt/airflow/dags/main_dag.py
[2025-03-06T20:43:06.961+0000] {logging_mixin.py:190} INFO - [2025-03-06T20:43:06.961+0000] {dag.py:3239} INFO - Sync 1 DAGs
[2025-03-06T20:43:06.966+0000] {logging_mixin.py:190} INFO - [2025-03-06T20:43:06.966+0000] {dag.py:4180} INFO - Setting next_dagrun for hello_world_dag to None, run_after=None
[2025-03-06T20:43:06.972+0000] {processor.py:208} INFO - Processing /opt/airflow/dags/main_dag.py took 0.040 seconds
[2025-03-06T20:43:37.316+0000] {processor.py:186} INFO - Started process (PID=340) to work on /opt/airflow/dags/main_dag.py
[2025-03-06T20:43:37.317+0000] {processor.py:914} INFO - Processing file /opt/airflow/dags/main_dag.py for tasks to queue
[2025-03-06T20:43:37.318+0000] {logging_mixin.py:190} INFO - [2025-03-06T20:43:37.318+0000] {dagbag.py:588} INFO - Filling up the DagBag from /opt/airflow/dags/main_dag.py
[2025-03-06T20:43:37.333+0000] {processor.py:925} INFO - DAG(s) 'hello_world_dag' retrieved from /opt/airflow/dags/main_dag.py
[2025-03-06T20:43:37.339+0000] {logging_mixin.py:190} INFO - [2025-03-06T20:43:37.339+0000] {dag.py:3239} INFO - Sync 1 DAGs
[2025-03-06T20:43:37.346+0000] {logging_mixin.py:190} INFO - [2025-03-06T20:43:37.346+0000] {dag.py:4180} INFO - Setting next_dagrun for hello_world_dag to None, run_after=None
[2025-03-06T20:43:37.352+0000] {processor.py:208} INFO - Processing /opt/airflow/dags/main_dag.py took 0.039 seconds
[2025-03-06T20:52:54.686+0000] {processor.py:186} INFO - Started process (PID=349) to work on /opt/airflow/dags/main_dag.py
[2025-03-06T20:52:54.687+0000] {processor.py:914} INFO - Processing file /opt/airflow/dags/main_dag.py for tasks to queue
[2025-03-06T20:52:54.688+0000] {logging_mixin.py:190} INFO - [2025-03-06T20:52:54.688+0000] {dagbag.py:588} INFO - Filling up the DagBag from /opt/airflow/dags/main_dag.py
[2025-03-06T20:52:54.710+0000] {processor.py:925} INFO - DAG(s) 'hello_world_dag' retrieved from /opt/airflow/dags/main_dag.py
[2025-03-06T20:52:54.717+0000] {logging_mixin.py:190} INFO - [2025-03-06T20:52:54.717+0000] {dag.py:3239} INFO - Sync 1 DAGs
[2025-03-06T20:52:54.723+0000] {logging_mixin.py:190} INFO - [2025-03-06T20:52:54.723+0000] {dag.py:4180} INFO - Setting next_dagrun for hello_world_dag to None, run_after=None
[2025-03-06T20:52:54.729+0000] {processor.py:208} INFO - Processing /opt/airflow/dags/main_dag.py took 0.048 seconds
[2025-03-06T21:08:50.075+0000] {processor.py:186} INFO - Started process (PID=358) to work on /opt/airflow/dags/main_dag.py
[2025-03-06T21:08:50.077+0000] {processor.py:914} INFO - Processing file /opt/airflow/dags/main_dag.py for tasks to queue
[2025-03-06T21:08:50.077+0000] {logging_mixin.py:190} INFO - [2025-03-06T21:08:50.077+0000] {dagbag.py:588} INFO - Filling up the DagBag from /opt/airflow/dags/main_dag.py
[2025-03-06T21:08:50.097+0000] {processor.py:925} INFO - DAG(s) 'hello_world_dag' retrieved from /opt/airflow/dags/main_dag.py
[2025-03-06T21:08:50.102+0000] {logging_mixin.py:190} INFO - [2025-03-06T21:08:50.102+0000] {dag.py:3239} INFO - Sync 1 DAGs
[2025-03-06T21:08:50.109+0000] {logging_mixin.py:190} INFO - [2025-03-06T21:08:50.108+0000] {dag.py:4180} INFO - Setting next_dagrun for hello_world_dag to None, run_after=None
[2025-03-06T21:08:50.114+0000] {processor.py:208} INFO - Processing /opt/airflow/dags/main_dag.py took 0.043 seconds
[2025-03-06T21:09:20.539+0000] {processor.py:186} INFO - Started process (PID=367) to work on /opt/airflow/dags/main_dag.py
[2025-03-06T21:09:20.540+0000] {processor.py:914} INFO - Processing file /opt/airflow/dags/main_dag.py for tasks to queue
[2025-03-06T21:09:20.541+0000] {logging_mixin.py:190} INFO - [2025-03-06T21:09:20.541+0000] {dagbag.py:588} INFO - Filling up the DagBag from /opt/airflow/dags/main_dag.py
[2025-03-06T21:09:20.557+0000] {processor.py:925} INFO - DAG(s) 'hello_world_dag' retrieved from /opt/airflow/dags/main_dag.py
[2025-03-06T21:09:20.563+0000] {logging_mixin.py:190} INFO - [2025-03-06T21:09:20.563+0000] {dag.py:3239} INFO - Sync 1 DAGs
[2025-03-06T21:09:20.569+0000] {logging_mixin.py:190} INFO - [2025-03-06T21:09:20.569+0000] {dag.py:4180} INFO - Setting next_dagrun for hello_world_dag to None, run_after=None
[2025-03-06T21:09:20.575+0000] {processor.py:208} INFO - Processing /opt/airflow/dags/main_dag.py took 0.045 seconds
[2025-03-06T21:25:14.816+0000] {processor.py:186} INFO - Started process (PID=376) to work on /opt/airflow/dags/main_dag.py
[2025-03-06T21:25:14.818+0000] {processor.py:914} INFO - Processing file /opt/airflow/dags/main_dag.py for tasks to queue
[2025-03-06T21:25:14.819+0000] {logging_mixin.py:190} INFO - [2025-03-06T21:25:14.819+0000] {dagbag.py:588} INFO - Filling up the DagBag from /opt/airflow/dags/main_dag.py
[2025-03-06T21:25:14.830+0000] {processor.py:925} INFO - DAG(s) 'hello_world_dag' retrieved from /opt/airflow/dags/main_dag.py
[2025-03-06T21:25:14.837+0000] {logging_mixin.py:190} INFO - [2025-03-06T21:25:14.837+0000] {dag.py:3239} INFO - Sync 1 DAGs
[2025-03-06T21:25:14.844+0000] {logging_mixin.py:190} INFO - [2025-03-06T21:25:14.843+0000] {dag.py:4180} INFO - Setting next_dagrun for hello_world_dag to None, run_after=None
[2025-03-06T21:25:14.850+0000] {processor.py:208} INFO - Processing /opt/airflow/dags/main_dag.py took 0.038 seconds
[2025-03-06T21:41:05.524+0000] {processor.py:186} INFO - Started process (PID=385) to work on /opt/airflow/dags/main_dag.py
[2025-03-06T21:41:05.526+0000] {processor.py:914} INFO - Processing file /opt/airflow/dags/main_dag.py for tasks to queue
[2025-03-06T21:41:05.527+0000] {logging_mixin.py:190} INFO - [2025-03-06T21:41:05.526+0000] {dagbag.py:588} INFO - Filling up the DagBag from /opt/airflow/dags/main_dag.py
[2025-03-06T21:41:05.538+0000] {processor.py:925} INFO - DAG(s) 'hello_world_dag' retrieved from /opt/airflow/dags/main_dag.py
[2025-03-06T21:41:05.546+0000] {logging_mixin.py:190} INFO - [2025-03-06T21:41:05.546+0000] {dag.py:3239} INFO - Sync 1 DAGs
[2025-03-06T21:41:05.552+0000] {logging_mixin.py:190} INFO - [2025-03-06T21:41:05.552+0000] {dag.py:4180} INFO - Setting next_dagrun for hello_world_dag to None, run_after=None
[2025-03-06T21:41:05.562+0000] {processor.py:208} INFO - Processing /opt/airflow/dags/main_dag.py took 0.043 seconds
[2025-03-06T21:57:00.753+0000] {processor.py:186} INFO - Started process (PID=394) to work on /opt/airflow/dags/main_dag.py
[2025-03-06T21:57:00.754+0000] {processor.py:914} INFO - Processing file /opt/airflow/dags/main_dag.py for tasks to queue
[2025-03-06T21:57:00.755+0000] {logging_mixin.py:190} INFO - [2025-03-06T21:57:00.755+0000] {dagbag.py:588} INFO - Filling up the DagBag from /opt/airflow/dags/main_dag.py
[2025-03-06T21:57:00.789+0000] {processor.py:925} INFO - DAG(s) 'hello_world_dag' retrieved from /opt/airflow/dags/main_dag.py
[2025-03-06T21:57:00.801+0000] {logging_mixin.py:190} INFO - [2025-03-06T21:57:00.801+0000] {dag.py:3239} INFO - Sync 1 DAGs
[2025-03-06T21:57:00.816+0000] {logging_mixin.py:190} INFO - [2025-03-06T21:57:00.815+0000] {dag.py:4180} INFO - Setting next_dagrun for hello_world_dag to None, run_after=None
[2025-03-06T21:57:00.826+0000] {processor.py:208} INFO - Processing /opt/airflow/dags/main_dag.py took 0.077 seconds
[2025-03-06T21:57:31.221+0000] {processor.py:186} INFO - Started process (PID=403) to work on /opt/airflow/dags/main_dag.py
[2025-03-06T21:57:31.223+0000] {processor.py:914} INFO - Processing file /opt/airflow/dags/main_dag.py for tasks to queue
[2025-03-06T21:57:31.224+0000] {logging_mixin.py:190} INFO - [2025-03-06T21:57:31.223+0000] {dagbag.py:588} INFO - Filling up the DagBag from /opt/airflow/dags/main_dag.py
[2025-03-06T21:57:31.237+0000] {processor.py:925} INFO - DAG(s) 'hello_world_dag' retrieved from /opt/airflow/dags/main_dag.py
[2025-03-06T21:57:31.243+0000] {logging_mixin.py:190} INFO - [2025-03-06T21:57:31.243+0000] {dag.py:3239} INFO - Sync 1 DAGs
[2025-03-06T21:57:31.249+0000] {logging_mixin.py:190} INFO - [2025-03-06T21:57:31.249+0000] {dag.py:4180} INFO - Setting next_dagrun for hello_world_dag to None, run_after=None
[2025-03-06T21:57:31.255+0000] {processor.py:208} INFO - Processing /opt/airflow/dags/main_dag.py took 0.043 seconds
[2025-03-06T22:13:26.426+0000] {processor.py:186} INFO - Started process (PID=412) to work on /opt/airflow/dags/main_dag.py
[2025-03-06T22:13:26.429+0000] {processor.py:914} INFO - Processing file /opt/airflow/dags/main_dag.py for tasks to queue
[2025-03-06T22:13:26.430+0000] {logging_mixin.py:190} INFO - [2025-03-06T22:13:26.430+0000] {dagbag.py:588} INFO - Filling up the DagBag from /opt/airflow/dags/main_dag.py
[2025-03-06T22:13:26.446+0000] {processor.py:925} INFO - DAG(s) 'hello_world_dag' retrieved from /opt/airflow/dags/main_dag.py
[2025-03-06T22:13:26.455+0000] {logging_mixin.py:190} INFO - [2025-03-06T22:13:26.455+0000] {dag.py:3239} INFO - Sync 1 DAGs
[2025-03-06T22:13:26.462+0000] {logging_mixin.py:190} INFO - [2025-03-06T22:13:26.462+0000] {dag.py:4180} INFO - Setting next_dagrun for hello_world_dag to None, run_after=None
[2025-03-06T22:13:26.468+0000] {processor.py:208} INFO - Processing /opt/airflow/dags/main_dag.py took 0.046 seconds
[2025-03-06T22:29:22.626+0000] {processor.py:186} INFO - Started process (PID=421) to work on /opt/airflow/dags/main_dag.py
[2025-03-06T22:29:22.627+0000] {processor.py:914} INFO - Processing file /opt/airflow/dags/main_dag.py for tasks to queue
[2025-03-06T22:29:22.628+0000] {logging_mixin.py:190} INFO - [2025-03-06T22:29:22.628+0000] {dagbag.py:588} INFO - Filling up the DagBag from /opt/airflow/dags/main_dag.py
[2025-03-06T22:29:22.647+0000] {processor.py:925} INFO - DAG(s) 'hello_world_dag' retrieved from /opt/airflow/dags/main_dag.py
[2025-03-06T22:29:22.654+0000] {logging_mixin.py:190} INFO - [2025-03-06T22:29:22.654+0000] {dag.py:3239} INFO - Sync 1 DAGs
[2025-03-06T22:29:22.661+0000] {logging_mixin.py:190} INFO - [2025-03-06T22:29:22.661+0000] {dag.py:4180} INFO - Setting next_dagrun for hello_world_dag to None, run_after=None
[2025-03-06T22:29:22.667+0000] {processor.py:208} INFO - Processing /opt/airflow/dags/main_dag.py took 0.044 seconds
[2025-03-06T22:29:53.092+0000] {processor.py:186} INFO - Started process (PID=430) to work on /opt/airflow/dags/main_dag.py
[2025-03-06T22:29:53.094+0000] {processor.py:914} INFO - Processing file /opt/airflow/dags/main_dag.py for tasks to queue
[2025-03-06T22:29:53.096+0000] {logging_mixin.py:190} INFO - [2025-03-06T22:29:53.096+0000] {dagbag.py:588} INFO - Filling up the DagBag from /opt/airflow/dags/main_dag.py
[2025-03-06T22:29:53.118+0000] {processor.py:925} INFO - DAG(s) 'hello_world_dag' retrieved from /opt/airflow/dags/main_dag.py
[2025-03-06T22:29:53.124+0000] {logging_mixin.py:190} INFO - [2025-03-06T22:29:53.123+0000] {dag.py:3239} INFO - Sync 1 DAGs
[2025-03-06T22:29:53.130+0000] {logging_mixin.py:190} INFO - [2025-03-06T22:29:53.130+0000] {dag.py:4180} INFO - Setting next_dagrun for hello_world_dag to None, run_after=None
[2025-03-06T22:29:53.136+0000] {processor.py:208} INFO - Processing /opt/airflow/dags/main_dag.py took 0.049 seconds
[2025-03-06T22:45:47.621+0000] {processor.py:186} INFO - Started process (PID=439) to work on /opt/airflow/dags/main_dag.py
[2025-03-06T22:45:47.622+0000] {processor.py:914} INFO - Processing file /opt/airflow/dags/main_dag.py for tasks to queue
[2025-03-06T22:45:47.626+0000] {logging_mixin.py:190} INFO - [2025-03-06T22:45:47.625+0000] {dagbag.py:588} INFO - Filling up the DagBag from /opt/airflow/dags/main_dag.py
[2025-03-06T22:45:47.646+0000] {processor.py:925} INFO - DAG(s) 'hello_world_dag' retrieved from /opt/airflow/dags/main_dag.py
[2025-03-06T22:45:47.655+0000] {logging_mixin.py:190} INFO - [2025-03-06T22:45:47.655+0000] {dag.py:3239} INFO - Sync 1 DAGs
[2025-03-06T22:45:47.667+0000] {logging_mixin.py:190} INFO - [2025-03-06T22:45:47.667+0000] {dag.py:4180} INFO - Setting next_dagrun for hello_world_dag to None, run_after=None
[2025-03-06T22:45:47.679+0000] {processor.py:208} INFO - Processing /opt/airflow/dags/main_dag.py took 0.061 seconds
[2025-03-06T23:01:23.970+0000] {processor.py:186} INFO - Started process (PID=448) to work on /opt/airflow/dags/main_dag.py
[2025-03-06T23:01:23.971+0000] {processor.py:914} INFO - Processing file /opt/airflow/dags/main_dag.py for tasks to queue
[2025-03-06T23:01:23.973+0000] {logging_mixin.py:190} INFO - [2025-03-06T23:01:23.972+0000] {dagbag.py:588} INFO - Filling up the DagBag from /opt/airflow/dags/main_dag.py
[2025-03-06T23:01:23.985+0000] {processor.py:925} INFO - DAG(s) 'hello_world_dag' retrieved from /opt/airflow/dags/main_dag.py
[2025-03-06T23:01:23.992+0000] {logging_mixin.py:190} INFO - [2025-03-06T23:01:23.992+0000] {dag.py:3239} INFO - Sync 1 DAGs
[2025-03-06T23:01:23.998+0000] {logging_mixin.py:190} INFO - [2025-03-06T23:01:23.998+0000] {dag.py:4180} INFO - Setting next_dagrun for hello_world_dag to None, run_after=None
[2025-03-06T23:01:24.004+0000] {processor.py:208} INFO - Processing /opt/airflow/dags/main_dag.py took 0.037 seconds
[2025-03-06T23:01:54.456+0000] {processor.py:186} INFO - Started process (PID=457) to work on /opt/airflow/dags/main_dag.py
[2025-03-06T23:01:54.457+0000] {processor.py:914} INFO - Processing file /opt/airflow/dags/main_dag.py for tasks to queue
[2025-03-06T23:01:54.459+0000] {logging_mixin.py:190} INFO - [2025-03-06T23:01:54.458+0000] {dagbag.py:588} INFO - Filling up the DagBag from /opt/airflow/dags/main_dag.py
[2025-03-06T23:01:54.490+0000] {processor.py:925} INFO - DAG(s) 'hello_world_dag' retrieved from /opt/airflow/dags/main_dag.py
[2025-03-06T23:01:54.497+0000] {logging_mixin.py:190} INFO - [2025-03-06T23:01:54.497+0000] {dag.py:3239} INFO - Sync 1 DAGs
[2025-03-06T23:01:54.503+0000] {logging_mixin.py:190} INFO - [2025-03-06T23:01:54.503+0000] {dag.py:4180} INFO - Setting next_dagrun for hello_world_dag to None, run_after=None
[2025-03-06T23:01:54.512+0000] {processor.py:208} INFO - Processing /opt/airflow/dags/main_dag.py took 0.061 seconds
[2025-03-06T23:17:49.606+0000] {processor.py:186} INFO - Started process (PID=466) to work on /opt/airflow/dags/main_dag.py
[2025-03-06T23:17:49.608+0000] {processor.py:914} INFO - Processing file /opt/airflow/dags/main_dag.py for tasks to queue
[2025-03-06T23:17:49.609+0000] {logging_mixin.py:190} INFO - [2025-03-06T23:17:49.608+0000] {dagbag.py:588} INFO - Filling up the DagBag from /opt/airflow/dags/main_dag.py
[2025-03-06T23:17:49.632+0000] {processor.py:925} INFO - DAG(s) 'hello_world_dag' retrieved from /opt/airflow/dags/main_dag.py
[2025-03-06T23:17:49.638+0000] {logging_mixin.py:190} INFO - [2025-03-06T23:17:49.638+0000] {dag.py:3239} INFO - Sync 1 DAGs
[2025-03-06T23:17:49.645+0000] {logging_mixin.py:190} INFO - [2025-03-06T23:17:49.645+0000] {dag.py:4180} INFO - Setting next_dagrun for hello_world_dag to None, run_after=None
[2025-03-06T23:17:49.650+0000] {processor.py:208} INFO - Processing /opt/airflow/dags/main_dag.py took 0.050 seconds
[2025-03-06T23:33:45.492+0000] {processor.py:186} INFO - Started process (PID=475) to work on /opt/airflow/dags/main_dag.py
[2025-03-06T23:33:45.493+0000] {processor.py:914} INFO - Processing file /opt/airflow/dags/main_dag.py for tasks to queue
[2025-03-06T23:33:45.494+0000] {logging_mixin.py:190} INFO - [2025-03-06T23:33:45.494+0000] {dagbag.py:588} INFO - Filling up the DagBag from /opt/airflow/dags/main_dag.py
[2025-03-06T23:33:45.522+0000] {processor.py:925} INFO - DAG(s) 'hello_world_dag' retrieved from /opt/airflow/dags/main_dag.py
[2025-03-06T23:33:45.528+0000] {logging_mixin.py:190} INFO - [2025-03-06T23:33:45.528+0000] {dag.py:3239} INFO - Sync 1 DAGs
[2025-03-06T23:33:45.534+0000] {logging_mixin.py:190} INFO - [2025-03-06T23:33:45.534+0000] {dag.py:4180} INFO - Setting next_dagrun for hello_world_dag to None, run_after=None
[2025-03-06T23:33:45.540+0000] {processor.py:208} INFO - Processing /opt/airflow/dags/main_dag.py took 0.054 seconds
[2025-03-06T23:49:20.966+0000] {processor.py:186} INFO - Started process (PID=484) to work on /opt/airflow/dags/main_dag.py
[2025-03-06T23:49:20.969+0000] {processor.py:914} INFO - Processing file /opt/airflow/dags/main_dag.py for tasks to queue
[2025-03-06T23:49:20.970+0000] {logging_mixin.py:190} INFO - [2025-03-06T23:49:20.970+0000] {dagbag.py:588} INFO - Filling up the DagBag from /opt/airflow/dags/main_dag.py
[2025-03-06T23:49:20.987+0000] {processor.py:925} INFO - DAG(s) 'hello_world_dag' retrieved from /opt/airflow/dags/main_dag.py
[2025-03-06T23:49:20.994+0000] {logging_mixin.py:190} INFO - [2025-03-06T23:49:20.994+0000] {dag.py:3239} INFO - Sync 1 DAGs
[2025-03-06T23:49:21.000+0000] {logging_mixin.py:190} INFO - [2025-03-06T23:49:21.000+0000] {dag.py:4180} INFO - Setting next_dagrun for hello_world_dag to None, run_after=None
[2025-03-06T23:49:21.007+0000] {processor.py:208} INFO - Processing /opt/airflow/dags/main_dag.py took 0.046 seconds
[2025-03-06T23:49:51.469+0000] {processor.py:186} INFO - Started process (PID=493) to work on /opt/airflow/dags/main_dag.py
[2025-03-06T23:49:51.470+0000] {processor.py:914} INFO - Processing file /opt/airflow/dags/main_dag.py for tasks to queue
[2025-03-06T23:49:51.471+0000] {logging_mixin.py:190} INFO - [2025-03-06T23:49:51.471+0000] {dagbag.py:588} INFO - Filling up the DagBag from /opt/airflow/dags/main_dag.py
[2025-03-06T23:49:51.491+0000] {processor.py:925} INFO - DAG(s) 'hello_world_dag' retrieved from /opt/airflow/dags/main_dag.py
[2025-03-06T23:49:51.498+0000] {logging_mixin.py:190} INFO - [2025-03-06T23:49:51.498+0000] {dag.py:3239} INFO - Sync 1 DAGs
[2025-03-06T23:49:51.504+0000] {logging_mixin.py:190} INFO - [2025-03-06T23:49:51.504+0000] {dag.py:4180} INFO - Setting next_dagrun for hello_world_dag to None, run_after=None
[2025-03-06T23:49:51.510+0000] {processor.py:208} INFO - Processing /opt/airflow/dags/main_dag.py took 0.049 seconds
