[2025-03-06T17:40:55.180+0000] {processor.py:186} INFO - Started process (PID=47) to work on /opt/airflow/dags/second_dag.py
[2025-03-06T17:40:55.184+0000] {processor.py:914} INFO - Processing file /opt/airflow/dags/second_dag.py for tasks to queue
[2025-03-06T17:40:55.191+0000] {logging_mixin.py:190} INFO - [2025-03-06T17:40:55.190+0000] {dagbag.py:588} INFO - Filling up the DagBag from /opt/airflow/dags/second_dag.py
[2025-03-06T17:40:55.217+0000] {processor.py:925} INFO - DAG(s) 'second_dag' retrieved from /opt/airflow/dags/second_dag.py
[2025-03-06T17:40:55.550+0000] {logging_mixin.py:190} INFO - [2025-03-06T17:40:55.550+0000] {dag.py:3239} INFO - Sync 1 DAGs
[2025-03-06T17:40:55.566+0000] {logging_mixin.py:190} INFO - [2025-03-06T17:40:55.566+0000] {dag.py:4180} INFO - Setting next_dagrun for second_dag to None, run_after=None
[2025-03-06T17:40:56.060+0000] {processor.py:208} INFO - Processing /opt/airflow/dags/second_dag.py took 0.894 seconds
[2025-03-06T18:40:20.074+0000] {processor.py:186} INFO - Started process (PID=45) to work on /opt/airflow/dags/second_dag.py
[2025-03-06T18:40:20.078+0000] {processor.py:914} INFO - Processing file /opt/airflow/dags/second_dag.py for tasks to queue
[2025-03-06T18:40:20.082+0000] {logging_mixin.py:190} INFO - [2025-03-06T18:40:20.082+0000] {dagbag.py:588} INFO - Filling up the DagBag from /opt/airflow/dags/second_dag.py
[2025-03-06T18:40:20.120+0000] {processor.py:925} INFO - DAG(s) 'second_dag' retrieved from /opt/airflow/dags/second_dag.py
[2025-03-06T18:40:20.156+0000] {logging_mixin.py:190} INFO - [2025-03-06T18:40:20.156+0000] {dag.py:3239} INFO - Sync 1 DAGs
[2025-03-06T18:40:20.182+0000] {logging_mixin.py:190} INFO - [2025-03-06T18:40:20.182+0000] {dag.py:4180} INFO - Setting next_dagrun for second_dag to None, run_after=None
[2025-03-06T18:40:20.214+0000] {processor.py:208} INFO - Processing /opt/airflow/dags/second_dag.py took 0.149 seconds
[2025-03-06T18:40:50.713+0000] {processor.py:186} INFO - Started process (PID=53) to work on /opt/airflow/dags/second_dag.py
[2025-03-06T18:40:50.714+0000] {processor.py:914} INFO - Processing file /opt/airflow/dags/second_dag.py for tasks to queue
[2025-03-06T18:40:50.719+0000] {logging_mixin.py:190} INFO - [2025-03-06T18:40:50.718+0000] {dagbag.py:588} INFO - Filling up the DagBag from /opt/airflow/dags/second_dag.py
[2025-03-06T18:40:50.744+0000] {processor.py:925} INFO - DAG(s) 'second_dag' retrieved from /opt/airflow/dags/second_dag.py
[2025-03-06T18:40:50.764+0000] {logging_mixin.py:190} INFO - [2025-03-06T18:40:50.764+0000] {dag.py:3239} INFO - Sync 1 DAGs
[2025-03-06T18:40:50.796+0000] {logging_mixin.py:190} INFO - [2025-03-06T18:40:50.796+0000] {dag.py:4180} INFO - Setting next_dagrun for second_dag to None, run_after=None
[2025-03-06T18:40:50.814+0000] {processor.py:208} INFO - Processing /opt/airflow/dags/second_dag.py took 0.106 seconds
[2025-03-06T18:41:21.259+0000] {processor.py:186} INFO - Started process (PID=62) to work on /opt/airflow/dags/second_dag.py
[2025-03-06T18:41:21.264+0000] {processor.py:914} INFO - Processing file /opt/airflow/dags/second_dag.py for tasks to queue
[2025-03-06T18:41:21.265+0000] {logging_mixin.py:190} INFO - [2025-03-06T18:41:21.265+0000] {dagbag.py:588} INFO - Filling up the DagBag from /opt/airflow/dags/second_dag.py
[2025-03-06T18:41:21.291+0000] {processor.py:925} INFO - DAG(s) 'second_dag' retrieved from /opt/airflow/dags/second_dag.py
[2025-03-06T18:41:21.313+0000] {logging_mixin.py:190} INFO - [2025-03-06T18:41:21.313+0000] {dag.py:3239} INFO - Sync 1 DAGs
[2025-03-06T18:41:21.334+0000] {logging_mixin.py:190} INFO - [2025-03-06T18:41:21.334+0000] {dag.py:4180} INFO - Setting next_dagrun for second_dag to None, run_after=None
[2025-03-06T18:41:21.349+0000] {processor.py:208} INFO - Processing /opt/airflow/dags/second_dag.py took 0.102 seconds
[2025-03-06T18:41:51.677+0000] {processor.py:186} INFO - Started process (PID=71) to work on /opt/airflow/dags/second_dag.py
[2025-03-06T18:41:51.679+0000] {processor.py:914} INFO - Processing file /opt/airflow/dags/second_dag.py for tasks to queue
[2025-03-06T18:41:51.681+0000] {logging_mixin.py:190} INFO - [2025-03-06T18:41:51.681+0000] {dagbag.py:588} INFO - Filling up the DagBag from /opt/airflow/dags/second_dag.py
[2025-03-06T18:41:51.701+0000] {processor.py:925} INFO - DAG(s) 'second_dag' retrieved from /opt/airflow/dags/second_dag.py
[2025-03-06T18:41:51.722+0000] {logging_mixin.py:190} INFO - [2025-03-06T18:41:51.722+0000] {dag.py:3239} INFO - Sync 1 DAGs
[2025-03-06T18:41:51.739+0000] {logging_mixin.py:190} INFO - [2025-03-06T18:41:51.738+0000] {dag.py:4180} INFO - Setting next_dagrun for second_dag to None, run_after=None
[2025-03-06T18:41:51.749+0000] {processor.py:208} INFO - Processing /opt/airflow/dags/second_dag.py took 0.082 seconds
[2025-03-06T18:42:22.088+0000] {processor.py:186} INFO - Started process (PID=80) to work on /opt/airflow/dags/second_dag.py
[2025-03-06T18:42:22.090+0000] {processor.py:914} INFO - Processing file /opt/airflow/dags/second_dag.py for tasks to queue
[2025-03-06T18:42:22.092+0000] {logging_mixin.py:190} INFO - [2025-03-06T18:42:22.092+0000] {dagbag.py:588} INFO - Filling up the DagBag from /opt/airflow/dags/second_dag.py
[2025-03-06T18:42:22.109+0000] {processor.py:925} INFO - DAG(s) 'second_dag' retrieved from /opt/airflow/dags/second_dag.py
[2025-03-06T18:42:22.132+0000] {logging_mixin.py:190} INFO - [2025-03-06T18:42:22.132+0000] {dag.py:3239} INFO - Sync 1 DAGs
[2025-03-06T18:42:22.145+0000] {logging_mixin.py:190} INFO - [2025-03-06T18:42:22.145+0000] {dag.py:4180} INFO - Setting next_dagrun for second_dag to None, run_after=None
[2025-03-06T18:42:22.154+0000] {processor.py:208} INFO - Processing /opt/airflow/dags/second_dag.py took 0.074 seconds
[2025-03-06T18:42:52.498+0000] {processor.py:186} INFO - Started process (PID=89) to work on /opt/airflow/dags/second_dag.py
[2025-03-06T18:42:52.500+0000] {processor.py:914} INFO - Processing file /opt/airflow/dags/second_dag.py for tasks to queue
[2025-03-06T18:42:52.501+0000] {logging_mixin.py:190} INFO - [2025-03-06T18:42:52.501+0000] {dagbag.py:588} INFO - Filling up the DagBag from /opt/airflow/dags/second_dag.py
[2025-03-06T18:42:52.532+0000] {processor.py:925} INFO - DAG(s) 'second_dag' retrieved from /opt/airflow/dags/second_dag.py
[2025-03-06T18:42:52.553+0000] {logging_mixin.py:190} INFO - [2025-03-06T18:42:52.552+0000] {dag.py:3239} INFO - Sync 1 DAGs
[2025-03-06T18:42:52.791+0000] {logging_mixin.py:190} INFO - [2025-03-06T18:42:52.791+0000] {dag.py:4180} INFO - Setting next_dagrun for second_dag to None, run_after=None
[2025-03-06T18:42:52.812+0000] {processor.py:208} INFO - Processing /opt/airflow/dags/second_dag.py took 0.327 seconds
[2025-03-06T18:43:22.885+0000] {processor.py:186} INFO - Started process (PID=98) to work on /opt/airflow/dags/second_dag.py
[2025-03-06T18:43:22.886+0000] {processor.py:914} INFO - Processing file /opt/airflow/dags/second_dag.py for tasks to queue
[2025-03-06T18:43:22.888+0000] {logging_mixin.py:190} INFO - [2025-03-06T18:43:22.888+0000] {dagbag.py:588} INFO - Filling up the DagBag from /opt/airflow/dags/second_dag.py
[2025-03-06T18:43:22.901+0000] {processor.py:925} INFO - DAG(s) 'second_dag' retrieved from /opt/airflow/dags/second_dag.py
[2025-03-06T18:43:22.917+0000] {logging_mixin.py:190} INFO - [2025-03-06T18:43:22.917+0000] {dag.py:3239} INFO - Sync 1 DAGs
[2025-03-06T18:43:23.119+0000] {logging_mixin.py:190} INFO - [2025-03-06T18:43:23.119+0000] {dag.py:4180} INFO - Setting next_dagrun for second_dag to None, run_after=None
[2025-03-06T18:43:23.138+0000] {processor.py:208} INFO - Processing /opt/airflow/dags/second_dag.py took 0.270 seconds
[2025-03-06T18:43:53.672+0000] {processor.py:186} INFO - Started process (PID=107) to work on /opt/airflow/dags/second_dag.py
[2025-03-06T18:43:53.674+0000] {processor.py:914} INFO - Processing file /opt/airflow/dags/second_dag.py for tasks to queue
[2025-03-06T18:43:53.678+0000] {logging_mixin.py:190} INFO - [2025-03-06T18:43:53.676+0000] {dagbag.py:588} INFO - Filling up the DagBag from /opt/airflow/dags/second_dag.py
[2025-03-06T18:43:53.947+0000] {processor.py:925} INFO - DAG(s) 'second_dag' retrieved from /opt/airflow/dags/second_dag.py
[2025-03-06T18:43:53.967+0000] {logging_mixin.py:190} INFO - [2025-03-06T18:43:53.967+0000] {dag.py:3239} INFO - Sync 1 DAGs
[2025-03-06T18:43:53.977+0000] {logging_mixin.py:190} INFO - [2025-03-06T18:43:53.977+0000] {dag.py:4180} INFO - Setting next_dagrun for second_dag to None, run_after=None
[2025-03-06T18:43:53.989+0000] {processor.py:208} INFO - Processing /opt/airflow/dags/second_dag.py took 0.337 seconds
[2025-03-06T18:44:24.611+0000] {processor.py:186} INFO - Started process (PID=122) to work on /opt/airflow/dags/second_dag.py
[2025-03-06T18:44:24.614+0000] {processor.py:914} INFO - Processing file /opt/airflow/dags/second_dag.py for tasks to queue
[2025-03-06T18:44:24.616+0000] {logging_mixin.py:190} INFO - [2025-03-06T18:44:24.615+0000] {dagbag.py:588} INFO - Filling up the DagBag from /opt/airflow/dags/second_dag.py
[2025-03-06T18:44:24.646+0000] {processor.py:925} INFO - DAG(s) 'second_dag' retrieved from /opt/airflow/dags/second_dag.py
[2025-03-06T18:44:24.677+0000] {logging_mixin.py:190} INFO - [2025-03-06T18:44:24.677+0000] {dag.py:3239} INFO - Sync 1 DAGs
[2025-03-06T18:44:24.687+0000] {logging_mixin.py:190} INFO - [2025-03-06T18:44:24.687+0000] {dag.py:4180} INFO - Setting next_dagrun for second_dag to None, run_after=None
[2025-03-06T18:44:24.702+0000] {processor.py:208} INFO - Processing /opt/airflow/dags/second_dag.py took 0.104 seconds
[2025-03-06T18:44:55.085+0000] {processor.py:186} INFO - Started process (PID=131) to work on /opt/airflow/dags/second_dag.py
[2025-03-06T18:44:55.087+0000] {processor.py:914} INFO - Processing file /opt/airflow/dags/second_dag.py for tasks to queue
[2025-03-06T18:44:55.089+0000] {logging_mixin.py:190} INFO - [2025-03-06T18:44:55.088+0000] {dagbag.py:588} INFO - Filling up the DagBag from /opt/airflow/dags/second_dag.py
[2025-03-06T18:44:55.106+0000] {processor.py:925} INFO - DAG(s) 'second_dag' retrieved from /opt/airflow/dags/second_dag.py
[2025-03-06T18:44:55.129+0000] {logging_mixin.py:190} INFO - [2025-03-06T18:44:55.128+0000] {dag.py:3239} INFO - Sync 1 DAGs
[2025-03-06T18:44:55.145+0000] {logging_mixin.py:190} INFO - [2025-03-06T18:44:55.145+0000] {dag.py:4180} INFO - Setting next_dagrun for second_dag to None, run_after=None
[2025-03-06T18:44:55.156+0000] {processor.py:208} INFO - Processing /opt/airflow/dags/second_dag.py took 0.077 seconds
[2025-03-06T18:45:25.537+0000] {processor.py:186} INFO - Started process (PID=140) to work on /opt/airflow/dags/second_dag.py
[2025-03-06T18:45:25.539+0000] {processor.py:914} INFO - Processing file /opt/airflow/dags/second_dag.py for tasks to queue
[2025-03-06T18:45:25.540+0000] {logging_mixin.py:190} INFO - [2025-03-06T18:45:25.539+0000] {dagbag.py:588} INFO - Filling up the DagBag from /opt/airflow/dags/second_dag.py
[2025-03-06T18:45:25.558+0000] {processor.py:925} INFO - DAG(s) 'second_dag' retrieved from /opt/airflow/dags/second_dag.py
[2025-03-06T18:45:25.580+0000] {logging_mixin.py:190} INFO - [2025-03-06T18:45:25.580+0000] {dag.py:3239} INFO - Sync 1 DAGs
[2025-03-06T18:45:25.589+0000] {logging_mixin.py:190} INFO - [2025-03-06T18:45:25.589+0000] {dag.py:4180} INFO - Setting next_dagrun for second_dag to None, run_after=None
[2025-03-06T18:45:25.602+0000] {processor.py:208} INFO - Processing /opt/airflow/dags/second_dag.py took 0.072 seconds
[2025-03-06T18:45:56.091+0000] {processor.py:186} INFO - Started process (PID=149) to work on /opt/airflow/dags/second_dag.py
[2025-03-06T18:45:56.094+0000] {processor.py:914} INFO - Processing file /opt/airflow/dags/second_dag.py for tasks to queue
[2025-03-06T18:45:56.096+0000] {logging_mixin.py:190} INFO - [2025-03-06T18:45:56.096+0000] {dagbag.py:588} INFO - Filling up the DagBag from /opt/airflow/dags/second_dag.py
[2025-03-06T18:45:56.115+0000] {processor.py:925} INFO - DAG(s) 'second_dag' retrieved from /opt/airflow/dags/second_dag.py
[2025-03-06T18:45:56.136+0000] {logging_mixin.py:190} INFO - [2025-03-06T18:45:56.135+0000] {dag.py:3239} INFO - Sync 1 DAGs
[2025-03-06T18:45:56.155+0000] {logging_mixin.py:190} INFO - [2025-03-06T18:45:56.154+0000] {dag.py:4180} INFO - Setting next_dagrun for second_dag to None, run_after=None
[2025-03-06T18:45:56.166+0000] {processor.py:208} INFO - Processing /opt/airflow/dags/second_dag.py took 0.084 seconds
[2025-03-06T18:46:26.537+0000] {processor.py:186} INFO - Started process (PID=158) to work on /opt/airflow/dags/second_dag.py
[2025-03-06T18:46:26.538+0000] {processor.py:914} INFO - Processing file /opt/airflow/dags/second_dag.py for tasks to queue
[2025-03-06T18:46:26.539+0000] {logging_mixin.py:190} INFO - [2025-03-06T18:46:26.539+0000] {dagbag.py:588} INFO - Filling up the DagBag from /opt/airflow/dags/second_dag.py
[2025-03-06T18:46:26.556+0000] {processor.py:925} INFO - DAG(s) 'second_dag' retrieved from /opt/airflow/dags/second_dag.py
[2025-03-06T18:46:26.580+0000] {logging_mixin.py:190} INFO - [2025-03-06T18:46:26.580+0000] {dag.py:3239} INFO - Sync 1 DAGs
[2025-03-06T18:46:26.597+0000] {logging_mixin.py:190} INFO - [2025-03-06T18:46:26.597+0000] {dag.py:4180} INFO - Setting next_dagrun for second_dag to None, run_after=None
[2025-03-06T18:46:26.607+0000] {processor.py:208} INFO - Processing /opt/airflow/dags/second_dag.py took 0.081 seconds
[2025-03-06T18:46:57.045+0000] {processor.py:186} INFO - Started process (PID=167) to work on /opt/airflow/dags/second_dag.py
[2025-03-06T18:46:57.050+0000] {processor.py:914} INFO - Processing file /opt/airflow/dags/second_dag.py for tasks to queue
[2025-03-06T18:46:57.052+0000] {logging_mixin.py:190} INFO - [2025-03-06T18:46:57.052+0000] {dagbag.py:588} INFO - Filling up the DagBag from /opt/airflow/dags/second_dag.py
[2025-03-06T18:46:57.076+0000] {processor.py:925} INFO - DAG(s) 'second_dag' retrieved from /opt/airflow/dags/second_dag.py
[2025-03-06T18:46:57.102+0000] {logging_mixin.py:190} INFO - [2025-03-06T18:46:57.102+0000] {dag.py:3239} INFO - Sync 1 DAGs
[2025-03-06T18:46:57.117+0000] {logging_mixin.py:190} INFO - [2025-03-06T18:46:57.117+0000] {dag.py:4180} INFO - Setting next_dagrun for second_dag to None, run_after=None
[2025-03-06T18:46:57.127+0000] {processor.py:208} INFO - Processing /opt/airflow/dags/second_dag.py took 0.094 seconds
[2025-03-06T18:47:27.436+0000] {processor.py:186} INFO - Started process (PID=176) to work on /opt/airflow/dags/second_dag.py
[2025-03-06T18:47:27.437+0000] {processor.py:914} INFO - Processing file /opt/airflow/dags/second_dag.py for tasks to queue
[2025-03-06T18:47:27.438+0000] {logging_mixin.py:190} INFO - [2025-03-06T18:47:27.438+0000] {dagbag.py:588} INFO - Filling up the DagBag from /opt/airflow/dags/second_dag.py
[2025-03-06T18:47:27.457+0000] {processor.py:925} INFO - DAG(s) 'second_dag' retrieved from /opt/airflow/dags/second_dag.py
[2025-03-06T18:47:27.484+0000] {logging_mixin.py:190} INFO - [2025-03-06T18:47:27.483+0000] {dag.py:3239} INFO - Sync 1 DAGs
[2025-03-06T18:47:27.499+0000] {logging_mixin.py:190} INFO - [2025-03-06T18:47:27.499+0000] {dag.py:4180} INFO - Setting next_dagrun for second_dag to None, run_after=None
[2025-03-06T18:47:27.509+0000] {processor.py:208} INFO - Processing /opt/airflow/dags/second_dag.py took 0.080 seconds
[2025-03-06T18:47:57.894+0000] {processor.py:186} INFO - Started process (PID=185) to work on /opt/airflow/dags/second_dag.py
[2025-03-06T18:47:57.897+0000] {processor.py:914} INFO - Processing file /opt/airflow/dags/second_dag.py for tasks to queue
[2025-03-06T18:47:57.899+0000] {logging_mixin.py:190} INFO - [2025-03-06T18:47:57.898+0000] {dagbag.py:588} INFO - Filling up the DagBag from /opt/airflow/dags/second_dag.py
[2025-03-06T18:47:57.916+0000] {processor.py:925} INFO - DAG(s) 'second_dag' retrieved from /opt/airflow/dags/second_dag.py
[2025-03-06T18:47:57.947+0000] {logging_mixin.py:190} INFO - [2025-03-06T18:47:57.946+0000] {dag.py:3239} INFO - Sync 1 DAGs
[2025-03-06T18:47:57.961+0000] {logging_mixin.py:190} INFO - [2025-03-06T18:47:57.961+0000] {dag.py:4180} INFO - Setting next_dagrun for second_dag to None, run_after=None
[2025-03-06T18:47:57.972+0000] {processor.py:208} INFO - Processing /opt/airflow/dags/second_dag.py took 0.095 seconds
[2025-03-06T18:48:28.386+0000] {processor.py:186} INFO - Started process (PID=194) to work on /opt/airflow/dags/second_dag.py
[2025-03-06T18:48:28.388+0000] {processor.py:914} INFO - Processing file /opt/airflow/dags/second_dag.py for tasks to queue
[2025-03-06T18:48:28.389+0000] {logging_mixin.py:190} INFO - [2025-03-06T18:48:28.389+0000] {dagbag.py:588} INFO - Filling up the DagBag from /opt/airflow/dags/second_dag.py
[2025-03-06T18:48:28.415+0000] {processor.py:925} INFO - DAG(s) 'second_dag' retrieved from /opt/airflow/dags/second_dag.py
[2025-03-06T18:48:28.442+0000] {logging_mixin.py:190} INFO - [2025-03-06T18:48:28.441+0000] {dag.py:3239} INFO - Sync 1 DAGs
[2025-03-06T18:48:28.451+0000] {logging_mixin.py:190} INFO - [2025-03-06T18:48:28.451+0000] {dag.py:4180} INFO - Setting next_dagrun for second_dag to None, run_after=None
[2025-03-06T18:48:28.461+0000] {processor.py:208} INFO - Processing /opt/airflow/dags/second_dag.py took 0.083 seconds
[2025-03-06T18:48:58.892+0000] {processor.py:186} INFO - Started process (PID=203) to work on /opt/airflow/dags/second_dag.py
[2025-03-06T18:48:58.895+0000] {processor.py:914} INFO - Processing file /opt/airflow/dags/second_dag.py for tasks to queue
[2025-03-06T18:48:58.898+0000] {logging_mixin.py:190} INFO - [2025-03-06T18:48:58.897+0000] {dagbag.py:588} INFO - Filling up the DagBag from /opt/airflow/dags/second_dag.py
[2025-03-06T18:48:58.916+0000] {processor.py:925} INFO - DAG(s) 'second_dag' retrieved from /opt/airflow/dags/second_dag.py
[2025-03-06T18:48:58.947+0000] {logging_mixin.py:190} INFO - [2025-03-06T18:48:58.947+0000] {dag.py:3239} INFO - Sync 1 DAGs
[2025-03-06T18:48:58.958+0000] {logging_mixin.py:190} INFO - [2025-03-06T18:48:58.957+0000] {dag.py:4180} INFO - Setting next_dagrun for second_dag to None, run_after=None
[2025-03-06T18:48:58.971+0000] {processor.py:208} INFO - Processing /opt/airflow/dags/second_dag.py took 0.094 seconds
[2025-03-06T18:49:29.405+0000] {processor.py:186} INFO - Started process (PID=212) to work on /opt/airflow/dags/second_dag.py
[2025-03-06T18:49:29.407+0000] {processor.py:914} INFO - Processing file /opt/airflow/dags/second_dag.py for tasks to queue
[2025-03-06T18:49:29.408+0000] {logging_mixin.py:190} INFO - [2025-03-06T18:49:29.408+0000] {dagbag.py:588} INFO - Filling up the DagBag from /opt/airflow/dags/second_dag.py
[2025-03-06T18:49:29.427+0000] {processor.py:925} INFO - DAG(s) 'second_dag' retrieved from /opt/airflow/dags/second_dag.py
[2025-03-06T18:49:29.448+0000] {logging_mixin.py:190} INFO - [2025-03-06T18:49:29.448+0000] {dag.py:3239} INFO - Sync 1 DAGs
[2025-03-06T18:49:29.461+0000] {logging_mixin.py:190} INFO - [2025-03-06T18:49:29.461+0000] {dag.py:4180} INFO - Setting next_dagrun for second_dag to None, run_after=None
[2025-03-06T18:49:29.474+0000] {processor.py:208} INFO - Processing /opt/airflow/dags/second_dag.py took 0.080 seconds
[2025-03-06T18:49:59.841+0000] {processor.py:186} INFO - Started process (PID=221) to work on /opt/airflow/dags/second_dag.py
[2025-03-06T18:49:59.843+0000] {processor.py:914} INFO - Processing file /opt/airflow/dags/second_dag.py for tasks to queue
[2025-03-06T18:49:59.846+0000] {logging_mixin.py:190} INFO - [2025-03-06T18:49:59.846+0000] {dagbag.py:588} INFO - Filling up the DagBag from /opt/airflow/dags/second_dag.py
[2025-03-06T18:49:59.861+0000] {processor.py:925} INFO - DAG(s) 'second_dag' retrieved from /opt/airflow/dags/second_dag.py
[2025-03-06T18:49:59.883+0000] {logging_mixin.py:190} INFO - [2025-03-06T18:49:59.883+0000] {dag.py:3239} INFO - Sync 1 DAGs
[2025-03-06T18:49:59.904+0000] {logging_mixin.py:190} INFO - [2025-03-06T18:49:59.904+0000] {dag.py:4180} INFO - Setting next_dagrun for second_dag to None, run_after=None
[2025-03-06T18:49:59.916+0000] {processor.py:208} INFO - Processing /opt/airflow/dags/second_dag.py took 0.081 seconds
[2025-03-06T18:50:30.469+0000] {processor.py:186} INFO - Started process (PID=230) to work on /opt/airflow/dags/second_dag.py
[2025-03-06T18:50:30.470+0000] {processor.py:914} INFO - Processing file /opt/airflow/dags/second_dag.py for tasks to queue
[2025-03-06T18:50:30.474+0000] {logging_mixin.py:190} INFO - [2025-03-06T18:50:30.474+0000] {dagbag.py:588} INFO - Filling up the DagBag from /opt/airflow/dags/second_dag.py
[2025-03-06T18:50:30.496+0000] {processor.py:925} INFO - DAG(s) 'second_dag' retrieved from /opt/airflow/dags/second_dag.py
[2025-03-06T18:50:30.520+0000] {logging_mixin.py:190} INFO - [2025-03-06T18:50:30.520+0000] {dag.py:3239} INFO - Sync 1 DAGs
[2025-03-06T18:50:30.534+0000] {logging_mixin.py:190} INFO - [2025-03-06T18:50:30.534+0000] {dag.py:4180} INFO - Setting next_dagrun for second_dag to None, run_after=None
[2025-03-06T18:50:30.544+0000] {processor.py:208} INFO - Processing /opt/airflow/dags/second_dag.py took 0.093 seconds
[2025-03-06T18:51:00.926+0000] {processor.py:186} INFO - Started process (PID=239) to work on /opt/airflow/dags/second_dag.py
[2025-03-06T18:51:00.929+0000] {processor.py:914} INFO - Processing file /opt/airflow/dags/second_dag.py for tasks to queue
[2025-03-06T18:51:00.933+0000] {logging_mixin.py:190} INFO - [2025-03-06T18:51:00.931+0000] {dagbag.py:588} INFO - Filling up the DagBag from /opt/airflow/dags/second_dag.py
[2025-03-06T18:51:00.950+0000] {processor.py:925} INFO - DAG(s) 'second_dag' retrieved from /opt/airflow/dags/second_dag.py
[2025-03-06T18:51:00.980+0000] {logging_mixin.py:190} INFO - [2025-03-06T18:51:00.980+0000] {dag.py:3239} INFO - Sync 1 DAGs
[2025-03-06T18:51:00.994+0000] {logging_mixin.py:190} INFO - [2025-03-06T18:51:00.993+0000] {dag.py:4180} INFO - Setting next_dagrun for second_dag to None, run_after=None
[2025-03-06T18:51:01.006+0000] {processor.py:208} INFO - Processing /opt/airflow/dags/second_dag.py took 0.093 seconds
[2025-03-06T18:51:31.392+0000] {processor.py:186} INFO - Started process (PID=248) to work on /opt/airflow/dags/second_dag.py
[2025-03-06T18:51:31.394+0000] {processor.py:914} INFO - Processing file /opt/airflow/dags/second_dag.py for tasks to queue
[2025-03-06T18:51:31.395+0000] {logging_mixin.py:190} INFO - [2025-03-06T18:51:31.394+0000] {dagbag.py:588} INFO - Filling up the DagBag from /opt/airflow/dags/second_dag.py
[2025-03-06T18:51:31.416+0000] {processor.py:925} INFO - DAG(s) 'second_dag' retrieved from /opt/airflow/dags/second_dag.py
[2025-03-06T18:51:31.444+0000] {logging_mixin.py:190} INFO - [2025-03-06T18:51:31.444+0000] {dag.py:3239} INFO - Sync 1 DAGs
[2025-03-06T18:51:31.455+0000] {logging_mixin.py:190} INFO - [2025-03-06T18:51:31.454+0000] {dag.py:4180} INFO - Setting next_dagrun for second_dag to None, run_after=None
[2025-03-06T18:51:31.464+0000] {processor.py:208} INFO - Processing /opt/airflow/dags/second_dag.py took 0.085 seconds
[2025-03-06T19:07:26.764+0000] {processor.py:186} INFO - Started process (PID=257) to work on /opt/airflow/dags/second_dag.py
[2025-03-06T19:07:26.766+0000] {processor.py:914} INFO - Processing file /opt/airflow/dags/second_dag.py for tasks to queue
[2025-03-06T19:07:26.768+0000] {logging_mixin.py:190} INFO - [2025-03-06T19:07:26.767+0000] {dagbag.py:588} INFO - Filling up the DagBag from /opt/airflow/dags/second_dag.py
[2025-03-06T19:07:26.791+0000] {processor.py:925} INFO - DAG(s) 'second_dag' retrieved from /opt/airflow/dags/second_dag.py
[2025-03-06T19:07:26.819+0000] {logging_mixin.py:190} INFO - [2025-03-06T19:07:26.819+0000] {dag.py:3239} INFO - Sync 1 DAGs
[2025-03-06T19:07:26.833+0000] {logging_mixin.py:190} INFO - [2025-03-06T19:07:26.833+0000] {dag.py:4180} INFO - Setting next_dagrun for second_dag to None, run_after=None
[2025-03-06T19:07:26.841+0000] {processor.py:208} INFO - Processing /opt/airflow/dags/second_dag.py took 0.092 seconds
[2025-03-06T19:23:19.680+0000] {processor.py:186} INFO - Started process (PID=266) to work on /opt/airflow/dags/second_dag.py
[2025-03-06T19:23:19.681+0000] {processor.py:914} INFO - Processing file /opt/airflow/dags/second_dag.py for tasks to queue
[2025-03-06T19:23:19.684+0000] {logging_mixin.py:190} INFO - [2025-03-06T19:23:19.682+0000] {dagbag.py:588} INFO - Filling up the DagBag from /opt/airflow/dags/second_dag.py
[2025-03-06T19:23:19.702+0000] {processor.py:925} INFO - DAG(s) 'second_dag' retrieved from /opt/airflow/dags/second_dag.py
[2025-03-06T19:23:19.721+0000] {logging_mixin.py:190} INFO - [2025-03-06T19:23:19.721+0000] {dag.py:3239} INFO - Sync 1 DAGs
[2025-03-06T19:23:19.738+0000] {logging_mixin.py:190} INFO - [2025-03-06T19:23:19.738+0000] {dag.py:4180} INFO - Setting next_dagrun for second_dag to None, run_after=None
[2025-03-06T19:23:19.746+0000] {processor.py:208} INFO - Processing /opt/airflow/dags/second_dag.py took 0.073 seconds
[2025-03-06T19:23:50.110+0000] {processor.py:186} INFO - Started process (PID=275) to work on /opt/airflow/dags/second_dag.py
[2025-03-06T19:23:50.112+0000] {processor.py:914} INFO - Processing file /opt/airflow/dags/second_dag.py for tasks to queue
[2025-03-06T19:23:50.114+0000] {logging_mixin.py:190} INFO - [2025-03-06T19:23:50.113+0000] {dagbag.py:588} INFO - Filling up the DagBag from /opt/airflow/dags/second_dag.py
[2025-03-06T19:23:50.130+0000] {processor.py:925} INFO - DAG(s) 'second_dag' retrieved from /opt/airflow/dags/second_dag.py
[2025-03-06T19:23:50.145+0000] {logging_mixin.py:190} INFO - [2025-03-06T19:23:50.145+0000] {dag.py:3239} INFO - Sync 1 DAGs
[2025-03-06T19:23:50.155+0000] {logging_mixin.py:190} INFO - [2025-03-06T19:23:50.155+0000] {dag.py:4180} INFO - Setting next_dagrun for second_dag to None, run_after=None
[2025-03-06T19:23:50.166+0000] {processor.py:208} INFO - Processing /opt/airflow/dags/second_dag.py took 0.068 seconds
[2025-03-06T19:39:45.286+0000] {processor.py:186} INFO - Started process (PID=284) to work on /opt/airflow/dags/second_dag.py
[2025-03-06T19:39:45.287+0000] {processor.py:914} INFO - Processing file /opt/airflow/dags/second_dag.py for tasks to queue
[2025-03-06T19:39:45.288+0000] {logging_mixin.py:190} INFO - [2025-03-06T19:39:45.287+0000] {dagbag.py:588} INFO - Filling up the DagBag from /opt/airflow/dags/second_dag.py
[2025-03-06T19:39:45.313+0000] {processor.py:925} INFO - DAG(s) 'second_dag' retrieved from /opt/airflow/dags/second_dag.py
[2025-03-06T19:39:45.336+0000] {logging_mixin.py:190} INFO - [2025-03-06T19:39:45.336+0000] {dag.py:3239} INFO - Sync 1 DAGs
[2025-03-06T19:39:45.352+0000] {logging_mixin.py:190} INFO - [2025-03-06T19:39:45.352+0000] {dag.py:4180} INFO - Setting next_dagrun for second_dag to None, run_after=None
[2025-03-06T19:39:45.363+0000] {processor.py:208} INFO - Processing /opt/airflow/dags/second_dag.py took 0.090 seconds
[2025-03-06T19:55:13.979+0000] {processor.py:186} INFO - Started process (PID=293) to work on /opt/airflow/dags/second_dag.py
[2025-03-06T19:55:13.982+0000] {processor.py:914} INFO - Processing file /opt/airflow/dags/second_dag.py for tasks to queue
[2025-03-06T19:55:13.984+0000] {logging_mixin.py:190} INFO - [2025-03-06T19:55:13.984+0000] {dagbag.py:588} INFO - Filling up the DagBag from /opt/airflow/dags/second_dag.py
[2025-03-06T19:55:14.003+0000] {processor.py:925} INFO - DAG(s) 'second_dag' retrieved from /opt/airflow/dags/second_dag.py
[2025-03-06T19:55:14.019+0000] {logging_mixin.py:190} INFO - [2025-03-06T19:55:14.019+0000] {dag.py:3239} INFO - Sync 1 DAGs
[2025-03-06T19:55:14.033+0000] {logging_mixin.py:190} INFO - [2025-03-06T19:55:14.033+0000] {dag.py:4180} INFO - Setting next_dagrun for second_dag to None, run_after=None
[2025-03-06T19:55:14.041+0000] {processor.py:208} INFO - Processing /opt/airflow/dags/second_dag.py took 0.074 seconds
[2025-03-06T20:11:00.406+0000] {processor.py:186} INFO - Started process (PID=302) to work on /opt/airflow/dags/second_dag.py
[2025-03-06T20:11:00.407+0000] {processor.py:914} INFO - Processing file /opt/airflow/dags/second_dag.py for tasks to queue
[2025-03-06T20:11:00.409+0000] {logging_mixin.py:190} INFO - [2025-03-06T20:11:00.408+0000] {dagbag.py:588} INFO - Filling up the DagBag from /opt/airflow/dags/second_dag.py
[2025-03-06T20:11:00.426+0000] {processor.py:925} INFO - DAG(s) 'second_dag' retrieved from /opt/airflow/dags/second_dag.py
[2025-03-06T20:11:00.453+0000] {logging_mixin.py:190} INFO - [2025-03-06T20:11:00.453+0000] {dag.py:3239} INFO - Sync 1 DAGs
[2025-03-06T20:11:00.468+0000] {logging_mixin.py:190} INFO - [2025-03-06T20:11:00.468+0000] {dag.py:4180} INFO - Setting next_dagrun for second_dag to None, run_after=None
[2025-03-06T20:11:00.476+0000] {processor.py:208} INFO - Processing /opt/airflow/dags/second_dag.py took 0.086 seconds
[2025-03-06T20:11:30.841+0000] {processor.py:186} INFO - Started process (PID=311) to work on /opt/airflow/dags/second_dag.py
[2025-03-06T20:11:30.845+0000] {processor.py:914} INFO - Processing file /opt/airflow/dags/second_dag.py for tasks to queue
[2025-03-06T20:11:30.846+0000] {logging_mixin.py:190} INFO - [2025-03-06T20:11:30.845+0000] {dagbag.py:588} INFO - Filling up the DagBag from /opt/airflow/dags/second_dag.py
[2025-03-06T20:11:30.868+0000] {processor.py:925} INFO - DAG(s) 'second_dag' retrieved from /opt/airflow/dags/second_dag.py
[2025-03-06T20:11:30.896+0000] {logging_mixin.py:190} INFO - [2025-03-06T20:11:30.896+0000] {dag.py:3239} INFO - Sync 1 DAGs
[2025-03-06T20:11:30.915+0000] {logging_mixin.py:190} INFO - [2025-03-06T20:11:30.915+0000] {dag.py:4180} INFO - Setting next_dagrun for second_dag to None, run_after=None
[2025-03-06T20:11:30.925+0000] {processor.py:208} INFO - Processing /opt/airflow/dags/second_dag.py took 0.093 seconds
[2025-03-06T20:27:26.169+0000] {processor.py:186} INFO - Started process (PID=320) to work on /opt/airflow/dags/second_dag.py
[2025-03-06T20:27:26.171+0000] {processor.py:914} INFO - Processing file /opt/airflow/dags/second_dag.py for tasks to queue
[2025-03-06T20:27:26.173+0000] {logging_mixin.py:190} INFO - [2025-03-06T20:27:26.172+0000] {dagbag.py:588} INFO - Filling up the DagBag from /opt/airflow/dags/second_dag.py
[2025-03-06T20:27:26.194+0000] {processor.py:925} INFO - DAG(s) 'second_dag' retrieved from /opt/airflow/dags/second_dag.py
[2025-03-06T20:27:26.226+0000] {logging_mixin.py:190} INFO - [2025-03-06T20:27:26.225+0000] {dag.py:3239} INFO - Sync 1 DAGs
[2025-03-06T20:27:26.238+0000] {logging_mixin.py:190} INFO - [2025-03-06T20:27:26.238+0000] {dag.py:4180} INFO - Setting next_dagrun for second_dag to None, run_after=None
[2025-03-06T20:27:26.253+0000] {processor.py:208} INFO - Processing /opt/airflow/dags/second_dag.py took 0.094 seconds
[2025-03-06T20:43:06.891+0000] {processor.py:186} INFO - Started process (PID=329) to work on /opt/airflow/dags/second_dag.py
[2025-03-06T20:43:06.893+0000] {processor.py:914} INFO - Processing file /opt/airflow/dags/second_dag.py for tasks to queue
[2025-03-06T20:43:06.894+0000] {logging_mixin.py:190} INFO - [2025-03-06T20:43:06.894+0000] {dagbag.py:588} INFO - Filling up the DagBag from /opt/airflow/dags/second_dag.py
[2025-03-06T20:43:06.907+0000] {processor.py:925} INFO - DAG(s) 'second_dag' retrieved from /opt/airflow/dags/second_dag.py
[2025-03-06T20:43:06.924+0000] {logging_mixin.py:190} INFO - [2025-03-06T20:43:06.924+0000] {dag.py:3239} INFO - Sync 1 DAGs
[2025-03-06T20:43:06.934+0000] {logging_mixin.py:190} INFO - [2025-03-06T20:43:06.934+0000] {dag.py:4180} INFO - Setting next_dagrun for second_dag to None, run_after=None
[2025-03-06T20:43:06.942+0000] {processor.py:208} INFO - Processing /opt/airflow/dags/second_dag.py took 0.056 seconds
[2025-03-06T20:43:37.267+0000] {processor.py:186} INFO - Started process (PID=338) to work on /opt/airflow/dags/second_dag.py
[2025-03-06T20:43:37.269+0000] {processor.py:914} INFO - Processing file /opt/airflow/dags/second_dag.py for tasks to queue
[2025-03-06T20:43:37.270+0000] {logging_mixin.py:190} INFO - [2025-03-06T20:43:37.270+0000] {dagbag.py:588} INFO - Filling up the DagBag from /opt/airflow/dags/second_dag.py
[2025-03-06T20:43:37.286+0000] {processor.py:925} INFO - DAG(s) 'second_dag' retrieved from /opt/airflow/dags/second_dag.py
[2025-03-06T20:43:37.302+0000] {logging_mixin.py:190} INFO - [2025-03-06T20:43:37.302+0000] {dag.py:3239} INFO - Sync 1 DAGs
[2025-03-06T20:43:37.311+0000] {logging_mixin.py:190} INFO - [2025-03-06T20:43:37.311+0000] {dag.py:4180} INFO - Setting next_dagrun for second_dag to None, run_after=None
[2025-03-06T20:43:37.321+0000] {processor.py:208} INFO - Processing /opt/airflow/dags/second_dag.py took 0.059 seconds
[2025-03-06T20:52:54.609+0000] {processor.py:186} INFO - Started process (PID=347) to work on /opt/airflow/dags/second_dag.py
[2025-03-06T20:52:54.610+0000] {processor.py:914} INFO - Processing file /opt/airflow/dags/second_dag.py for tasks to queue
[2025-03-06T20:52:54.613+0000] {logging_mixin.py:190} INFO - [2025-03-06T20:52:54.612+0000] {dagbag.py:588} INFO - Filling up the DagBag from /opt/airflow/dags/second_dag.py
[2025-03-06T20:52:54.637+0000] {processor.py:925} INFO - DAG(s) 'second_dag' retrieved from /opt/airflow/dags/second_dag.py
[2025-03-06T20:52:54.664+0000] {logging_mixin.py:190} INFO - [2025-03-06T20:52:54.664+0000] {dag.py:3239} INFO - Sync 1 DAGs
[2025-03-06T20:52:54.681+0000] {logging_mixin.py:190} INFO - [2025-03-06T20:52:54.681+0000] {dag.py:4180} INFO - Setting next_dagrun for second_dag to None, run_after=None
[2025-03-06T20:52:54.692+0000] {processor.py:208} INFO - Processing /opt/airflow/dags/second_dag.py took 0.092 seconds
[2025-03-06T21:08:50.010+0000] {processor.py:186} INFO - Started process (PID=356) to work on /opt/airflow/dags/second_dag.py
[2025-03-06T21:08:50.015+0000] {processor.py:914} INFO - Processing file /opt/airflow/dags/second_dag.py for tasks to queue
[2025-03-06T21:08:50.019+0000] {logging_mixin.py:190} INFO - [2025-03-06T21:08:50.019+0000] {dagbag.py:588} INFO - Filling up the DagBag from /opt/airflow/dags/second_dag.py
[2025-03-06T21:08:50.035+0000] {processor.py:925} INFO - DAG(s) 'second_dag' retrieved from /opt/airflow/dags/second_dag.py
[2025-03-06T21:08:50.061+0000] {logging_mixin.py:190} INFO - [2025-03-06T21:08:50.061+0000] {dag.py:3239} INFO - Sync 1 DAGs
[2025-03-06T21:08:50.075+0000] {logging_mixin.py:190} INFO - [2025-03-06T21:08:50.075+0000] {dag.py:4180} INFO - Setting next_dagrun for second_dag to None, run_after=None
[2025-03-06T21:08:50.087+0000] {processor.py:208} INFO - Processing /opt/airflow/dags/second_dag.py took 0.084 seconds
[2025-03-06T21:09:20.469+0000] {processor.py:186} INFO - Started process (PID=365) to work on /opt/airflow/dags/second_dag.py
[2025-03-06T21:09:20.471+0000] {processor.py:914} INFO - Processing file /opt/airflow/dags/second_dag.py for tasks to queue
[2025-03-06T21:09:20.474+0000] {logging_mixin.py:190} INFO - [2025-03-06T21:09:20.474+0000] {dagbag.py:588} INFO - Filling up the DagBag from /opt/airflow/dags/second_dag.py
[2025-03-06T21:09:20.495+0000] {processor.py:925} INFO - DAG(s) 'second_dag' retrieved from /opt/airflow/dags/second_dag.py
[2025-03-06T21:09:20.517+0000] {logging_mixin.py:190} INFO - [2025-03-06T21:09:20.516+0000] {dag.py:3239} INFO - Sync 1 DAGs
[2025-03-06T21:09:20.532+0000] {logging_mixin.py:190} INFO - [2025-03-06T21:09:20.532+0000] {dag.py:4180} INFO - Setting next_dagrun for second_dag to None, run_after=None
[2025-03-06T21:09:20.543+0000] {processor.py:208} INFO - Processing /opt/airflow/dags/second_dag.py took 0.082 seconds
[2025-03-06T21:25:14.755+0000] {processor.py:186} INFO - Started process (PID=374) to work on /opt/airflow/dags/second_dag.py
[2025-03-06T21:25:14.756+0000] {processor.py:914} INFO - Processing file /opt/airflow/dags/second_dag.py for tasks to queue
[2025-03-06T21:25:14.758+0000] {logging_mixin.py:190} INFO - [2025-03-06T21:25:14.758+0000] {dagbag.py:588} INFO - Filling up the DagBag from /opt/airflow/dags/second_dag.py
[2025-03-06T21:25:14.773+0000] {processor.py:925} INFO - DAG(s) 'second_dag' retrieved from /opt/airflow/dags/second_dag.py
[2025-03-06T21:25:14.796+0000] {logging_mixin.py:190} INFO - [2025-03-06T21:25:14.796+0000] {dag.py:3239} INFO - Sync 1 DAGs
[2025-03-06T21:25:14.807+0000] {logging_mixin.py:190} INFO - [2025-03-06T21:25:14.806+0000] {dag.py:4180} INFO - Setting next_dagrun for second_dag to None, run_after=None
[2025-03-06T21:25:14.815+0000] {processor.py:208} INFO - Processing /opt/airflow/dags/second_dag.py took 0.074 seconds
[2025-03-06T21:41:05.456+0000] {processor.py:186} INFO - Started process (PID=383) to work on /opt/airflow/dags/second_dag.py
[2025-03-06T21:41:05.457+0000] {processor.py:914} INFO - Processing file /opt/airflow/dags/second_dag.py for tasks to queue
[2025-03-06T21:41:05.459+0000] {logging_mixin.py:190} INFO - [2025-03-06T21:41:05.459+0000] {dagbag.py:588} INFO - Filling up the DagBag from /opt/airflow/dags/second_dag.py
[2025-03-06T21:41:05.483+0000] {processor.py:925} INFO - DAG(s) 'second_dag' retrieved from /opt/airflow/dags/second_dag.py
[2025-03-06T21:41:05.504+0000] {logging_mixin.py:190} INFO - [2025-03-06T21:41:05.504+0000] {dag.py:3239} INFO - Sync 1 DAGs
[2025-03-06T21:41:05.515+0000] {logging_mixin.py:190} INFO - [2025-03-06T21:41:05.515+0000] {dag.py:4180} INFO - Setting next_dagrun for second_dag to None, run_after=None
[2025-03-06T21:41:05.523+0000] {processor.py:208} INFO - Processing /opt/airflow/dags/second_dag.py took 0.076 seconds
[2025-03-06T21:57:00.658+0000] {processor.py:186} INFO - Started process (PID=392) to work on /opt/airflow/dags/second_dag.py
[2025-03-06T21:57:00.660+0000] {processor.py:914} INFO - Processing file /opt/airflow/dags/second_dag.py for tasks to queue
[2025-03-06T21:57:00.662+0000] {logging_mixin.py:190} INFO - [2025-03-06T21:57:00.662+0000] {dagbag.py:588} INFO - Filling up the DagBag from /opt/airflow/dags/second_dag.py
[2025-03-06T21:57:00.690+0000] {processor.py:925} INFO - DAG(s) 'second_dag' retrieved from /opt/airflow/dags/second_dag.py
[2025-03-06T21:57:00.728+0000] {logging_mixin.py:190} INFO - [2025-03-06T21:57:00.726+0000] {dag.py:3239} INFO - Sync 1 DAGs
[2025-03-06T21:57:00.749+0000] {logging_mixin.py:190} INFO - [2025-03-06T21:57:00.749+0000] {dag.py:4180} INFO - Setting next_dagrun for second_dag to None, run_after=None
[2025-03-06T21:57:00.769+0000] {processor.py:208} INFO - Processing /opt/airflow/dags/second_dag.py took 0.128 seconds
[2025-03-06T21:57:31.139+0000] {processor.py:186} INFO - Started process (PID=401) to work on /opt/airflow/dags/second_dag.py
[2025-03-06T21:57:31.141+0000] {processor.py:914} INFO - Processing file /opt/airflow/dags/second_dag.py for tasks to queue
[2025-03-06T21:57:31.144+0000] {logging_mixin.py:190} INFO - [2025-03-06T21:57:31.144+0000] {dagbag.py:588} INFO - Filling up the DagBag from /opt/airflow/dags/second_dag.py
[2025-03-06T21:57:31.168+0000] {processor.py:925} INFO - DAG(s) 'second_dag' retrieved from /opt/airflow/dags/second_dag.py
[2025-03-06T21:57:31.191+0000] {logging_mixin.py:190} INFO - [2025-03-06T21:57:31.191+0000] {dag.py:3239} INFO - Sync 1 DAGs
[2025-03-06T21:57:31.205+0000] {logging_mixin.py:190} INFO - [2025-03-06T21:57:31.205+0000] {dag.py:4180} INFO - Setting next_dagrun for second_dag to None, run_after=None
[2025-03-06T21:57:31.219+0000] {processor.py:208} INFO - Processing /opt/airflow/dags/second_dag.py took 0.088 seconds
[2025-03-06T22:13:26.360+0000] {processor.py:186} INFO - Started process (PID=410) to work on /opt/airflow/dags/second_dag.py
[2025-03-06T22:13:26.362+0000] {processor.py:914} INFO - Processing file /opt/airflow/dags/second_dag.py for tasks to queue
[2025-03-06T22:13:26.364+0000] {logging_mixin.py:190} INFO - [2025-03-06T22:13:26.363+0000] {dagbag.py:588} INFO - Filling up the DagBag from /opt/airflow/dags/second_dag.py
[2025-03-06T22:13:26.382+0000] {processor.py:925} INFO - DAG(s) 'second_dag' retrieved from /opt/airflow/dags/second_dag.py
[2025-03-06T22:13:26.407+0000] {logging_mixin.py:190} INFO - [2025-03-06T22:13:26.407+0000] {dag.py:3239} INFO - Sync 1 DAGs
[2025-03-06T22:13:26.417+0000] {logging_mixin.py:190} INFO - [2025-03-06T22:13:26.417+0000] {dag.py:4180} INFO - Setting next_dagrun for second_dag to None, run_after=None
[2025-03-06T22:13:26.426+0000] {processor.py:208} INFO - Processing /opt/airflow/dags/second_dag.py took 0.080 seconds
[2025-03-06T22:29:22.536+0000] {processor.py:186} INFO - Started process (PID=419) to work on /opt/airflow/dags/second_dag.py
[2025-03-06T22:29:22.539+0000] {processor.py:914} INFO - Processing file /opt/airflow/dags/second_dag.py for tasks to queue
[2025-03-06T22:29:22.541+0000] {logging_mixin.py:190} INFO - [2025-03-06T22:29:22.541+0000] {dagbag.py:588} INFO - Filling up the DagBag from /opt/airflow/dags/second_dag.py
[2025-03-06T22:29:22.573+0000] {processor.py:925} INFO - DAG(s) 'second_dag' retrieved from /opt/airflow/dags/second_dag.py
[2025-03-06T22:29:22.607+0000] {logging_mixin.py:190} INFO - [2025-03-06T22:29:22.606+0000] {dag.py:3239} INFO - Sync 1 DAGs
[2025-03-06T22:29:22.620+0000] {logging_mixin.py:190} INFO - [2025-03-06T22:29:22.620+0000] {dag.py:4180} INFO - Setting next_dagrun for second_dag to None, run_after=None
[2025-03-06T22:29:22.631+0000] {processor.py:208} INFO - Processing /opt/airflow/dags/second_dag.py took 0.108 seconds
[2025-03-06T22:29:53.031+0000] {processor.py:186} INFO - Started process (PID=428) to work on /opt/airflow/dags/second_dag.py
[2025-03-06T22:29:53.032+0000] {processor.py:914} INFO - Processing file /opt/airflow/dags/second_dag.py for tasks to queue
[2025-03-06T22:29:53.034+0000] {logging_mixin.py:190} INFO - [2025-03-06T22:29:53.034+0000] {dagbag.py:588} INFO - Filling up the DagBag from /opt/airflow/dags/second_dag.py
[2025-03-06T22:29:53.053+0000] {processor.py:925} INFO - DAG(s) 'second_dag' retrieved from /opt/airflow/dags/second_dag.py
[2025-03-06T22:29:53.074+0000] {logging_mixin.py:190} INFO - [2025-03-06T22:29:53.074+0000] {dag.py:3239} INFO - Sync 1 DAGs
[2025-03-06T22:29:53.091+0000] {logging_mixin.py:190} INFO - [2025-03-06T22:29:53.091+0000] {dag.py:4180} INFO - Setting next_dagrun for second_dag to None, run_after=None
[2025-03-06T22:29:53.107+0000] {processor.py:208} INFO - Processing /opt/airflow/dags/second_dag.py took 0.092 seconds
[2025-03-06T22:45:47.558+0000] {processor.py:186} INFO - Started process (PID=437) to work on /opt/airflow/dags/second_dag.py
[2025-03-06T22:45:47.559+0000] {processor.py:914} INFO - Processing file /opt/airflow/dags/second_dag.py for tasks to queue
[2025-03-06T22:45:47.561+0000] {logging_mixin.py:190} INFO - [2025-03-06T22:45:47.560+0000] {dagbag.py:588} INFO - Filling up the DagBag from /opt/airflow/dags/second_dag.py
[2025-03-06T22:45:47.577+0000] {processor.py:925} INFO - DAG(s) 'second_dag' retrieved from /opt/airflow/dags/second_dag.py
[2025-03-06T22:45:47.604+0000] {logging_mixin.py:190} INFO - [2025-03-06T22:45:47.604+0000] {dag.py:3239} INFO - Sync 1 DAGs
[2025-03-06T22:45:47.613+0000] {logging_mixin.py:190} INFO - [2025-03-06T22:45:47.613+0000] {dag.py:4180} INFO - Setting next_dagrun for second_dag to None, run_after=None
[2025-03-06T22:45:47.626+0000] {processor.py:208} INFO - Processing /opt/airflow/dags/second_dag.py took 0.074 seconds
[2025-03-06T23:01:23.893+0000] {processor.py:186} INFO - Started process (PID=446) to work on /opt/airflow/dags/second_dag.py
[2025-03-06T23:01:23.895+0000] {processor.py:914} INFO - Processing file /opt/airflow/dags/second_dag.py for tasks to queue
[2025-03-06T23:01:23.897+0000] {logging_mixin.py:190} INFO - [2025-03-06T23:01:23.896+0000] {dagbag.py:588} INFO - Filling up the DagBag from /opt/airflow/dags/second_dag.py
[2025-03-06T23:01:23.916+0000] {processor.py:925} INFO - DAG(s) 'second_dag' retrieved from /opt/airflow/dags/second_dag.py
[2025-03-06T23:01:23.945+0000] {logging_mixin.py:190} INFO - [2025-03-06T23:01:23.944+0000] {dag.py:3239} INFO - Sync 1 DAGs
[2025-03-06T23:01:23.963+0000] {logging_mixin.py:190} INFO - [2025-03-06T23:01:23.962+0000] {dag.py:4180} INFO - Setting next_dagrun for second_dag to None, run_after=None
[2025-03-06T23:01:23.971+0000] {processor.py:208} INFO - Processing /opt/airflow/dags/second_dag.py took 0.085 seconds
[2025-03-06T23:01:54.372+0000] {processor.py:186} INFO - Started process (PID=455) to work on /opt/airflow/dags/second_dag.py
[2025-03-06T23:01:54.376+0000] {processor.py:914} INFO - Processing file /opt/airflow/dags/second_dag.py for tasks to queue
[2025-03-06T23:01:54.377+0000] {logging_mixin.py:190} INFO - [2025-03-06T23:01:54.377+0000] {dagbag.py:588} INFO - Filling up the DagBag from /opt/airflow/dags/second_dag.py
[2025-03-06T23:01:54.405+0000] {processor.py:925} INFO - DAG(s) 'second_dag' retrieved from /opt/airflow/dags/second_dag.py
[2025-03-06T23:01:54.438+0000] {logging_mixin.py:190} INFO - [2025-03-06T23:01:54.438+0000] {dag.py:3239} INFO - Sync 1 DAGs
[2025-03-06T23:01:54.454+0000] {logging_mixin.py:190} INFO - [2025-03-06T23:01:54.453+0000] {dag.py:4180} INFO - Setting next_dagrun for second_dag to None, run_after=None
[2025-03-06T23:01:54.468+0000] {processor.py:208} INFO - Processing /opt/airflow/dags/second_dag.py took 0.118 seconds
[2025-03-06T23:17:49.539+0000] {processor.py:186} INFO - Started process (PID=464) to work on /opt/airflow/dags/second_dag.py
[2025-03-06T23:17:49.541+0000] {processor.py:914} INFO - Processing file /opt/airflow/dags/second_dag.py for tasks to queue
[2025-03-06T23:17:49.542+0000] {logging_mixin.py:190} INFO - [2025-03-06T23:17:49.541+0000] {dagbag.py:588} INFO - Filling up the DagBag from /opt/airflow/dags/second_dag.py
[2025-03-06T23:17:49.568+0000] {processor.py:925} INFO - DAG(s) 'second_dag' retrieved from /opt/airflow/dags/second_dag.py
[2025-03-06T23:17:49.592+0000] {logging_mixin.py:190} INFO - [2025-03-06T23:17:49.592+0000] {dag.py:3239} INFO - Sync 1 DAGs
[2025-03-06T23:17:49.608+0000] {logging_mixin.py:190} INFO - [2025-03-06T23:17:49.607+0000] {dag.py:4180} INFO - Setting next_dagrun for second_dag to None, run_after=None
[2025-03-06T23:17:49.621+0000] {processor.py:208} INFO - Processing /opt/airflow/dags/second_dag.py took 0.091 seconds
[2025-03-06T23:33:45.409+0000] {processor.py:186} INFO - Started process (PID=473) to work on /opt/airflow/dags/second_dag.py
[2025-03-06T23:33:45.410+0000] {processor.py:914} INFO - Processing file /opt/airflow/dags/second_dag.py for tasks to queue
[2025-03-06T23:33:45.413+0000] {logging_mixin.py:190} INFO - [2025-03-06T23:33:45.412+0000] {dagbag.py:588} INFO - Filling up the DagBag from /opt/airflow/dags/second_dag.py
[2025-03-06T23:33:45.432+0000] {processor.py:925} INFO - DAG(s) 'second_dag' retrieved from /opt/airflow/dags/second_dag.py
[2025-03-06T23:33:45.463+0000] {logging_mixin.py:190} INFO - [2025-03-06T23:33:45.463+0000] {dag.py:3239} INFO - Sync 1 DAGs
[2025-03-06T23:33:45.481+0000] {logging_mixin.py:190} INFO - [2025-03-06T23:33:45.481+0000] {dag.py:4180} INFO - Setting next_dagrun for second_dag to None, run_after=None
[2025-03-06T23:33:45.493+0000] {processor.py:208} INFO - Processing /opt/airflow/dags/second_dag.py took 0.089 seconds
[2025-03-06T23:49:20.867+0000] {processor.py:186} INFO - Started process (PID=482) to work on /opt/airflow/dags/second_dag.py
[2025-03-06T23:49:20.870+0000] {processor.py:914} INFO - Processing file /opt/airflow/dags/second_dag.py for tasks to queue
[2025-03-06T23:49:20.872+0000] {logging_mixin.py:190} INFO - [2025-03-06T23:49:20.871+0000] {dagbag.py:588} INFO - Filling up the DagBag from /opt/airflow/dags/second_dag.py
[2025-03-06T23:49:20.905+0000] {processor.py:925} INFO - DAG(s) 'second_dag' retrieved from /opt/airflow/dags/second_dag.py
[2025-03-06T23:49:20.943+0000] {logging_mixin.py:190} INFO - [2025-03-06T23:49:20.943+0000] {dag.py:3239} INFO - Sync 1 DAGs
[2025-03-06T23:49:20.955+0000] {logging_mixin.py:190} INFO - [2025-03-06T23:49:20.955+0000] {dag.py:4180} INFO - Setting next_dagrun for second_dag to None, run_after=None
[2025-03-06T23:49:20.965+0000] {processor.py:208} INFO - Processing /opt/airflow/dags/second_dag.py took 0.117 seconds
[2025-03-06T23:49:51.377+0000] {processor.py:186} INFO - Started process (PID=491) to work on /opt/airflow/dags/second_dag.py
[2025-03-06T23:49:51.383+0000] {processor.py:914} INFO - Processing file /opt/airflow/dags/second_dag.py for tasks to queue
[2025-03-06T23:49:51.387+0000] {logging_mixin.py:190} INFO - [2025-03-06T23:49:51.387+0000] {dagbag.py:588} INFO - Filling up the DagBag from /opt/airflow/dags/second_dag.py
[2025-03-06T23:49:51.406+0000] {processor.py:925} INFO - DAG(s) 'second_dag' retrieved from /opt/airflow/dags/second_dag.py
[2025-03-06T23:49:51.436+0000] {logging_mixin.py:190} INFO - [2025-03-06T23:49:51.436+0000] {dag.py:3239} INFO - Sync 1 DAGs
[2025-03-06T23:49:51.454+0000] {logging_mixin.py:190} INFO - [2025-03-06T23:49:51.454+0000] {dag.py:4180} INFO - Setting next_dagrun for second_dag to None, run_after=None
[2025-03-06T23:49:51.470+0000] {processor.py:208} INFO - Processing /opt/airflow/dags/second_dag.py took 0.103 seconds
