[2025-03-07T00:05:46.826+0000] {processor.py:186} INFO - Started process (PID=502) to work on /opt/airflow/dags/main_dag.py
[2025-03-07T00:05:46.828+0000] {processor.py:914} INFO - Processing file /opt/airflow/dags/main_dag.py for tasks to queue
[2025-03-07T00:05:46.830+0000] {logging_mixin.py:190} INFO - [2025-03-07T00:05:46.830+0000] {dagbag.py:588} INFO - Filling up the DagBag from /opt/airflow/dags/main_dag.py
[2025-03-07T00:05:46.865+0000] {processor.py:925} INFO - DAG(s) 'hello_world_dag' retrieved from /opt/airflow/dags/main_dag.py
[2025-03-07T00:05:46.877+0000] {logging_mixin.py:190} INFO - [2025-03-07T00:05:46.877+0000] {dag.py:3239} INFO - Sync 1 DAGs
[2025-03-07T00:05:46.895+0000] {logging_mixin.py:190} INFO - [2025-03-07T00:05:46.895+0000] {dag.py:4180} INFO - Setting next_dagrun for hello_world_dag to None, run_after=None
[2025-03-07T00:05:46.906+0000] {processor.py:208} INFO - Processing /opt/airflow/dags/main_dag.py took 0.085 seconds
[2025-03-07T00:21:43.081+0000] {processor.py:186} INFO - Started process (PID=511) to work on /opt/airflow/dags/main_dag.py
[2025-03-07T00:21:43.082+0000] {processor.py:914} INFO - Processing file /opt/airflow/dags/main_dag.py for tasks to queue
[2025-03-07T00:21:43.083+0000] {logging_mixin.py:190} INFO - [2025-03-07T00:21:43.083+0000] {dagbag.py:588} INFO - Filling up the DagBag from /opt/airflow/dags/main_dag.py
[2025-03-07T00:21:43.104+0000] {processor.py:925} INFO - DAG(s) 'hello_world_dag' retrieved from /opt/airflow/dags/main_dag.py
[2025-03-07T00:21:43.111+0000] {logging_mixin.py:190} INFO - [2025-03-07T00:21:43.111+0000] {dag.py:3239} INFO - Sync 1 DAGs
[2025-03-07T00:21:43.117+0000] {logging_mixin.py:190} INFO - [2025-03-07T00:21:43.117+0000] {dag.py:4180} INFO - Setting next_dagrun for hello_world_dag to None, run_after=None
[2025-03-07T00:21:43.123+0000] {processor.py:208} INFO - Processing /opt/airflow/dags/main_dag.py took 0.047 seconds
[2025-03-07T00:31:18.548+0000] {processor.py:186} INFO - Started process (PID=520) to work on /opt/airflow/dags/main_dag.py
[2025-03-07T00:31:18.548+0000] {processor.py:914} INFO - Processing file /opt/airflow/dags/main_dag.py for tasks to queue
[2025-03-07T00:31:18.549+0000] {logging_mixin.py:190} INFO - [2025-03-07T00:31:18.549+0000] {dagbag.py:588} INFO - Filling up the DagBag from /opt/airflow/dags/main_dag.py
[2025-03-07T00:31:18.570+0000] {processor.py:925} INFO - DAG(s) 'hello_world_dag' retrieved from /opt/airflow/dags/main_dag.py
[2025-03-07T00:31:18.586+0000] {logging_mixin.py:190} INFO - [2025-03-07T00:31:18.586+0000] {dag.py:3239} INFO - Sync 1 DAGs
[2025-03-07T00:31:18.603+0000] {logging_mixin.py:190} INFO - [2025-03-07T00:31:18.603+0000] {dag.py:4180} INFO - Setting next_dagrun for hello_world_dag to None, run_after=None
[2025-03-07T00:31:18.631+0000] {processor.py:208} INFO - Processing /opt/airflow/dags/main_dag.py took 0.087 seconds
[2025-03-07T00:47:07.945+0000] {processor.py:186} INFO - Started process (PID=529) to work on /opt/airflow/dags/main_dag.py
[2025-03-07T00:47:07.949+0000] {processor.py:914} INFO - Processing file /opt/airflow/dags/main_dag.py for tasks to queue
[2025-03-07T00:47:07.950+0000] {logging_mixin.py:190} INFO - [2025-03-07T00:47:07.950+0000] {dagbag.py:588} INFO - Filling up the DagBag from /opt/airflow/dags/main_dag.py
[2025-03-07T00:47:07.977+0000] {processor.py:925} INFO - DAG(s) 'hello_world_dag' retrieved from /opt/airflow/dags/main_dag.py
[2025-03-07T00:47:07.986+0000] {logging_mixin.py:190} INFO - [2025-03-07T00:47:07.986+0000] {dag.py:3239} INFO - Sync 1 DAGs
[2025-03-07T00:47:07.994+0000] {logging_mixin.py:190} INFO - [2025-03-07T00:47:07.994+0000] {dag.py:4180} INFO - Setting next_dagrun for hello_world_dag to None, run_after=None
[2025-03-07T00:47:08.001+0000] {processor.py:208} INFO - Processing /opt/airflow/dags/main_dag.py took 0.063 seconds
[2025-03-07T01:03:58.033+0000] {processor.py:186} INFO - Started process (PID=538) to work on /opt/airflow/dags/main_dag.py
[2025-03-07T01:03:58.033+0000] {processor.py:914} INFO - Processing file /opt/airflow/dags/main_dag.py for tasks to queue
[2025-03-07T01:03:58.034+0000] {logging_mixin.py:190} INFO - [2025-03-07T01:03:58.034+0000] {dagbag.py:588} INFO - Filling up the DagBag from /opt/airflow/dags/main_dag.py
[2025-03-07T01:03:58.054+0000] {processor.py:925} INFO - DAG(s) 'hello_world_dag' retrieved from /opt/airflow/dags/main_dag.py
[2025-03-07T01:03:58.060+0000] {logging_mixin.py:190} INFO - [2025-03-07T01:03:58.060+0000] {dag.py:3239} INFO - Sync 1 DAGs
[2025-03-07T01:03:58.066+0000] {logging_mixin.py:190} INFO - [2025-03-07T01:03:58.066+0000] {dag.py:4180} INFO - Setting next_dagrun for hello_world_dag to None, run_after=None
[2025-03-07T01:03:58.072+0000] {processor.py:208} INFO - Processing /opt/airflow/dags/main_dag.py took 0.042 seconds
[2025-03-07T01:04:28.522+0000] {processor.py:186} INFO - Started process (PID=547) to work on /opt/airflow/dags/main_dag.py
[2025-03-07T01:04:28.523+0000] {processor.py:914} INFO - Processing file /opt/airflow/dags/main_dag.py for tasks to queue
[2025-03-07T01:04:28.524+0000] {logging_mixin.py:190} INFO - [2025-03-07T01:04:28.524+0000] {dagbag.py:588} INFO - Filling up the DagBag from /opt/airflow/dags/main_dag.py
[2025-03-07T01:04:28.544+0000] {processor.py:925} INFO - DAG(s) 'hello_world_dag' retrieved from /opt/airflow/dags/main_dag.py
[2025-03-07T01:04:28.554+0000] {logging_mixin.py:190} INFO - [2025-03-07T01:04:28.554+0000] {dag.py:3239} INFO - Sync 1 DAGs
[2025-03-07T01:04:28.560+0000] {logging_mixin.py:190} INFO - [2025-03-07T01:04:28.560+0000] {dag.py:4180} INFO - Setting next_dagrun for hello_world_dag to None, run_after=None
[2025-03-07T01:04:28.566+0000] {processor.py:208} INFO - Processing /opt/airflow/dags/main_dag.py took 0.048 seconds
[2025-03-07T01:20:23.671+0000] {processor.py:186} INFO - Started process (PID=556) to work on /opt/airflow/dags/main_dag.py
[2025-03-07T01:20:23.673+0000] {processor.py:914} INFO - Processing file /opt/airflow/dags/main_dag.py for tasks to queue
[2025-03-07T01:20:23.674+0000] {logging_mixin.py:190} INFO - [2025-03-07T01:20:23.674+0000] {dagbag.py:588} INFO - Filling up the DagBag from /opt/airflow/dags/main_dag.py
[2025-03-07T01:20:23.692+0000] {processor.py:925} INFO - DAG(s) 'hello_world_dag' retrieved from /opt/airflow/dags/main_dag.py
[2025-03-07T01:20:23.698+0000] {logging_mixin.py:190} INFO - [2025-03-07T01:20:23.698+0000] {dag.py:3239} INFO - Sync 1 DAGs
[2025-03-07T01:20:23.705+0000] {logging_mixin.py:190} INFO - [2025-03-07T01:20:23.705+0000] {dag.py:4180} INFO - Setting next_dagrun for hello_world_dag to None, run_after=None
[2025-03-07T01:20:23.711+0000] {processor.py:208} INFO - Processing /opt/airflow/dags/main_dag.py took 0.046 seconds
[2025-03-07T01:36:19.942+0000] {processor.py:186} INFO - Started process (PID=565) to work on /opt/airflow/dags/main_dag.py
[2025-03-07T01:36:19.943+0000] {processor.py:914} INFO - Processing file /opt/airflow/dags/main_dag.py for tasks to queue
[2025-03-07T01:36:19.944+0000] {logging_mixin.py:190} INFO - [2025-03-07T01:36:19.943+0000] {dagbag.py:588} INFO - Filling up the DagBag from /opt/airflow/dags/main_dag.py
[2025-03-07T01:36:19.965+0000] {processor.py:925} INFO - DAG(s) 'hello_world_dag' retrieved from /opt/airflow/dags/main_dag.py
[2025-03-07T01:36:19.971+0000] {logging_mixin.py:190} INFO - [2025-03-07T01:36:19.971+0000] {dag.py:3239} INFO - Sync 1 DAGs
[2025-03-07T01:36:19.979+0000] {logging_mixin.py:190} INFO - [2025-03-07T01:36:19.979+0000] {dag.py:4180} INFO - Setting next_dagrun for hello_world_dag to None, run_after=None
[2025-03-07T01:36:19.985+0000] {processor.py:208} INFO - Processing /opt/airflow/dags/main_dag.py took 0.047 seconds
[2025-03-07T01:52:15.215+0000] {processor.py:186} INFO - Started process (PID=574) to work on /opt/airflow/dags/main_dag.py
[2025-03-07T01:52:15.216+0000] {processor.py:914} INFO - Processing file /opt/airflow/dags/main_dag.py for tasks to queue
[2025-03-07T01:52:15.217+0000] {logging_mixin.py:190} INFO - [2025-03-07T01:52:15.217+0000] {dagbag.py:588} INFO - Filling up the DagBag from /opt/airflow/dags/main_dag.py
[2025-03-07T01:52:15.235+0000] {processor.py:925} INFO - DAG(s) 'hello_world_dag' retrieved from /opt/airflow/dags/main_dag.py
[2025-03-07T01:52:15.241+0000] {logging_mixin.py:190} INFO - [2025-03-07T01:52:15.241+0000] {dag.py:3239} INFO - Sync 1 DAGs
[2025-03-07T01:52:15.248+0000] {logging_mixin.py:190} INFO - [2025-03-07T01:52:15.248+0000] {dag.py:4180} INFO - Setting next_dagrun for hello_world_dag to None, run_after=None
[2025-03-07T01:52:15.254+0000] {processor.py:208} INFO - Processing /opt/airflow/dags/main_dag.py took 0.046 seconds
[2025-03-07T01:52:45.741+0000] {processor.py:186} INFO - Started process (PID=583) to work on /opt/airflow/dags/main_dag.py
[2025-03-07T01:52:45.742+0000] {processor.py:914} INFO - Processing file /opt/airflow/dags/main_dag.py for tasks to queue
[2025-03-07T01:52:45.743+0000] {logging_mixin.py:190} INFO - [2025-03-07T01:52:45.743+0000] {dagbag.py:588} INFO - Filling up the DagBag from /opt/airflow/dags/main_dag.py
[2025-03-07T01:52:45.765+0000] {processor.py:925} INFO - DAG(s) 'hello_world_dag' retrieved from /opt/airflow/dags/main_dag.py
[2025-03-07T01:52:45.772+0000] {logging_mixin.py:190} INFO - [2025-03-07T01:52:45.771+0000] {dag.py:3239} INFO - Sync 1 DAGs
[2025-03-07T01:52:45.779+0000] {logging_mixin.py:190} INFO - [2025-03-07T01:52:45.779+0000] {dag.py:4180} INFO - Setting next_dagrun for hello_world_dag to None, run_after=None
[2025-03-07T01:52:45.786+0000] {processor.py:208} INFO - Processing /opt/airflow/dags/main_dag.py took 0.057 seconds
[2025-03-07T02:08:41.054+0000] {processor.py:186} INFO - Started process (PID=592) to work on /opt/airflow/dags/main_dag.py
[2025-03-07T02:08:41.055+0000] {processor.py:914} INFO - Processing file /opt/airflow/dags/main_dag.py for tasks to queue
[2025-03-07T02:08:41.056+0000] {logging_mixin.py:190} INFO - [2025-03-07T02:08:41.056+0000] {dagbag.py:588} INFO - Filling up the DagBag from /opt/airflow/dags/main_dag.py
[2025-03-07T02:08:41.075+0000] {processor.py:925} INFO - DAG(s) 'hello_world_dag' retrieved from /opt/airflow/dags/main_dag.py
[2025-03-07T02:08:41.081+0000] {logging_mixin.py:190} INFO - [2025-03-07T02:08:41.081+0000] {dag.py:3239} INFO - Sync 1 DAGs
[2025-03-07T02:08:41.086+0000] {logging_mixin.py:190} INFO - [2025-03-07T02:08:41.086+0000] {dag.py:4180} INFO - Setting next_dagrun for hello_world_dag to None, run_after=None
[2025-03-07T02:08:41.092+0000] {processor.py:208} INFO - Processing /opt/airflow/dags/main_dag.py took 0.047 seconds
[2025-03-07T02:24:37.232+0000] {processor.py:186} INFO - Started process (PID=601) to work on /opt/airflow/dags/main_dag.py
[2025-03-07T02:24:37.235+0000] {processor.py:914} INFO - Processing file /opt/airflow/dags/main_dag.py for tasks to queue
[2025-03-07T02:24:37.236+0000] {logging_mixin.py:190} INFO - [2025-03-07T02:24:37.236+0000] {dagbag.py:588} INFO - Filling up the DagBag from /opt/airflow/dags/main_dag.py
[2025-03-07T02:24:37.256+0000] {processor.py:925} INFO - DAG(s) 'hello_world_dag' retrieved from /opt/airflow/dags/main_dag.py
[2025-03-07T02:24:37.263+0000] {logging_mixin.py:190} INFO - [2025-03-07T02:24:37.263+0000] {dag.py:3239} INFO - Sync 1 DAGs
[2025-03-07T02:24:37.268+0000] {logging_mixin.py:190} INFO - [2025-03-07T02:24:37.268+0000] {dag.py:4180} INFO - Setting next_dagrun for hello_world_dag to None, run_after=None
[2025-03-07T02:24:37.274+0000] {processor.py:208} INFO - Processing /opt/airflow/dags/main_dag.py took 0.047 seconds
[2025-03-07T02:25:07.668+0000] {processor.py:186} INFO - Started process (PID=610) to work on /opt/airflow/dags/main_dag.py
[2025-03-07T02:25:07.669+0000] {processor.py:914} INFO - Processing file /opt/airflow/dags/main_dag.py for tasks to queue
[2025-03-07T02:25:07.670+0000] {logging_mixin.py:190} INFO - [2025-03-07T02:25:07.670+0000] {dagbag.py:588} INFO - Filling up the DagBag from /opt/airflow/dags/main_dag.py
[2025-03-07T02:25:07.688+0000] {processor.py:925} INFO - DAG(s) 'hello_world_dag' retrieved from /opt/airflow/dags/main_dag.py
[2025-03-07T02:25:07.695+0000] {logging_mixin.py:190} INFO - [2025-03-07T02:25:07.695+0000] {dag.py:3239} INFO - Sync 1 DAGs
[2025-03-07T02:25:07.701+0000] {logging_mixin.py:190} INFO - [2025-03-07T02:25:07.701+0000] {dag.py:4180} INFO - Setting next_dagrun for hello_world_dag to None, run_after=None
[2025-03-07T02:25:07.707+0000] {processor.py:208} INFO - Processing /opt/airflow/dags/main_dag.py took 0.043 seconds
[2025-03-07T02:32:26.294+0000] {processor.py:186} INFO - Started process (PID=619) to work on /opt/airflow/dags/main_dag.py
[2025-03-07T02:32:26.295+0000] {processor.py:914} INFO - Processing file /opt/airflow/dags/main_dag.py for tasks to queue
[2025-03-07T02:32:26.296+0000] {logging_mixin.py:190} INFO - [2025-03-07T02:32:26.296+0000] {dagbag.py:588} INFO - Filling up the DagBag from /opt/airflow/dags/main_dag.py
[2025-03-07T02:32:26.315+0000] {processor.py:925} INFO - DAG(s) 'hello_world_dag' retrieved from /opt/airflow/dags/main_dag.py
[2025-03-07T02:32:26.322+0000] {logging_mixin.py:190} INFO - [2025-03-07T02:32:26.322+0000] {dag.py:3239} INFO - Sync 1 DAGs
[2025-03-07T02:32:26.329+0000] {logging_mixin.py:190} INFO - [2025-03-07T02:32:26.329+0000] {dag.py:4180} INFO - Setting next_dagrun for hello_world_dag to None, run_after=None
[2025-03-07T02:32:26.337+0000] {processor.py:208} INFO - Processing /opt/airflow/dags/main_dag.py took 0.047 seconds
[2025-03-07T02:48:21.418+0000] {processor.py:186} INFO - Started process (PID=627) to work on /opt/airflow/dags/main_dag.py
[2025-03-07T02:48:21.420+0000] {processor.py:914} INFO - Processing file /opt/airflow/dags/main_dag.py for tasks to queue
[2025-03-07T02:48:21.422+0000] {logging_mixin.py:190} INFO - [2025-03-07T02:48:21.422+0000] {dagbag.py:588} INFO - Filling up the DagBag from /opt/airflow/dags/main_dag.py
[2025-03-07T02:48:21.439+0000] {processor.py:925} INFO - DAG(s) 'hello_world_dag' retrieved from /opt/airflow/dags/main_dag.py
[2025-03-07T02:48:21.445+0000] {logging_mixin.py:190} INFO - [2025-03-07T02:48:21.445+0000] {dag.py:3239} INFO - Sync 1 DAGs
[2025-03-07T02:48:21.451+0000] {logging_mixin.py:190} INFO - [2025-03-07T02:48:21.451+0000] {dag.py:4180} INFO - Setting next_dagrun for hello_world_dag to None, run_after=None
[2025-03-07T02:48:21.457+0000] {processor.py:208} INFO - Processing /opt/airflow/dags/main_dag.py took 0.043 seconds
[2025-03-07T02:48:51.998+0000] {processor.py:186} INFO - Started process (PID=636) to work on /opt/airflow/dags/main_dag.py
[2025-03-07T02:48:51.999+0000] {processor.py:914} INFO - Processing file /opt/airflow/dags/main_dag.py for tasks to queue
[2025-03-07T02:48:52.002+0000] {logging_mixin.py:190} INFO - [2025-03-07T02:48:52.001+0000] {dagbag.py:588} INFO - Filling up the DagBag from /opt/airflow/dags/main_dag.py
[2025-03-07T02:48:52.019+0000] {processor.py:925} INFO - DAG(s) 'hello_world_dag' retrieved from /opt/airflow/dags/main_dag.py
[2025-03-07T02:48:52.025+0000] {logging_mixin.py:190} INFO - [2025-03-07T02:48:52.025+0000] {dag.py:3239} INFO - Sync 1 DAGs
[2025-03-07T02:48:52.034+0000] {logging_mixin.py:190} INFO - [2025-03-07T02:48:52.033+0000] {dag.py:4180} INFO - Setting next_dagrun for hello_world_dag to None, run_after=None
[2025-03-07T02:48:52.040+0000] {processor.py:208} INFO - Processing /opt/airflow/dags/main_dag.py took 0.049 seconds
[2025-03-07T03:04:47.148+0000] {processor.py:186} INFO - Started process (PID=645) to work on /opt/airflow/dags/main_dag.py
[2025-03-07T03:04:47.150+0000] {processor.py:914} INFO - Processing file /opt/airflow/dags/main_dag.py for tasks to queue
[2025-03-07T03:04:47.151+0000] {logging_mixin.py:190} INFO - [2025-03-07T03:04:47.150+0000] {dagbag.py:588} INFO - Filling up the DagBag from /opt/airflow/dags/main_dag.py
[2025-03-07T03:04:47.170+0000] {processor.py:925} INFO - DAG(s) 'hello_world_dag' retrieved from /opt/airflow/dags/main_dag.py
[2025-03-07T03:04:47.177+0000] {logging_mixin.py:190} INFO - [2025-03-07T03:04:47.177+0000] {dag.py:3239} INFO - Sync 1 DAGs
[2025-03-07T03:04:47.183+0000] {logging_mixin.py:190} INFO - [2025-03-07T03:04:47.182+0000] {dag.py:4180} INFO - Setting next_dagrun for hello_world_dag to None, run_after=None
[2025-03-07T03:04:47.188+0000] {processor.py:208} INFO - Processing /opt/airflow/dags/main_dag.py took 0.046 seconds
[2025-03-07T03:20:43.309+0000] {processor.py:186} INFO - Started process (PID=654) to work on /opt/airflow/dags/main_dag.py
[2025-03-07T03:20:43.310+0000] {processor.py:914} INFO - Processing file /opt/airflow/dags/main_dag.py for tasks to queue
[2025-03-07T03:20:43.312+0000] {logging_mixin.py:190} INFO - [2025-03-07T03:20:43.312+0000] {dagbag.py:588} INFO - Filling up the DagBag from /opt/airflow/dags/main_dag.py
[2025-03-07T03:20:43.334+0000] {processor.py:925} INFO - DAG(s) 'hello_world_dag' retrieved from /opt/airflow/dags/main_dag.py
[2025-03-07T03:20:43.341+0000] {logging_mixin.py:190} INFO - [2025-03-07T03:20:43.341+0000] {dag.py:3239} INFO - Sync 1 DAGs
[2025-03-07T03:20:43.348+0000] {logging_mixin.py:190} INFO - [2025-03-07T03:20:43.348+0000] {dag.py:4180} INFO - Setting next_dagrun for hello_world_dag to None, run_after=None
[2025-03-07T03:20:43.356+0000] {processor.py:208} INFO - Processing /opt/airflow/dags/main_dag.py took 0.051 seconds
[2025-03-07T03:33:06.491+0000] {processor.py:186} INFO - Started process (PID=663) to work on /opt/airflow/dags/main_dag.py
[2025-03-07T03:33:06.493+0000] {processor.py:914} INFO - Processing file /opt/airflow/dags/main_dag.py for tasks to queue
[2025-03-07T03:33:06.494+0000] {logging_mixin.py:190} INFO - [2025-03-07T03:33:06.494+0000] {dagbag.py:588} INFO - Filling up the DagBag from /opt/airflow/dags/main_dag.py
[2025-03-07T03:33:06.515+0000] {processor.py:925} INFO - DAG(s) 'hello_world_dag' retrieved from /opt/airflow/dags/main_dag.py
[2025-03-07T03:33:06.522+0000] {logging_mixin.py:190} INFO - [2025-03-07T03:33:06.522+0000] {dag.py:3239} INFO - Sync 1 DAGs
[2025-03-07T03:33:06.528+0000] {logging_mixin.py:190} INFO - [2025-03-07T03:33:06.528+0000] {dag.py:4180} INFO - Setting next_dagrun for hello_world_dag to None, run_after=None
[2025-03-07T03:33:06.534+0000] {processor.py:208} INFO - Processing /opt/airflow/dags/main_dag.py took 0.046 seconds
[2025-03-07T03:49:00.876+0000] {processor.py:186} INFO - Started process (PID=672) to work on /opt/airflow/dags/main_dag.py
[2025-03-07T03:49:00.877+0000] {processor.py:914} INFO - Processing file /opt/airflow/dags/main_dag.py for tasks to queue
[2025-03-07T03:49:00.878+0000] {logging_mixin.py:190} INFO - [2025-03-07T03:49:00.878+0000] {dagbag.py:588} INFO - Filling up the DagBag from /opt/airflow/dags/main_dag.py
[2025-03-07T03:49:00.894+0000] {processor.py:925} INFO - DAG(s) 'hello_world_dag' retrieved from /opt/airflow/dags/main_dag.py
[2025-03-07T03:49:00.900+0000] {logging_mixin.py:190} INFO - [2025-03-07T03:49:00.900+0000] {dag.py:3239} INFO - Sync 1 DAGs
[2025-03-07T03:49:00.906+0000] {logging_mixin.py:190} INFO - [2025-03-07T03:49:00.906+0000] {dag.py:4180} INFO - Setting next_dagrun for hello_world_dag to None, run_after=None
[2025-03-07T03:49:00.912+0000] {processor.py:208} INFO - Processing /opt/airflow/dags/main_dag.py took 0.040 seconds
[2025-03-07T03:49:31.296+0000] {processor.py:186} INFO - Started process (PID=681) to work on /opt/airflow/dags/main_dag.py
[2025-03-07T03:49:31.297+0000] {processor.py:914} INFO - Processing file /opt/airflow/dags/main_dag.py for tasks to queue
[2025-03-07T03:49:31.298+0000] {logging_mixin.py:190} INFO - [2025-03-07T03:49:31.298+0000] {dagbag.py:588} INFO - Filling up the DagBag from /opt/airflow/dags/main_dag.py
[2025-03-07T03:49:31.319+0000] {processor.py:925} INFO - DAG(s) 'hello_world_dag' retrieved from /opt/airflow/dags/main_dag.py
[2025-03-07T03:49:31.325+0000] {logging_mixin.py:190} INFO - [2025-03-07T03:49:31.325+0000] {dag.py:3239} INFO - Sync 1 DAGs
[2025-03-07T03:49:31.332+0000] {logging_mixin.py:190} INFO - [2025-03-07T03:49:31.332+0000] {dag.py:4180} INFO - Setting next_dagrun for hello_world_dag to None, run_after=None
[2025-03-07T03:49:31.338+0000] {processor.py:208} INFO - Processing /opt/airflow/dags/main_dag.py took 0.049 seconds
[2025-03-07T04:05:26.554+0000] {processor.py:186} INFO - Started process (PID=690) to work on /opt/airflow/dags/main_dag.py
[2025-03-07T04:05:26.555+0000] {processor.py:914} INFO - Processing file /opt/airflow/dags/main_dag.py for tasks to queue
[2025-03-07T04:05:26.555+0000] {logging_mixin.py:190} INFO - [2025-03-07T04:05:26.555+0000] {dagbag.py:588} INFO - Filling up the DagBag from /opt/airflow/dags/main_dag.py
[2025-03-07T04:05:26.567+0000] {processor.py:925} INFO - DAG(s) 'hello_world_dag' retrieved from /opt/airflow/dags/main_dag.py
[2025-03-07T04:05:26.574+0000] {logging_mixin.py:190} INFO - [2025-03-07T04:05:26.573+0000] {dag.py:3239} INFO - Sync 1 DAGs
[2025-03-07T04:05:26.580+0000] {logging_mixin.py:190} INFO - [2025-03-07T04:05:26.580+0000] {dag.py:4180} INFO - Setting next_dagrun for hello_world_dag to None, run_after=None
[2025-03-07T04:05:26.588+0000] {processor.py:208} INFO - Processing /opt/airflow/dags/main_dag.py took 0.038 seconds
[2025-03-07T04:21:22.735+0000] {processor.py:186} INFO - Started process (PID=699) to work on /opt/airflow/dags/main_dag.py
[2025-03-07T04:21:22.736+0000] {processor.py:914} INFO - Processing file /opt/airflow/dags/main_dag.py for tasks to queue
[2025-03-07T04:21:22.738+0000] {logging_mixin.py:190} INFO - [2025-03-07T04:21:22.737+0000] {dagbag.py:588} INFO - Filling up the DagBag from /opt/airflow/dags/main_dag.py
[2025-03-07T04:21:22.756+0000] {processor.py:925} INFO - DAG(s) 'hello_world_dag' retrieved from /opt/airflow/dags/main_dag.py
[2025-03-07T04:21:22.762+0000] {logging_mixin.py:190} INFO - [2025-03-07T04:21:22.762+0000] {dag.py:3239} INFO - Sync 1 DAGs
[2025-03-07T04:21:22.769+0000] {logging_mixin.py:190} INFO - [2025-03-07T04:21:22.769+0000] {dag.py:4180} INFO - Setting next_dagrun for hello_world_dag to None, run_after=None
[2025-03-07T04:21:22.775+0000] {processor.py:208} INFO - Processing /opt/airflow/dags/main_dag.py took 0.044 seconds
[2025-03-07T04:34:03.756+0000] {processor.py:186} INFO - Started process (PID=708) to work on /opt/airflow/dags/main_dag.py
[2025-03-07T04:34:03.757+0000] {processor.py:914} INFO - Processing file /opt/airflow/dags/main_dag.py for tasks to queue
[2025-03-07T04:34:03.757+0000] {logging_mixin.py:190} INFO - [2025-03-07T04:34:03.757+0000] {dagbag.py:588} INFO - Filling up the DagBag from /opt/airflow/dags/main_dag.py
[2025-03-07T04:34:03.775+0000] {processor.py:925} INFO - DAG(s) 'hello_world_dag' retrieved from /opt/airflow/dags/main_dag.py
[2025-03-07T04:34:03.783+0000] {logging_mixin.py:190} INFO - [2025-03-07T04:34:03.783+0000] {dag.py:3239} INFO - Sync 1 DAGs
[2025-03-07T04:34:03.789+0000] {logging_mixin.py:190} INFO - [2025-03-07T04:34:03.789+0000] {dag.py:4180} INFO - Setting next_dagrun for hello_world_dag to None, run_after=None
[2025-03-07T04:34:03.795+0000] {processor.py:208} INFO - Processing /opt/airflow/dags/main_dag.py took 0.045 seconds
[2025-03-07T04:34:34.266+0000] {processor.py:186} INFO - Started process (PID=717) to work on /opt/airflow/dags/main_dag.py
[2025-03-07T04:34:34.266+0000] {processor.py:914} INFO - Processing file /opt/airflow/dags/main_dag.py for tasks to queue
[2025-03-07T04:34:34.267+0000] {logging_mixin.py:190} INFO - [2025-03-07T04:34:34.267+0000] {dagbag.py:588} INFO - Filling up the DagBag from /opt/airflow/dags/main_dag.py
[2025-03-07T04:34:34.283+0000] {processor.py:925} INFO - DAG(s) 'hello_world_dag' retrieved from /opt/airflow/dags/main_dag.py
[2025-03-07T04:34:34.289+0000] {logging_mixin.py:190} INFO - [2025-03-07T04:34:34.289+0000] {dag.py:3239} INFO - Sync 1 DAGs
[2025-03-07T04:34:34.295+0000] {logging_mixin.py:190} INFO - [2025-03-07T04:34:34.295+0000] {dag.py:4180} INFO - Setting next_dagrun for hello_world_dag to None, run_after=None
[2025-03-07T04:34:34.300+0000] {processor.py:208} INFO - Processing /opt/airflow/dags/main_dag.py took 0.039 seconds
[2025-03-07T04:50:16.758+0000] {processor.py:186} INFO - Started process (PID=726) to work on /opt/airflow/dags/main_dag.py
[2025-03-07T04:50:16.759+0000] {processor.py:914} INFO - Processing file /opt/airflow/dags/main_dag.py for tasks to queue
[2025-03-07T04:50:16.761+0000] {logging_mixin.py:190} INFO - [2025-03-07T04:50:16.761+0000] {dagbag.py:588} INFO - Filling up the DagBag from /opt/airflow/dags/main_dag.py
[2025-03-07T04:50:16.780+0000] {processor.py:925} INFO - DAG(s) 'hello_world_dag' retrieved from /opt/airflow/dags/main_dag.py
[2025-03-07T04:50:16.786+0000] {logging_mixin.py:190} INFO - [2025-03-07T04:50:16.785+0000] {dag.py:3239} INFO - Sync 1 DAGs
[2025-03-07T04:50:16.792+0000] {logging_mixin.py:190} INFO - [2025-03-07T04:50:16.792+0000] {dag.py:4180} INFO - Setting next_dagrun for hello_world_dag to None, run_after=None
[2025-03-07T04:50:16.798+0000] {processor.py:208} INFO - Processing /opt/airflow/dags/main_dag.py took 0.044 seconds
[2025-03-07T05:06:13.016+0000] {processor.py:186} INFO - Started process (PID=735) to work on /opt/airflow/dags/main_dag.py
[2025-03-07T05:06:13.017+0000] {processor.py:914} INFO - Processing file /opt/airflow/dags/main_dag.py for tasks to queue
[2025-03-07T05:06:13.018+0000] {logging_mixin.py:190} INFO - [2025-03-07T05:06:13.018+0000] {dagbag.py:588} INFO - Filling up the DagBag from /opt/airflow/dags/main_dag.py
[2025-03-07T05:06:13.038+0000] {processor.py:925} INFO - DAG(s) 'hello_world_dag' retrieved from /opt/airflow/dags/main_dag.py
[2025-03-07T05:06:13.043+0000] {logging_mixin.py:190} INFO - [2025-03-07T05:06:13.043+0000] {dag.py:3239} INFO - Sync 1 DAGs
[2025-03-07T05:06:13.052+0000] {logging_mixin.py:190} INFO - [2025-03-07T05:06:13.052+0000] {dag.py:4180} INFO - Setting next_dagrun for hello_world_dag to None, run_after=None
[2025-03-07T05:06:13.058+0000] {processor.py:208} INFO - Processing /opt/airflow/dags/main_dag.py took 0.045 seconds
[2025-03-07T05:06:43.372+0000] {processor.py:186} INFO - Started process (PID=744) to work on /opt/airflow/dags/main_dag.py
[2025-03-07T05:06:43.374+0000] {processor.py:914} INFO - Processing file /opt/airflow/dags/main_dag.py for tasks to queue
[2025-03-07T05:06:43.375+0000] {logging_mixin.py:190} INFO - [2025-03-07T05:06:43.375+0000] {dagbag.py:588} INFO - Filling up the DagBag from /opt/airflow/dags/main_dag.py
[2025-03-07T05:06:43.393+0000] {processor.py:925} INFO - DAG(s) 'hello_world_dag' retrieved from /opt/airflow/dags/main_dag.py
[2025-03-07T05:06:43.400+0000] {logging_mixin.py:190} INFO - [2025-03-07T05:06:43.399+0000] {dag.py:3239} INFO - Sync 1 DAGs
[2025-03-07T05:06:43.406+0000] {logging_mixin.py:190} INFO - [2025-03-07T05:06:43.406+0000] {dag.py:4180} INFO - Setting next_dagrun for hello_world_dag to None, run_after=None
[2025-03-07T05:06:43.412+0000] {processor.py:208} INFO - Processing /opt/airflow/dags/main_dag.py took 0.043 seconds
[2025-03-07T05:22:38.482+0000] {processor.py:186} INFO - Started process (PID=753) to work on /opt/airflow/dags/main_dag.py
[2025-03-07T05:22:38.483+0000] {processor.py:914} INFO - Processing file /opt/airflow/dags/main_dag.py for tasks to queue
[2025-03-07T05:22:38.486+0000] {logging_mixin.py:190} INFO - [2025-03-07T05:22:38.486+0000] {dagbag.py:588} INFO - Filling up the DagBag from /opt/airflow/dags/main_dag.py
[2025-03-07T05:22:38.505+0000] {processor.py:925} INFO - DAG(s) 'hello_world_dag' retrieved from /opt/airflow/dags/main_dag.py
[2025-03-07T05:22:38.511+0000] {logging_mixin.py:190} INFO - [2025-03-07T05:22:38.511+0000] {dag.py:3239} INFO - Sync 1 DAGs
[2025-03-07T05:22:38.517+0000] {logging_mixin.py:190} INFO - [2025-03-07T05:22:38.517+0000] {dag.py:4180} INFO - Setting next_dagrun for hello_world_dag to None, run_after=None
[2025-03-07T05:22:38.523+0000] {processor.py:208} INFO - Processing /opt/airflow/dags/main_dag.py took 0.047 seconds
[2025-03-07T05:35:13.519+0000] {processor.py:186} INFO - Started process (PID=762) to work on /opt/airflow/dags/main_dag.py
[2025-03-07T05:35:13.520+0000] {processor.py:914} INFO - Processing file /opt/airflow/dags/main_dag.py for tasks to queue
[2025-03-07T05:35:13.522+0000] {logging_mixin.py:190} INFO - [2025-03-07T05:35:13.521+0000] {dagbag.py:588} INFO - Filling up the DagBag from /opt/airflow/dags/main_dag.py
[2025-03-07T05:35:13.533+0000] {processor.py:925} INFO - DAG(s) 'hello_world_dag' retrieved from /opt/airflow/dags/main_dag.py
[2025-03-07T05:35:13.539+0000] {logging_mixin.py:190} INFO - [2025-03-07T05:35:13.539+0000] {dag.py:3239} INFO - Sync 1 DAGs
[2025-03-07T05:35:13.545+0000] {logging_mixin.py:190} INFO - [2025-03-07T05:35:13.545+0000] {dag.py:4180} INFO - Setting next_dagrun for hello_world_dag to None, run_after=None
[2025-03-07T05:35:13.551+0000] {processor.py:208} INFO - Processing /opt/airflow/dags/main_dag.py took 0.036 seconds
[2025-03-07T05:35:43.966+0000] {processor.py:186} INFO - Started process (PID=771) to work on /opt/airflow/dags/main_dag.py
[2025-03-07T05:35:43.967+0000] {processor.py:914} INFO - Processing file /opt/airflow/dags/main_dag.py for tasks to queue
[2025-03-07T05:35:43.967+0000] {logging_mixin.py:190} INFO - [2025-03-07T05:35:43.967+0000] {dagbag.py:588} INFO - Filling up the DagBag from /opt/airflow/dags/main_dag.py
[2025-03-07T05:35:43.982+0000] {processor.py:925} INFO - DAG(s) 'hello_world_dag' retrieved from /opt/airflow/dags/main_dag.py
[2025-03-07T05:35:43.989+0000] {logging_mixin.py:190} INFO - [2025-03-07T05:35:43.988+0000] {dag.py:3239} INFO - Sync 1 DAGs
[2025-03-07T05:35:43.994+0000] {logging_mixin.py:190} INFO - [2025-03-07T05:35:43.994+0000] {dag.py:4180} INFO - Setting next_dagrun for hello_world_dag to None, run_after=None
[2025-03-07T05:35:44.000+0000] {processor.py:208} INFO - Processing /opt/airflow/dags/main_dag.py took 0.038 seconds
[2025-03-07T05:51:39.095+0000] {processor.py:186} INFO - Started process (PID=780) to work on /opt/airflow/dags/main_dag.py
[2025-03-07T05:51:39.095+0000] {processor.py:914} INFO - Processing file /opt/airflow/dags/main_dag.py for tasks to queue
[2025-03-07T05:51:39.096+0000] {logging_mixin.py:190} INFO - [2025-03-07T05:51:39.096+0000] {dagbag.py:588} INFO - Filling up the DagBag from /opt/airflow/dags/main_dag.py
[2025-03-07T05:51:39.114+0000] {processor.py:925} INFO - DAG(s) 'hello_world_dag' retrieved from /opt/airflow/dags/main_dag.py
[2025-03-07T05:51:39.119+0000] {logging_mixin.py:190} INFO - [2025-03-07T05:51:39.119+0000] {dag.py:3239} INFO - Sync 1 DAGs
[2025-03-07T05:51:39.125+0000] {logging_mixin.py:190} INFO - [2025-03-07T05:51:39.125+0000] {dag.py:4180} INFO - Setting next_dagrun for hello_world_dag to None, run_after=None
[2025-03-07T05:51:39.131+0000] {processor.py:208} INFO - Processing /opt/airflow/dags/main_dag.py took 0.040 seconds
[2025-03-07T06:07:34.313+0000] {processor.py:186} INFO - Started process (PID=789) to work on /opt/airflow/dags/main_dag.py
[2025-03-07T06:07:34.314+0000] {processor.py:914} INFO - Processing file /opt/airflow/dags/main_dag.py for tasks to queue
[2025-03-07T06:07:34.316+0000] {logging_mixin.py:190} INFO - [2025-03-07T06:07:34.316+0000] {dagbag.py:588} INFO - Filling up the DagBag from /opt/airflow/dags/main_dag.py
[2025-03-07T06:07:34.334+0000] {processor.py:925} INFO - DAG(s) 'hello_world_dag' retrieved from /opt/airflow/dags/main_dag.py
[2025-03-07T06:07:34.344+0000] {logging_mixin.py:190} INFO - [2025-03-07T06:07:34.344+0000] {dag.py:3239} INFO - Sync 1 DAGs
[2025-03-07T06:07:34.351+0000] {logging_mixin.py:190} INFO - [2025-03-07T06:07:34.351+0000] {dag.py:4180} INFO - Setting next_dagrun for hello_world_dag to None, run_after=None
[2025-03-07T06:07:34.357+0000] {processor.py:208} INFO - Processing /opt/airflow/dags/main_dag.py took 0.053 seconds
[2025-03-07T06:08:04.919+0000] {processor.py:186} INFO - Started process (PID=798) to work on /opt/airflow/dags/main_dag.py
[2025-03-07T06:08:04.922+0000] {processor.py:914} INFO - Processing file /opt/airflow/dags/main_dag.py for tasks to queue
[2025-03-07T06:08:04.923+0000] {logging_mixin.py:190} INFO - [2025-03-07T06:08:04.923+0000] {dagbag.py:588} INFO - Filling up the DagBag from /opt/airflow/dags/main_dag.py
[2025-03-07T06:08:04.936+0000] {processor.py:925} INFO - DAG(s) 'hello_world_dag' retrieved from /opt/airflow/dags/main_dag.py
[2025-03-07T06:08:04.944+0000] {logging_mixin.py:190} INFO - [2025-03-07T06:08:04.944+0000] {dag.py:3239} INFO - Sync 1 DAGs
[2025-03-07T06:08:04.953+0000] {logging_mixin.py:190} INFO - [2025-03-07T06:08:04.953+0000] {dag.py:4180} INFO - Setting next_dagrun for hello_world_dag to None, run_after=None
[2025-03-07T06:08:04.959+0000] {processor.py:208} INFO - Processing /opt/airflow/dags/main_dag.py took 0.047 seconds
[2025-03-07T06:23:38.108+0000] {processor.py:186} INFO - Started process (PID=807) to work on /opt/airflow/dags/main_dag.py
[2025-03-07T06:23:38.109+0000] {processor.py:914} INFO - Processing file /opt/airflow/dags/main_dag.py for tasks to queue
[2025-03-07T06:23:38.110+0000] {logging_mixin.py:190} INFO - [2025-03-07T06:23:38.110+0000] {dagbag.py:588} INFO - Filling up the DagBag from /opt/airflow/dags/main_dag.py
[2025-03-07T06:23:38.131+0000] {processor.py:925} INFO - DAG(s) 'hello_world_dag' retrieved from /opt/airflow/dags/main_dag.py
[2025-03-07T06:23:38.137+0000] {logging_mixin.py:190} INFO - [2025-03-07T06:23:38.137+0000] {dag.py:3239} INFO - Sync 1 DAGs
[2025-03-07T06:23:38.144+0000] {logging_mixin.py:190} INFO - [2025-03-07T06:23:38.143+0000] {dag.py:4180} INFO - Setting next_dagrun for hello_world_dag to None, run_after=None
[2025-03-07T06:23:38.150+0000] {processor.py:208} INFO - Processing /opt/airflow/dags/main_dag.py took 0.045 seconds
[2025-03-07T06:36:22.494+0000] {processor.py:186} INFO - Started process (PID=816) to work on /opt/airflow/dags/main_dag.py
[2025-03-07T06:36:22.495+0000] {processor.py:914} INFO - Processing file /opt/airflow/dags/main_dag.py for tasks to queue
[2025-03-07T06:36:22.496+0000] {logging_mixin.py:190} INFO - [2025-03-07T06:36:22.496+0000] {dagbag.py:588} INFO - Filling up the DagBag from /opt/airflow/dags/main_dag.py
[2025-03-07T06:36:22.513+0000] {processor.py:925} INFO - DAG(s) 'hello_world_dag' retrieved from /opt/airflow/dags/main_dag.py
[2025-03-07T06:36:22.519+0000] {logging_mixin.py:190} INFO - [2025-03-07T06:36:22.519+0000] {dag.py:3239} INFO - Sync 1 DAGs
[2025-03-07T06:36:22.525+0000] {logging_mixin.py:190} INFO - [2025-03-07T06:36:22.525+0000] {dag.py:4180} INFO - Setting next_dagrun for hello_world_dag to None, run_after=None
[2025-03-07T06:36:22.530+0000] {processor.py:208} INFO - Processing /opt/airflow/dags/main_dag.py took 0.042 seconds
[2025-03-07T06:52:05.400+0000] {processor.py:186} INFO - Started process (PID=825) to work on /opt/airflow/dags/main_dag.py
[2025-03-07T06:52:05.400+0000] {processor.py:914} INFO - Processing file /opt/airflow/dags/main_dag.py for tasks to queue
[2025-03-07T06:52:05.402+0000] {logging_mixin.py:190} INFO - [2025-03-07T06:52:05.402+0000] {dagbag.py:588} INFO - Filling up the DagBag from /opt/airflow/dags/main_dag.py
[2025-03-07T06:52:05.430+0000] {processor.py:925} INFO - DAG(s) 'hello_world_dag' retrieved from /opt/airflow/dags/main_dag.py
[2025-03-07T06:52:05.438+0000] {logging_mixin.py:190} INFO - [2025-03-07T06:52:05.437+0000] {dag.py:3239} INFO - Sync 1 DAGs
[2025-03-07T06:52:05.444+0000] {logging_mixin.py:190} INFO - [2025-03-07T06:52:05.444+0000] {dag.py:4180} INFO - Setting next_dagrun for hello_world_dag to None, run_after=None
[2025-03-07T06:52:05.450+0000] {processor.py:208} INFO - Processing /opt/airflow/dags/main_dag.py took 0.054 seconds
[2025-03-07T07:08:01.646+0000] {processor.py:186} INFO - Started process (PID=835) to work on /opt/airflow/dags/main_dag.py
[2025-03-07T07:08:01.647+0000] {processor.py:914} INFO - Processing file /opt/airflow/dags/main_dag.py for tasks to queue
[2025-03-07T07:08:01.649+0000] {logging_mixin.py:190} INFO - [2025-03-07T07:08:01.649+0000] {dagbag.py:588} INFO - Filling up the DagBag from /opt/airflow/dags/main_dag.py
[2025-03-07T07:08:01.667+0000] {processor.py:925} INFO - DAG(s) 'hello_world_dag' retrieved from /opt/airflow/dags/main_dag.py
[2025-03-07T07:08:01.673+0000] {logging_mixin.py:190} INFO - [2025-03-07T07:08:01.673+0000] {dag.py:3239} INFO - Sync 1 DAGs
[2025-03-07T07:08:01.679+0000] {logging_mixin.py:190} INFO - [2025-03-07T07:08:01.679+0000] {dag.py:4180} INFO - Setting next_dagrun for hello_world_dag to None, run_after=None
[2025-03-07T07:08:01.685+0000] {processor.py:208} INFO - Processing /opt/airflow/dags/main_dag.py took 0.042 seconds
[2025-03-07T07:08:32.205+0000] {processor.py:186} INFO - Started process (PID=844) to work on /opt/airflow/dags/main_dag.py
[2025-03-07T07:08:32.206+0000] {processor.py:914} INFO - Processing file /opt/airflow/dags/main_dag.py for tasks to queue
[2025-03-07T07:08:32.208+0000] {logging_mixin.py:190} INFO - [2025-03-07T07:08:32.208+0000] {dagbag.py:588} INFO - Filling up the DagBag from /opt/airflow/dags/main_dag.py
[2025-03-07T07:08:32.233+0000] {processor.py:925} INFO - DAG(s) 'hello_world_dag' retrieved from /opt/airflow/dags/main_dag.py
[2025-03-07T07:08:32.257+0000] {logging_mixin.py:190} INFO - [2025-03-07T07:08:32.257+0000] {dag.py:3239} INFO - Sync 1 DAGs
[2025-03-07T07:08:32.273+0000] {logging_mixin.py:190} INFO - [2025-03-07T07:08:32.272+0000] {dag.py:4180} INFO - Setting next_dagrun for hello_world_dag to None, run_after=None
[2025-03-07T07:08:32.288+0000] {processor.py:208} INFO - Processing /opt/airflow/dags/main_dag.py took 0.089 seconds
[2025-03-07T07:24:27.435+0000] {processor.py:186} INFO - Started process (PID=853) to work on /opt/airflow/dags/main_dag.py
[2025-03-07T07:24:27.436+0000] {processor.py:914} INFO - Processing file /opt/airflow/dags/main_dag.py for tasks to queue
[2025-03-07T07:24:27.437+0000] {logging_mixin.py:190} INFO - [2025-03-07T07:24:27.436+0000] {dagbag.py:588} INFO - Filling up the DagBag from /opt/airflow/dags/main_dag.py
[2025-03-07T07:24:27.450+0000] {processor.py:925} INFO - DAG(s) 'hello_world_dag' retrieved from /opt/airflow/dags/main_dag.py
[2025-03-07T07:24:27.456+0000] {logging_mixin.py:190} INFO - [2025-03-07T07:24:27.456+0000] {dag.py:3239} INFO - Sync 1 DAGs
[2025-03-07T07:24:27.463+0000] {logging_mixin.py:190} INFO - [2025-03-07T07:24:27.463+0000] {dag.py:4180} INFO - Setting next_dagrun for hello_world_dag to None, run_after=None
[2025-03-07T07:24:27.472+0000] {processor.py:208} INFO - Processing /opt/airflow/dags/main_dag.py took 0.044 seconds
[2025-03-07T07:37:21.606+0000] {processor.py:186} INFO - Started process (PID=862) to work on /opt/airflow/dags/main_dag.py
[2025-03-07T07:37:21.608+0000] {processor.py:914} INFO - Processing file /opt/airflow/dags/main_dag.py for tasks to queue
[2025-03-07T07:37:21.609+0000] {logging_mixin.py:190} INFO - [2025-03-07T07:37:21.609+0000] {dagbag.py:588} INFO - Filling up the DagBag from /opt/airflow/dags/main_dag.py
[2025-03-07T07:37:21.631+0000] {processor.py:925} INFO - DAG(s) 'hello_world_dag' retrieved from /opt/airflow/dags/main_dag.py
[2025-03-07T07:37:21.638+0000] {logging_mixin.py:190} INFO - [2025-03-07T07:37:21.638+0000] {dag.py:3239} INFO - Sync 1 DAGs
[2025-03-07T07:37:21.644+0000] {logging_mixin.py:190} INFO - [2025-03-07T07:37:21.644+0000] {dag.py:4180} INFO - Setting next_dagrun for hello_world_dag to None, run_after=None
[2025-03-07T07:37:21.650+0000] {processor.py:208} INFO - Processing /opt/airflow/dags/main_dag.py took 0.050 seconds
[2025-03-07T07:53:16.807+0000] {processor.py:186} INFO - Started process (PID=871) to work on /opt/airflow/dags/main_dag.py
[2025-03-07T07:53:16.808+0000] {processor.py:914} INFO - Processing file /opt/airflow/dags/main_dag.py for tasks to queue
[2025-03-07T07:53:16.810+0000] {logging_mixin.py:190} INFO - [2025-03-07T07:53:16.809+0000] {dagbag.py:588} INFO - Filling up the DagBag from /opt/airflow/dags/main_dag.py
[2025-03-07T07:53:16.850+0000] {processor.py:925} INFO - DAG(s) 'hello_world_dag' retrieved from /opt/airflow/dags/main_dag.py
[2025-03-07T07:53:16.859+0000] {logging_mixin.py:190} INFO - [2025-03-07T07:53:16.859+0000] {dag.py:3239} INFO - Sync 1 DAGs
[2025-03-07T07:53:16.865+0000] {logging_mixin.py:190} INFO - [2025-03-07T07:53:16.865+0000] {dag.py:4180} INFO - Setting next_dagrun for hello_world_dag to None, run_after=None
[2025-03-07T07:53:16.872+0000] {processor.py:208} INFO - Processing /opt/airflow/dags/main_dag.py took 0.070 seconds
[2025-03-07T07:53:47.258+0000] {processor.py:186} INFO - Started process (PID=880) to work on /opt/airflow/dags/main_dag.py
[2025-03-07T07:53:47.260+0000] {processor.py:914} INFO - Processing file /opt/airflow/dags/main_dag.py for tasks to queue
[2025-03-07T07:53:47.261+0000] {logging_mixin.py:190} INFO - [2025-03-07T07:53:47.261+0000] {dagbag.py:588} INFO - Filling up the DagBag from /opt/airflow/dags/main_dag.py
[2025-03-07T07:53:47.288+0000] {processor.py:925} INFO - DAG(s) 'hello_world_dag' retrieved from /opt/airflow/dags/main_dag.py
[2025-03-07T07:53:47.294+0000] {logging_mixin.py:190} INFO - [2025-03-07T07:53:47.294+0000] {dag.py:3239} INFO - Sync 1 DAGs
[2025-03-07T07:53:47.301+0000] {logging_mixin.py:190} INFO - [2025-03-07T07:53:47.301+0000] {dag.py:4180} INFO - Setting next_dagrun for hello_world_dag to None, run_after=None
[2025-03-07T07:53:47.309+0000] {processor.py:208} INFO - Processing /opt/airflow/dags/main_dag.py took 0.055 seconds
[2025-03-07T08:09:22.991+0000] {processor.py:186} INFO - Started process (PID=889) to work on /opt/airflow/dags/main_dag.py
[2025-03-07T08:09:22.992+0000] {processor.py:914} INFO - Processing file /opt/airflow/dags/main_dag.py for tasks to queue
[2025-03-07T08:09:22.993+0000] {logging_mixin.py:190} INFO - [2025-03-07T08:09:22.992+0000] {dagbag.py:588} INFO - Filling up the DagBag from /opt/airflow/dags/main_dag.py
[2025-03-07T08:09:23.006+0000] {processor.py:925} INFO - DAG(s) 'hello_world_dag' retrieved from /opt/airflow/dags/main_dag.py
[2025-03-07T08:09:23.012+0000] {logging_mixin.py:190} INFO - [2025-03-07T08:09:23.012+0000] {dag.py:3239} INFO - Sync 1 DAGs
[2025-03-07T08:09:23.019+0000] {logging_mixin.py:190} INFO - [2025-03-07T08:09:23.018+0000] {dag.py:4180} INFO - Setting next_dagrun for hello_world_dag to None, run_after=None
[2025-03-07T08:09:23.027+0000] {processor.py:208} INFO - Processing /opt/airflow/dags/main_dag.py took 0.042 seconds
[2025-03-07T08:25:18.202+0000] {processor.py:186} INFO - Started process (PID=898) to work on /opt/airflow/dags/main_dag.py
[2025-03-07T08:25:18.203+0000] {processor.py:914} INFO - Processing file /opt/airflow/dags/main_dag.py for tasks to queue
[2025-03-07T08:25:18.204+0000] {logging_mixin.py:190} INFO - [2025-03-07T08:25:18.204+0000] {dagbag.py:588} INFO - Filling up the DagBag from /opt/airflow/dags/main_dag.py
[2025-03-07T08:25:18.220+0000] {processor.py:925} INFO - DAG(s) 'hello_world_dag' retrieved from /opt/airflow/dags/main_dag.py
[2025-03-07T08:25:18.226+0000] {logging_mixin.py:190} INFO - [2025-03-07T08:25:18.226+0000] {dag.py:3239} INFO - Sync 1 DAGs
[2025-03-07T08:25:18.232+0000] {logging_mixin.py:190} INFO - [2025-03-07T08:25:18.232+0000] {dag.py:4180} INFO - Setting next_dagrun for hello_world_dag to None, run_after=None
[2025-03-07T08:25:18.238+0000] {processor.py:208} INFO - Processing /opt/airflow/dags/main_dag.py took 0.041 seconds
[2025-03-07T08:25:48.685+0000] {processor.py:186} INFO - Started process (PID=907) to work on /opt/airflow/dags/main_dag.py
[2025-03-07T08:25:48.688+0000] {processor.py:914} INFO - Processing file /opt/airflow/dags/main_dag.py for tasks to queue
[2025-03-07T08:25:48.691+0000] {logging_mixin.py:190} INFO - [2025-03-07T08:25:48.691+0000] {dagbag.py:588} INFO - Filling up the DagBag from /opt/airflow/dags/main_dag.py
[2025-03-07T08:25:48.720+0000] {processor.py:925} INFO - DAG(s) 'hello_world_dag' retrieved from /opt/airflow/dags/main_dag.py
[2025-03-07T08:25:48.728+0000] {logging_mixin.py:190} INFO - [2025-03-07T08:25:48.728+0000] {dag.py:3239} INFO - Sync 1 DAGs
[2025-03-07T08:25:48.746+0000] {logging_mixin.py:190} INFO - [2025-03-07T08:25:48.746+0000] {dag.py:4180} INFO - Setting next_dagrun for hello_world_dag to None, run_after=None
[2025-03-07T08:25:48.760+0000] {processor.py:208} INFO - Processing /opt/airflow/dags/main_dag.py took 0.078 seconds
[2025-03-07T08:38:34.407+0000] {processor.py:186} INFO - Started process (PID=916) to work on /opt/airflow/dags/main_dag.py
[2025-03-07T08:38:34.408+0000] {processor.py:914} INFO - Processing file /opt/airflow/dags/main_dag.py for tasks to queue
[2025-03-07T08:38:34.410+0000] {logging_mixin.py:190} INFO - [2025-03-07T08:38:34.409+0000] {dagbag.py:588} INFO - Filling up the DagBag from /opt/airflow/dags/main_dag.py
[2025-03-07T08:38:34.428+0000] {processor.py:925} INFO - DAG(s) 'hello_world_dag' retrieved from /opt/airflow/dags/main_dag.py
[2025-03-07T08:38:34.438+0000] {logging_mixin.py:190} INFO - [2025-03-07T08:38:34.437+0000] {dag.py:3239} INFO - Sync 1 DAGs
[2025-03-07T08:38:34.449+0000] {logging_mixin.py:190} INFO - [2025-03-07T08:38:34.449+0000] {dag.py:4180} INFO - Setting next_dagrun for hello_world_dag to None, run_after=None
[2025-03-07T08:38:34.457+0000] {processor.py:208} INFO - Processing /opt/airflow/dags/main_dag.py took 0.053 seconds
[2025-03-07T08:54:30.606+0000] {processor.py:186} INFO - Started process (PID=925) to work on /opt/airflow/dags/main_dag.py
[2025-03-07T08:54:30.606+0000] {processor.py:914} INFO - Processing file /opt/airflow/dags/main_dag.py for tasks to queue
[2025-03-07T08:54:30.607+0000] {logging_mixin.py:190} INFO - [2025-03-07T08:54:30.607+0000] {dagbag.py:588} INFO - Filling up the DagBag from /opt/airflow/dags/main_dag.py
[2025-03-07T08:54:30.622+0000] {processor.py:925} INFO - DAG(s) 'hello_world_dag' retrieved from /opt/airflow/dags/main_dag.py
[2025-03-07T08:54:30.629+0000] {logging_mixin.py:190} INFO - [2025-03-07T08:54:30.629+0000] {dag.py:3239} INFO - Sync 1 DAGs
[2025-03-07T08:54:30.634+0000] {logging_mixin.py:190} INFO - [2025-03-07T08:54:30.634+0000] {dag.py:4180} INFO - Setting next_dagrun for hello_world_dag to None, run_after=None
[2025-03-07T08:54:30.640+0000] {processor.py:208} INFO - Processing /opt/airflow/dags/main_dag.py took 0.040 seconds
[2025-03-07T09:01:36.623+0000] {processor.py:186} INFO - Started process (PID=934) to work on /opt/airflow/dags/main_dag.py
[2025-03-07T09:01:36.624+0000] {processor.py:914} INFO - Processing file /opt/airflow/dags/main_dag.py for tasks to queue
[2025-03-07T09:01:36.626+0000] {logging_mixin.py:190} INFO - [2025-03-07T09:01:36.626+0000] {dagbag.py:588} INFO - Filling up the DagBag from /opt/airflow/dags/main_dag.py
[2025-03-07T09:01:36.650+0000] {processor.py:925} INFO - DAG(s) 'hello_world_dag' retrieved from /opt/airflow/dags/main_dag.py
[2025-03-07T09:01:36.657+0000] {logging_mixin.py:190} INFO - [2025-03-07T09:01:36.656+0000] {dag.py:3239} INFO - Sync 1 DAGs
[2025-03-07T09:01:36.665+0000] {logging_mixin.py:190} INFO - [2025-03-07T09:01:36.664+0000] {dag.py:4180} INFO - Setting next_dagrun for hello_world_dag to None, run_after=None
[2025-03-07T09:01:36.671+0000] {processor.py:208} INFO - Processing /opt/airflow/dags/main_dag.py took 0.053 seconds
[2025-03-07T09:28:28.127+0000] {processor.py:186} INFO - Started process (PID=943) to work on /opt/airflow/dags/main_dag.py
[2025-03-07T09:28:28.128+0000] {processor.py:914} INFO - Processing file /opt/airflow/dags/main_dag.py for tasks to queue
[2025-03-07T09:28:28.131+0000] {logging_mixin.py:190} INFO - [2025-03-07T09:28:28.131+0000] {dagbag.py:588} INFO - Filling up the DagBag from /opt/airflow/dags/main_dag.py
[2025-03-07T09:28:28.163+0000] {processor.py:925} INFO - DAG(s) 'hello_world_dag' retrieved from /opt/airflow/dags/main_dag.py
[2025-03-07T09:28:28.176+0000] {logging_mixin.py:190} INFO - [2025-03-07T09:28:28.176+0000] {dag.py:3239} INFO - Sync 1 DAGs
[2025-03-07T09:28:28.188+0000] {logging_mixin.py:190} INFO - [2025-03-07T09:28:28.187+0000] {dag.py:4180} INFO - Setting next_dagrun for hello_world_dag to None, run_after=None
[2025-03-07T09:28:28.202+0000] {processor.py:208} INFO - Processing /opt/airflow/dags/main_dag.py took 0.080 seconds
[2025-03-07T09:39:16.950+0000] {processor.py:186} INFO - Started process (PID=952) to work on /opt/airflow/dags/main_dag.py
[2025-03-07T09:39:16.951+0000] {processor.py:914} INFO - Processing file /opt/airflow/dags/main_dag.py for tasks to queue
[2025-03-07T09:39:16.952+0000] {logging_mixin.py:190} INFO - [2025-03-07T09:39:16.952+0000] {dagbag.py:588} INFO - Filling up the DagBag from /opt/airflow/dags/main_dag.py
[2025-03-07T09:39:16.967+0000] {processor.py:925} INFO - DAG(s) 'hello_world_dag' retrieved from /opt/airflow/dags/main_dag.py
[2025-03-07T09:39:16.974+0000] {logging_mixin.py:190} INFO - [2025-03-07T09:39:16.974+0000] {dag.py:3239} INFO - Sync 1 DAGs
[2025-03-07T09:39:16.979+0000] {logging_mixin.py:190} INFO - [2025-03-07T09:39:16.979+0000] {dag.py:4180} INFO - Setting next_dagrun for hello_world_dag to None, run_after=None
[2025-03-07T09:39:16.985+0000] {processor.py:208} INFO - Processing /opt/airflow/dags/main_dag.py took 0.039 seconds
[2025-03-07T09:39:47.354+0000] {processor.py:186} INFO - Started process (PID=961) to work on /opt/airflow/dags/main_dag.py
[2025-03-07T09:39:47.355+0000] {processor.py:914} INFO - Processing file /opt/airflow/dags/main_dag.py for tasks to queue
[2025-03-07T09:39:47.356+0000] {logging_mixin.py:190} INFO - [2025-03-07T09:39:47.356+0000] {dagbag.py:588} INFO - Filling up the DagBag from /opt/airflow/dags/main_dag.py
[2025-03-07T09:39:47.376+0000] {processor.py:925} INFO - DAG(s) 'hello_world_dag' retrieved from /opt/airflow/dags/main_dag.py
[2025-03-07T09:39:47.382+0000] {logging_mixin.py:190} INFO - [2025-03-07T09:39:47.382+0000] {dag.py:3239} INFO - Sync 1 DAGs
[2025-03-07T09:39:47.388+0000] {logging_mixin.py:190} INFO - [2025-03-07T09:39:47.388+0000] {dag.py:4180} INFO - Setting next_dagrun for hello_world_dag to None, run_after=None
[2025-03-07T09:39:47.394+0000] {processor.py:208} INFO - Processing /opt/airflow/dags/main_dag.py took 0.044 seconds
[2025-03-07T09:50:21.903+0000] {processor.py:186} INFO - Started process (PID=970) to work on /opt/airflow/dags/main_dag.py
[2025-03-07T09:50:21.906+0000] {processor.py:914} INFO - Processing file /opt/airflow/dags/main_dag.py for tasks to queue
[2025-03-07T09:50:21.907+0000] {logging_mixin.py:190} INFO - [2025-03-07T09:50:21.907+0000] {dagbag.py:588} INFO - Filling up the DagBag from /opt/airflow/dags/main_dag.py
[2025-03-07T09:50:21.922+0000] {processor.py:925} INFO - DAG(s) 'hello_world_dag' retrieved from /opt/airflow/dags/main_dag.py
[2025-03-07T09:50:21.928+0000] {logging_mixin.py:190} INFO - [2025-03-07T09:50:21.928+0000] {dag.py:3239} INFO - Sync 1 DAGs
[2025-03-07T09:50:21.934+0000] {logging_mixin.py:190} INFO - [2025-03-07T09:50:21.934+0000] {dag.py:4180} INFO - Setting next_dagrun for hello_world_dag to None, run_after=None
[2025-03-07T09:50:21.940+0000] {processor.py:208} INFO - Processing /opt/airflow/dags/main_dag.py took 0.042 seconds
[2025-03-07T09:50:52.467+0000] {processor.py:186} INFO - Started process (PID=979) to work on /opt/airflow/dags/main_dag.py
[2025-03-07T09:50:52.472+0000] {processor.py:914} INFO - Processing file /opt/airflow/dags/main_dag.py for tasks to queue
[2025-03-07T09:50:52.472+0000] {logging_mixin.py:190} INFO - [2025-03-07T09:50:52.472+0000] {dagbag.py:588} INFO - Filling up the DagBag from /opt/airflow/dags/main_dag.py
[2025-03-07T09:50:52.495+0000] {processor.py:925} INFO - DAG(s) 'hello_world_dag' retrieved from /opt/airflow/dags/main_dag.py
[2025-03-07T09:50:52.502+0000] {logging_mixin.py:190} INFO - [2025-03-07T09:50:52.501+0000] {dag.py:3239} INFO - Sync 1 DAGs
[2025-03-07T09:50:52.509+0000] {logging_mixin.py:190} INFO - [2025-03-07T09:50:52.509+0000] {dag.py:4180} INFO - Setting next_dagrun for hello_world_dag to None, run_after=None
[2025-03-07T09:50:52.517+0000] {processor.py:208} INFO - Processing /opt/airflow/dags/main_dag.py took 0.063 seconds
[2025-03-07T09:51:22.876+0000] {processor.py:186} INFO - Started process (PID=988) to work on /opt/airflow/dags/main_dag.py
[2025-03-07T09:51:22.877+0000] {processor.py:914} INFO - Processing file /opt/airflow/dags/main_dag.py for tasks to queue
[2025-03-07T09:51:22.879+0000] {logging_mixin.py:190} INFO - [2025-03-07T09:51:22.879+0000] {dagbag.py:588} INFO - Filling up the DagBag from /opt/airflow/dags/main_dag.py
[2025-03-07T09:51:22.905+0000] {processor.py:925} INFO - DAG(s) 'hello_world_dag' retrieved from /opt/airflow/dags/main_dag.py
[2025-03-07T09:51:22.911+0000] {logging_mixin.py:190} INFO - [2025-03-07T09:51:22.911+0000] {dag.py:3239} INFO - Sync 1 DAGs
[2025-03-07T09:51:22.916+0000] {logging_mixin.py:190} INFO - [2025-03-07T09:51:22.916+0000] {dag.py:4180} INFO - Setting next_dagrun for hello_world_dag to None, run_after=None
[2025-03-07T09:51:22.922+0000] {processor.py:208} INFO - Processing /opt/airflow/dags/main_dag.py took 0.049 seconds
[2025-03-07T09:51:53.461+0000] {processor.py:186} INFO - Started process (PID=997) to work on /opt/airflow/dags/main_dag.py
[2025-03-07T09:51:53.463+0000] {processor.py:914} INFO - Processing file /opt/airflow/dags/main_dag.py for tasks to queue
[2025-03-07T09:51:53.463+0000] {logging_mixin.py:190} INFO - [2025-03-07T09:51:53.463+0000] {dagbag.py:588} INFO - Filling up the DagBag from /opt/airflow/dags/main_dag.py
[2025-03-07T09:51:53.486+0000] {processor.py:925} INFO - DAG(s) 'hello_world_dag' retrieved from /opt/airflow/dags/main_dag.py
[2025-03-07T09:51:53.492+0000] {logging_mixin.py:190} INFO - [2025-03-07T09:51:53.492+0000] {dag.py:3239} INFO - Sync 1 DAGs
[2025-03-07T09:51:53.498+0000] {logging_mixin.py:190} INFO - [2025-03-07T09:51:53.498+0000] {dag.py:4180} INFO - Setting next_dagrun for hello_world_dag to None, run_after=None
[2025-03-07T09:51:53.503+0000] {processor.py:208} INFO - Processing /opt/airflow/dags/main_dag.py took 0.049 seconds
[2025-03-07T09:52:23.993+0000] {processor.py:186} INFO - Started process (PID=1006) to work on /opt/airflow/dags/main_dag.py
[2025-03-07T09:52:23.996+0000] {processor.py:914} INFO - Processing file /opt/airflow/dags/main_dag.py for tasks to queue
[2025-03-07T09:52:23.997+0000] {logging_mixin.py:190} INFO - [2025-03-07T09:52:23.996+0000] {dagbag.py:588} INFO - Filling up the DagBag from /opt/airflow/dags/main_dag.py
[2025-03-07T09:52:24.014+0000] {processor.py:925} INFO - DAG(s) 'hello_world_dag' retrieved from /opt/airflow/dags/main_dag.py
[2025-03-07T09:52:24.020+0000] {logging_mixin.py:190} INFO - [2025-03-07T09:52:24.020+0000] {dag.py:3239} INFO - Sync 1 DAGs
[2025-03-07T09:52:24.025+0000] {logging_mixin.py:190} INFO - [2025-03-07T09:52:24.025+0000] {dag.py:4180} INFO - Setting next_dagrun for hello_world_dag to None, run_after=None
[2025-03-07T09:52:24.031+0000] {processor.py:208} INFO - Processing /opt/airflow/dags/main_dag.py took 0.043 seconds
[2025-03-07T09:52:54.570+0000] {processor.py:186} INFO - Started process (PID=1015) to work on /opt/airflow/dags/main_dag.py
[2025-03-07T09:52:54.571+0000] {processor.py:914} INFO - Processing file /opt/airflow/dags/main_dag.py for tasks to queue
[2025-03-07T09:52:54.572+0000] {logging_mixin.py:190} INFO - [2025-03-07T09:52:54.572+0000] {dagbag.py:588} INFO - Filling up the DagBag from /opt/airflow/dags/main_dag.py
[2025-03-07T09:52:54.586+0000] {processor.py:925} INFO - DAG(s) 'hello_world_dag' retrieved from /opt/airflow/dags/main_dag.py
[2025-03-07T09:52:54.592+0000] {logging_mixin.py:190} INFO - [2025-03-07T09:52:54.592+0000] {dag.py:3239} INFO - Sync 1 DAGs
[2025-03-07T09:52:54.597+0000] {logging_mixin.py:190} INFO - [2025-03-07T09:52:54.597+0000] {dag.py:4180} INFO - Setting next_dagrun for hello_world_dag to None, run_after=None
[2025-03-07T09:52:54.603+0000] {processor.py:208} INFO - Processing /opt/airflow/dags/main_dag.py took 0.043 seconds
[2025-03-07T09:53:24.976+0000] {processor.py:186} INFO - Started process (PID=1024) to work on /opt/airflow/dags/main_dag.py
[2025-03-07T09:53:24.977+0000] {processor.py:914} INFO - Processing file /opt/airflow/dags/main_dag.py for tasks to queue
[2025-03-07T09:53:24.978+0000] {logging_mixin.py:190} INFO - [2025-03-07T09:53:24.978+0000] {dagbag.py:588} INFO - Filling up the DagBag from /opt/airflow/dags/main_dag.py
[2025-03-07T09:53:24.995+0000] {processor.py:925} INFO - DAG(s) 'hello_world_dag' retrieved from /opt/airflow/dags/main_dag.py
[2025-03-07T09:53:25.003+0000] {logging_mixin.py:190} INFO - [2025-03-07T09:53:25.003+0000] {dag.py:3239} INFO - Sync 1 DAGs
[2025-03-07T09:53:25.008+0000] {logging_mixin.py:190} INFO - [2025-03-07T09:53:25.008+0000] {dag.py:4180} INFO - Setting next_dagrun for hello_world_dag to None, run_after=None
[2025-03-07T09:53:25.014+0000] {processor.py:208} INFO - Processing /opt/airflow/dags/main_dag.py took 0.043 seconds
[2025-03-07T09:53:55.471+0000] {processor.py:186} INFO - Started process (PID=1032) to work on /opt/airflow/dags/main_dag.py
[2025-03-07T09:53:55.472+0000] {processor.py:914} INFO - Processing file /opt/airflow/dags/main_dag.py for tasks to queue
[2025-03-07T09:53:55.472+0000] {logging_mixin.py:190} INFO - [2025-03-07T09:53:55.472+0000] {dagbag.py:588} INFO - Filling up the DagBag from /opt/airflow/dags/main_dag.py
[2025-03-07T09:53:55.489+0000] {processor.py:925} INFO - DAG(s) 'hello_world_dag' retrieved from /opt/airflow/dags/main_dag.py
[2025-03-07T09:53:55.495+0000] {logging_mixin.py:190} INFO - [2025-03-07T09:53:55.495+0000] {dag.py:3239} INFO - Sync 1 DAGs
[2025-03-07T09:53:55.501+0000] {logging_mixin.py:190} INFO - [2025-03-07T09:53:55.501+0000] {dag.py:4180} INFO - Setting next_dagrun for hello_world_dag to None, run_after=None
[2025-03-07T09:53:55.507+0000] {processor.py:208} INFO - Processing /opt/airflow/dags/main_dag.py took 0.042 seconds
[2025-03-07T09:54:26.063+0000] {processor.py:186} INFO - Started process (PID=1041) to work on /opt/airflow/dags/main_dag.py
[2025-03-07T09:54:26.064+0000] {processor.py:914} INFO - Processing file /opt/airflow/dags/main_dag.py for tasks to queue
[2025-03-07T09:54:26.064+0000] {logging_mixin.py:190} INFO - [2025-03-07T09:54:26.064+0000] {dagbag.py:588} INFO - Filling up the DagBag from /opt/airflow/dags/main_dag.py
[2025-03-07T09:54:26.080+0000] {processor.py:925} INFO - DAG(s) 'hello_world_dag' retrieved from /opt/airflow/dags/main_dag.py
[2025-03-07T09:54:26.085+0000] {logging_mixin.py:190} INFO - [2025-03-07T09:54:26.085+0000] {dag.py:3239} INFO - Sync 1 DAGs
[2025-03-07T09:54:26.091+0000] {logging_mixin.py:190} INFO - [2025-03-07T09:54:26.091+0000] {dag.py:4180} INFO - Setting next_dagrun for hello_world_dag to None, run_after=None
[2025-03-07T09:54:26.097+0000] {processor.py:208} INFO - Processing /opt/airflow/dags/main_dag.py took 0.041 seconds
[2025-03-07T09:54:56.577+0000] {processor.py:186} INFO - Started process (PID=1050) to work on /opt/airflow/dags/main_dag.py
[2025-03-07T09:54:56.578+0000] {processor.py:914} INFO - Processing file /opt/airflow/dags/main_dag.py for tasks to queue
[2025-03-07T09:54:56.579+0000] {logging_mixin.py:190} INFO - [2025-03-07T09:54:56.579+0000] {dagbag.py:588} INFO - Filling up the DagBag from /opt/airflow/dags/main_dag.py
[2025-03-07T09:54:56.599+0000] {processor.py:925} INFO - DAG(s) 'hello_world_dag' retrieved from /opt/airflow/dags/main_dag.py
[2025-03-07T09:54:56.605+0000] {logging_mixin.py:190} INFO - [2025-03-07T09:54:56.605+0000] {dag.py:3239} INFO - Sync 1 DAGs
[2025-03-07T09:54:56.611+0000] {logging_mixin.py:190} INFO - [2025-03-07T09:54:56.611+0000] {dag.py:4180} INFO - Setting next_dagrun for hello_world_dag to None, run_after=None
[2025-03-07T09:54:56.617+0000] {processor.py:208} INFO - Processing /opt/airflow/dags/main_dag.py took 0.047 seconds
[2025-03-07T09:55:27.118+0000] {processor.py:186} INFO - Started process (PID=1059) to work on /opt/airflow/dags/main_dag.py
[2025-03-07T09:55:27.119+0000] {processor.py:914} INFO - Processing file /opt/airflow/dags/main_dag.py for tasks to queue
[2025-03-07T09:55:27.119+0000] {logging_mixin.py:190} INFO - [2025-03-07T09:55:27.119+0000] {dagbag.py:588} INFO - Filling up the DagBag from /opt/airflow/dags/main_dag.py
[2025-03-07T09:55:27.136+0000] {processor.py:925} INFO - DAG(s) 'hello_world_dag' retrieved from /opt/airflow/dags/main_dag.py
[2025-03-07T09:55:27.142+0000] {logging_mixin.py:190} INFO - [2025-03-07T09:55:27.142+0000] {dag.py:3239} INFO - Sync 1 DAGs
[2025-03-07T09:55:27.148+0000] {logging_mixin.py:190} INFO - [2025-03-07T09:55:27.148+0000] {dag.py:4180} INFO - Setting next_dagrun for hello_world_dag to None, run_after=None
[2025-03-07T09:55:27.154+0000] {processor.py:208} INFO - Processing /opt/airflow/dags/main_dag.py took 0.043 seconds
[2025-03-07T09:55:57.616+0000] {processor.py:186} INFO - Started process (PID=1068) to work on /opt/airflow/dags/main_dag.py
[2025-03-07T09:55:57.617+0000] {processor.py:914} INFO - Processing file /opt/airflow/dags/main_dag.py for tasks to queue
[2025-03-07T09:55:57.619+0000] {logging_mixin.py:190} INFO - [2025-03-07T09:55:57.618+0000] {dagbag.py:588} INFO - Filling up the DagBag from /opt/airflow/dags/main_dag.py
[2025-03-07T09:55:57.639+0000] {processor.py:925} INFO - DAG(s) 'hello_world_dag' retrieved from /opt/airflow/dags/main_dag.py
[2025-03-07T09:55:57.646+0000] {logging_mixin.py:190} INFO - [2025-03-07T09:55:57.646+0000] {dag.py:3239} INFO - Sync 1 DAGs
[2025-03-07T09:55:57.652+0000] {logging_mixin.py:190} INFO - [2025-03-07T09:55:57.652+0000] {dag.py:4180} INFO - Setting next_dagrun for hello_world_dag to None, run_after=None
[2025-03-07T09:55:57.658+0000] {processor.py:208} INFO - Processing /opt/airflow/dags/main_dag.py took 0.047 seconds
[2025-03-07T09:56:28.117+0000] {processor.py:186} INFO - Started process (PID=1077) to work on /opt/airflow/dags/main_dag.py
[2025-03-07T09:56:28.119+0000] {processor.py:914} INFO - Processing file /opt/airflow/dags/main_dag.py for tasks to queue
[2025-03-07T09:56:28.122+0000] {logging_mixin.py:190} INFO - [2025-03-07T09:56:28.121+0000] {dagbag.py:588} INFO - Filling up the DagBag from /opt/airflow/dags/main_dag.py
[2025-03-07T09:56:28.142+0000] {processor.py:925} INFO - DAG(s) 'hello_world_dag' retrieved from /opt/airflow/dags/main_dag.py
[2025-03-07T09:56:28.147+0000] {logging_mixin.py:190} INFO - [2025-03-07T09:56:28.147+0000] {dag.py:3239} INFO - Sync 1 DAGs
[2025-03-07T09:56:28.153+0000] {logging_mixin.py:190} INFO - [2025-03-07T09:56:28.153+0000] {dag.py:4180} INFO - Setting next_dagrun for hello_world_dag to None, run_after=None
[2025-03-07T09:56:28.159+0000] {processor.py:208} INFO - Processing /opt/airflow/dags/main_dag.py took 0.049 seconds
[2025-03-07T09:56:58.628+0000] {processor.py:186} INFO - Started process (PID=1086) to work on /opt/airflow/dags/main_dag.py
[2025-03-07T09:56:58.629+0000] {processor.py:914} INFO - Processing file /opt/airflow/dags/main_dag.py for tasks to queue
[2025-03-07T09:56:58.629+0000] {logging_mixin.py:190} INFO - [2025-03-07T09:56:58.629+0000] {dagbag.py:588} INFO - Filling up the DagBag from /opt/airflow/dags/main_dag.py
[2025-03-07T09:56:58.646+0000] {processor.py:925} INFO - DAG(s) 'hello_world_dag' retrieved from /opt/airflow/dags/main_dag.py
[2025-03-07T09:56:58.653+0000] {logging_mixin.py:190} INFO - [2025-03-07T09:56:58.653+0000] {dag.py:3239} INFO - Sync 1 DAGs
[2025-03-07T09:56:58.659+0000] {logging_mixin.py:190} INFO - [2025-03-07T09:56:58.658+0000] {dag.py:4180} INFO - Setting next_dagrun for hello_world_dag to None, run_after=None
[2025-03-07T09:56:58.666+0000] {processor.py:208} INFO - Processing /opt/airflow/dags/main_dag.py took 0.042 seconds
[2025-03-07T09:57:29.104+0000] {processor.py:186} INFO - Started process (PID=1095) to work on /opt/airflow/dags/main_dag.py
[2025-03-07T09:57:29.105+0000] {processor.py:914} INFO - Processing file /opt/airflow/dags/main_dag.py for tasks to queue
[2025-03-07T09:57:29.109+0000] {logging_mixin.py:190} INFO - [2025-03-07T09:57:29.109+0000] {dagbag.py:588} INFO - Filling up the DagBag from /opt/airflow/dags/main_dag.py
[2025-03-07T09:57:29.144+0000] {processor.py:925} INFO - DAG(s) 'hello_world_dag' retrieved from /opt/airflow/dags/main_dag.py
[2025-03-07T09:57:29.154+0000] {logging_mixin.py:190} INFO - [2025-03-07T09:57:29.153+0000] {dag.py:3239} INFO - Sync 1 DAGs
[2025-03-07T09:57:29.164+0000] {logging_mixin.py:190} INFO - [2025-03-07T09:57:29.164+0000] {dag.py:4180} INFO - Setting next_dagrun for hello_world_dag to None, run_after=None
[2025-03-07T09:57:29.173+0000] {processor.py:208} INFO - Processing /opt/airflow/dags/main_dag.py took 0.078 seconds
[2025-03-07T09:57:59.594+0000] {processor.py:186} INFO - Started process (PID=1104) to work on /opt/airflow/dags/main_dag.py
[2025-03-07T09:57:59.594+0000] {processor.py:914} INFO - Processing file /opt/airflow/dags/main_dag.py for tasks to queue
[2025-03-07T09:57:59.595+0000] {logging_mixin.py:190} INFO - [2025-03-07T09:57:59.595+0000] {dagbag.py:588} INFO - Filling up the DagBag from /opt/airflow/dags/main_dag.py
[2025-03-07T09:57:59.614+0000] {processor.py:925} INFO - DAG(s) 'hello_world_dag' retrieved from /opt/airflow/dags/main_dag.py
[2025-03-07T09:57:59.620+0000] {logging_mixin.py:190} INFO - [2025-03-07T09:57:59.620+0000] {dag.py:3239} INFO - Sync 1 DAGs
[2025-03-07T09:57:59.626+0000] {logging_mixin.py:190} INFO - [2025-03-07T09:57:59.626+0000] {dag.py:4180} INFO - Setting next_dagrun for hello_world_dag to None, run_after=None
[2025-03-07T09:57:59.633+0000] {processor.py:208} INFO - Processing /opt/airflow/dags/main_dag.py took 0.047 seconds
[2025-03-07T09:58:30.184+0000] {processor.py:186} INFO - Started process (PID=1113) to work on /opt/airflow/dags/main_dag.py
[2025-03-07T09:58:30.186+0000] {processor.py:914} INFO - Processing file /opt/airflow/dags/main_dag.py for tasks to queue
[2025-03-07T09:58:30.187+0000] {logging_mixin.py:190} INFO - [2025-03-07T09:58:30.187+0000] {dagbag.py:588} INFO - Filling up the DagBag from /opt/airflow/dags/main_dag.py
[2025-03-07T09:58:30.208+0000] {processor.py:925} INFO - DAG(s) 'hello_world_dag' retrieved from /opt/airflow/dags/main_dag.py
[2025-03-07T09:58:30.214+0000] {logging_mixin.py:190} INFO - [2025-03-07T09:58:30.214+0000] {dag.py:3239} INFO - Sync 1 DAGs
[2025-03-07T09:58:30.220+0000] {logging_mixin.py:190} INFO - [2025-03-07T09:58:30.220+0000] {dag.py:4180} INFO - Setting next_dagrun for hello_world_dag to None, run_after=None
[2025-03-07T09:58:30.226+0000] {processor.py:208} INFO - Processing /opt/airflow/dags/main_dag.py took 0.050 seconds
[2025-03-07T09:59:00.788+0000] {processor.py:186} INFO - Started process (PID=1122) to work on /opt/airflow/dags/main_dag.py
[2025-03-07T09:59:00.789+0000] {processor.py:914} INFO - Processing file /opt/airflow/dags/main_dag.py for tasks to queue
[2025-03-07T09:59:00.790+0000] {logging_mixin.py:190} INFO - [2025-03-07T09:59:00.790+0000] {dagbag.py:588} INFO - Filling up the DagBag from /opt/airflow/dags/main_dag.py
[2025-03-07T09:59:00.805+0000] {processor.py:925} INFO - DAG(s) 'hello_world_dag' retrieved from /opt/airflow/dags/main_dag.py
[2025-03-07T09:59:00.811+0000] {logging_mixin.py:190} INFO - [2025-03-07T09:59:00.811+0000] {dag.py:3239} INFO - Sync 1 DAGs
[2025-03-07T09:59:00.817+0000] {logging_mixin.py:190} INFO - [2025-03-07T09:59:00.817+0000] {dag.py:4180} INFO - Setting next_dagrun for hello_world_dag to None, run_after=None
[2025-03-07T09:59:00.823+0000] {processor.py:208} INFO - Processing /opt/airflow/dags/main_dag.py took 0.044 seconds
[2025-03-07T09:59:31.312+0000] {processor.py:186} INFO - Started process (PID=1131) to work on /opt/airflow/dags/main_dag.py
[2025-03-07T09:59:31.314+0000] {processor.py:914} INFO - Processing file /opt/airflow/dags/main_dag.py for tasks to queue
[2025-03-07T09:59:31.315+0000] {logging_mixin.py:190} INFO - [2025-03-07T09:59:31.315+0000] {dagbag.py:588} INFO - Filling up the DagBag from /opt/airflow/dags/main_dag.py
[2025-03-07T09:59:31.333+0000] {processor.py:925} INFO - DAG(s) 'hello_world_dag' retrieved from /opt/airflow/dags/main_dag.py
[2025-03-07T09:59:31.339+0000] {logging_mixin.py:190} INFO - [2025-03-07T09:59:31.339+0000] {dag.py:3239} INFO - Sync 1 DAGs
[2025-03-07T09:59:31.345+0000] {logging_mixin.py:190} INFO - [2025-03-07T09:59:31.345+0000] {dag.py:4180} INFO - Setting next_dagrun for hello_world_dag to None, run_after=None
[2025-03-07T09:59:31.351+0000] {processor.py:208} INFO - Processing /opt/airflow/dags/main_dag.py took 0.050 seconds
[2025-03-07T10:00:01.886+0000] {processor.py:186} INFO - Started process (PID=1140) to work on /opt/airflow/dags/main_dag.py
[2025-03-07T10:00:01.887+0000] {processor.py:914} INFO - Processing file /opt/airflow/dags/main_dag.py for tasks to queue
[2025-03-07T10:00:01.888+0000] {logging_mixin.py:190} INFO - [2025-03-07T10:00:01.888+0000] {dagbag.py:588} INFO - Filling up the DagBag from /opt/airflow/dags/main_dag.py
[2025-03-07T10:00:01.905+0000] {processor.py:925} INFO - DAG(s) 'hello_world_dag' retrieved from /opt/airflow/dags/main_dag.py
[2025-03-07T10:00:01.911+0000] {logging_mixin.py:190} INFO - [2025-03-07T10:00:01.911+0000] {dag.py:3239} INFO - Sync 1 DAGs
[2025-03-07T10:00:01.916+0000] {logging_mixin.py:190} INFO - [2025-03-07T10:00:01.916+0000] {dag.py:4180} INFO - Setting next_dagrun for hello_world_dag to None, run_after=None
[2025-03-07T10:00:01.922+0000] {processor.py:208} INFO - Processing /opt/airflow/dags/main_dag.py took 0.043 seconds
[2025-03-07T10:00:32.462+0000] {processor.py:186} INFO - Started process (PID=1149) to work on /opt/airflow/dags/main_dag.py
[2025-03-07T10:00:32.465+0000] {processor.py:914} INFO - Processing file /opt/airflow/dags/main_dag.py for tasks to queue
[2025-03-07T10:00:32.466+0000] {logging_mixin.py:190} INFO - [2025-03-07T10:00:32.466+0000] {dagbag.py:588} INFO - Filling up the DagBag from /opt/airflow/dags/main_dag.py
[2025-03-07T10:00:32.478+0000] {processor.py:925} INFO - DAG(s) 'hello_world_dag' retrieved from /opt/airflow/dags/main_dag.py
[2025-03-07T10:00:32.484+0000] {logging_mixin.py:190} INFO - [2025-03-07T10:00:32.484+0000] {dag.py:3239} INFO - Sync 1 DAGs
[2025-03-07T10:00:32.490+0000] {logging_mixin.py:190} INFO - [2025-03-07T10:00:32.489+0000] {dag.py:4180} INFO - Setting next_dagrun for hello_world_dag to None, run_after=None
[2025-03-07T10:00:32.495+0000] {processor.py:208} INFO - Processing /opt/airflow/dags/main_dag.py took 0.039 seconds
[2025-03-07T10:01:03.002+0000] {processor.py:186} INFO - Started process (PID=1158) to work on /opt/airflow/dags/main_dag.py
[2025-03-07T10:01:03.003+0000] {processor.py:914} INFO - Processing file /opt/airflow/dags/main_dag.py for tasks to queue
[2025-03-07T10:01:03.004+0000] {logging_mixin.py:190} INFO - [2025-03-07T10:01:03.004+0000] {dagbag.py:588} INFO - Filling up the DagBag from /opt/airflow/dags/main_dag.py
[2025-03-07T10:01:03.028+0000] {processor.py:925} INFO - DAG(s) 'hello_world_dag' retrieved from /opt/airflow/dags/main_dag.py
[2025-03-07T10:01:03.034+0000] {logging_mixin.py:190} INFO - [2025-03-07T10:01:03.034+0000] {dag.py:3239} INFO - Sync 1 DAGs
[2025-03-07T10:01:03.039+0000] {logging_mixin.py:190} INFO - [2025-03-07T10:01:03.039+0000] {dag.py:4180} INFO - Setting next_dagrun for hello_world_dag to None, run_after=None
[2025-03-07T10:01:03.045+0000] {processor.py:208} INFO - Processing /opt/airflow/dags/main_dag.py took 0.048 seconds
[2025-03-07T10:01:33.569+0000] {processor.py:186} INFO - Started process (PID=1167) to work on /opt/airflow/dags/main_dag.py
[2025-03-07T10:01:33.572+0000] {processor.py:914} INFO - Processing file /opt/airflow/dags/main_dag.py for tasks to queue
[2025-03-07T10:01:33.573+0000] {logging_mixin.py:190} INFO - [2025-03-07T10:01:33.573+0000] {dagbag.py:588} INFO - Filling up the DagBag from /opt/airflow/dags/main_dag.py
[2025-03-07T10:01:33.587+0000] {processor.py:925} INFO - DAG(s) 'hello_world_dag' retrieved from /opt/airflow/dags/main_dag.py
[2025-03-07T10:01:33.594+0000] {logging_mixin.py:190} INFO - [2025-03-07T10:01:33.594+0000] {dag.py:3239} INFO - Sync 1 DAGs
[2025-03-07T10:01:33.600+0000] {logging_mixin.py:190} INFO - [2025-03-07T10:01:33.600+0000] {dag.py:4180} INFO - Setting next_dagrun for hello_world_dag to None, run_after=None
[2025-03-07T10:01:33.606+0000] {processor.py:208} INFO - Processing /opt/airflow/dags/main_dag.py took 0.044 seconds
[2025-03-07T10:02:04.131+0000] {processor.py:186} INFO - Started process (PID=1176) to work on /opt/airflow/dags/main_dag.py
[2025-03-07T10:02:04.133+0000] {processor.py:914} INFO - Processing file /opt/airflow/dags/main_dag.py for tasks to queue
[2025-03-07T10:02:04.133+0000] {logging_mixin.py:190} INFO - [2025-03-07T10:02:04.133+0000] {dagbag.py:588} INFO - Filling up the DagBag from /opt/airflow/dags/main_dag.py
[2025-03-07T10:02:04.153+0000] {processor.py:925} INFO - DAG(s) 'hello_world_dag' retrieved from /opt/airflow/dags/main_dag.py
[2025-03-07T10:02:04.158+0000] {logging_mixin.py:190} INFO - [2025-03-07T10:02:04.158+0000] {dag.py:3239} INFO - Sync 1 DAGs
[2025-03-07T10:02:04.165+0000] {logging_mixin.py:190} INFO - [2025-03-07T10:02:04.165+0000] {dag.py:4180} INFO - Setting next_dagrun for hello_world_dag to None, run_after=None
[2025-03-07T10:02:04.170+0000] {processor.py:208} INFO - Processing /opt/airflow/dags/main_dag.py took 0.046 seconds
[2025-03-07T10:02:34.736+0000] {processor.py:186} INFO - Started process (PID=1185) to work on /opt/airflow/dags/main_dag.py
[2025-03-07T10:02:34.738+0000] {processor.py:914} INFO - Processing file /opt/airflow/dags/main_dag.py for tasks to queue
[2025-03-07T10:02:34.740+0000] {logging_mixin.py:190} INFO - [2025-03-07T10:02:34.740+0000] {dagbag.py:588} INFO - Filling up the DagBag from /opt/airflow/dags/main_dag.py
[2025-03-07T10:02:34.760+0000] {processor.py:925} INFO - DAG(s) 'hello_world_dag' retrieved from /opt/airflow/dags/main_dag.py
[2025-03-07T10:02:34.768+0000] {logging_mixin.py:190} INFO - [2025-03-07T10:02:34.768+0000] {dag.py:3239} INFO - Sync 1 DAGs
[2025-03-07T10:02:34.774+0000] {logging_mixin.py:190} INFO - [2025-03-07T10:02:34.774+0000] {dag.py:4180} INFO - Setting next_dagrun for hello_world_dag to None, run_after=None
[2025-03-07T10:02:34.780+0000] {processor.py:208} INFO - Processing /opt/airflow/dags/main_dag.py took 0.053 seconds
[2025-03-07T10:03:05.337+0000] {processor.py:186} INFO - Started process (PID=1194) to work on /opt/airflow/dags/main_dag.py
[2025-03-07T10:03:05.338+0000] {processor.py:914} INFO - Processing file /opt/airflow/dags/main_dag.py for tasks to queue
[2025-03-07T10:03:05.338+0000] {logging_mixin.py:190} INFO - [2025-03-07T10:03:05.338+0000] {dagbag.py:588} INFO - Filling up the DagBag from /opt/airflow/dags/main_dag.py
[2025-03-07T10:03:05.355+0000] {processor.py:925} INFO - DAG(s) 'hello_world_dag' retrieved from /opt/airflow/dags/main_dag.py
[2025-03-07T10:03:05.360+0000] {logging_mixin.py:190} INFO - [2025-03-07T10:03:05.360+0000] {dag.py:3239} INFO - Sync 1 DAGs
[2025-03-07T10:03:05.366+0000] {logging_mixin.py:190} INFO - [2025-03-07T10:03:05.366+0000] {dag.py:4180} INFO - Setting next_dagrun for hello_world_dag to None, run_after=None
[2025-03-07T10:03:05.372+0000] {processor.py:208} INFO - Processing /opt/airflow/dags/main_dag.py took 0.048 seconds
[2025-03-07T10:03:35.868+0000] {processor.py:186} INFO - Started process (PID=1203) to work on /opt/airflow/dags/main_dag.py
[2025-03-07T10:03:35.870+0000] {processor.py:914} INFO - Processing file /opt/airflow/dags/main_dag.py for tasks to queue
[2025-03-07T10:03:35.874+0000] {logging_mixin.py:190} INFO - [2025-03-07T10:03:35.872+0000] {dagbag.py:588} INFO - Filling up the DagBag from /opt/airflow/dags/main_dag.py
[2025-03-07T10:03:35.890+0000] {processor.py:925} INFO - DAG(s) 'hello_world_dag' retrieved from /opt/airflow/dags/main_dag.py
[2025-03-07T10:03:35.896+0000] {logging_mixin.py:190} INFO - [2025-03-07T10:03:35.896+0000] {dag.py:3239} INFO - Sync 1 DAGs
[2025-03-07T10:03:35.902+0000] {logging_mixin.py:190} INFO - [2025-03-07T10:03:35.902+0000] {dag.py:4180} INFO - Setting next_dagrun for hello_world_dag to None, run_after=None
[2025-03-07T10:03:35.908+0000] {processor.py:208} INFO - Processing /opt/airflow/dags/main_dag.py took 0.046 seconds
[2025-03-07T10:04:06.437+0000] {processor.py:186} INFO - Started process (PID=1212) to work on /opt/airflow/dags/main_dag.py
[2025-03-07T10:04:06.438+0000] {processor.py:914} INFO - Processing file /opt/airflow/dags/main_dag.py for tasks to queue
[2025-03-07T10:04:06.439+0000] {logging_mixin.py:190} INFO - [2025-03-07T10:04:06.438+0000] {dagbag.py:588} INFO - Filling up the DagBag from /opt/airflow/dags/main_dag.py
[2025-03-07T10:04:06.455+0000] {processor.py:925} INFO - DAG(s) 'hello_world_dag' retrieved from /opt/airflow/dags/main_dag.py
[2025-03-07T10:04:06.467+0000] {logging_mixin.py:190} INFO - [2025-03-07T10:04:06.467+0000] {dag.py:3239} INFO - Sync 1 DAGs
[2025-03-07T10:04:06.475+0000] {logging_mixin.py:190} INFO - [2025-03-07T10:04:06.474+0000] {dag.py:4180} INFO - Setting next_dagrun for hello_world_dag to None, run_after=None
[2025-03-07T10:04:06.481+0000] {processor.py:208} INFO - Processing /opt/airflow/dags/main_dag.py took 0.051 seconds
[2025-03-07T10:04:36.912+0000] {processor.py:186} INFO - Started process (PID=1221) to work on /opt/airflow/dags/main_dag.py
[2025-03-07T10:04:36.913+0000] {processor.py:914} INFO - Processing file /opt/airflow/dags/main_dag.py for tasks to queue
[2025-03-07T10:04:36.914+0000] {logging_mixin.py:190} INFO - [2025-03-07T10:04:36.914+0000] {dagbag.py:588} INFO - Filling up the DagBag from /opt/airflow/dags/main_dag.py
[2025-03-07T10:04:36.938+0000] {processor.py:925} INFO - DAG(s) 'hello_world_dag' retrieved from /opt/airflow/dags/main_dag.py
[2025-03-07T10:04:36.944+0000] {logging_mixin.py:190} INFO - [2025-03-07T10:04:36.944+0000] {dag.py:3239} INFO - Sync 1 DAGs
[2025-03-07T10:04:36.950+0000] {logging_mixin.py:190} INFO - [2025-03-07T10:04:36.950+0000] {dag.py:4180} INFO - Setting next_dagrun for hello_world_dag to None, run_after=None
[2025-03-07T10:04:36.955+0000] {processor.py:208} INFO - Processing /opt/airflow/dags/main_dag.py took 0.050 seconds
[2025-03-07T10:05:07.485+0000] {processor.py:186} INFO - Started process (PID=1230) to work on /opt/airflow/dags/main_dag.py
[2025-03-07T10:05:07.486+0000] {processor.py:914} INFO - Processing file /opt/airflow/dags/main_dag.py for tasks to queue
[2025-03-07T10:05:07.487+0000] {logging_mixin.py:190} INFO - [2025-03-07T10:05:07.487+0000] {dagbag.py:588} INFO - Filling up the DagBag from /opt/airflow/dags/main_dag.py
[2025-03-07T10:05:07.507+0000] {processor.py:925} INFO - DAG(s) 'hello_world_dag' retrieved from /opt/airflow/dags/main_dag.py
[2025-03-07T10:05:07.513+0000] {logging_mixin.py:190} INFO - [2025-03-07T10:05:07.513+0000] {dag.py:3239} INFO - Sync 1 DAGs
[2025-03-07T10:05:07.518+0000] {logging_mixin.py:190} INFO - [2025-03-07T10:05:07.518+0000] {dag.py:4180} INFO - Setting next_dagrun for hello_world_dag to None, run_after=None
[2025-03-07T10:05:07.524+0000] {processor.py:208} INFO - Processing /opt/airflow/dags/main_dag.py took 0.044 seconds
[2025-03-07T10:05:38.037+0000] {processor.py:186} INFO - Started process (PID=1239) to work on /opt/airflow/dags/main_dag.py
[2025-03-07T10:05:38.038+0000] {processor.py:914} INFO - Processing file /opt/airflow/dags/main_dag.py for tasks to queue
[2025-03-07T10:05:38.039+0000] {logging_mixin.py:190} INFO - [2025-03-07T10:05:38.039+0000] {dagbag.py:588} INFO - Filling up the DagBag from /opt/airflow/dags/main_dag.py
[2025-03-07T10:05:38.057+0000] {processor.py:925} INFO - DAG(s) 'hello_world_dag' retrieved from /opt/airflow/dags/main_dag.py
[2025-03-07T10:05:38.063+0000] {logging_mixin.py:190} INFO - [2025-03-07T10:05:38.063+0000] {dag.py:3239} INFO - Sync 1 DAGs
[2025-03-07T10:05:38.069+0000] {logging_mixin.py:190} INFO - [2025-03-07T10:05:38.068+0000] {dag.py:4180} INFO - Setting next_dagrun for hello_world_dag to None, run_after=None
[2025-03-07T10:05:38.074+0000] {processor.py:208} INFO - Processing /opt/airflow/dags/main_dag.py took 0.042 seconds
[2025-03-07T10:06:08.597+0000] {processor.py:186} INFO - Started process (PID=1248) to work on /opt/airflow/dags/main_dag.py
[2025-03-07T10:06:08.598+0000] {processor.py:914} INFO - Processing file /opt/airflow/dags/main_dag.py for tasks to queue
[2025-03-07T10:06:08.599+0000] {logging_mixin.py:190} INFO - [2025-03-07T10:06:08.599+0000] {dagbag.py:588} INFO - Filling up the DagBag from /opt/airflow/dags/main_dag.py
[2025-03-07T10:06:08.615+0000] {processor.py:925} INFO - DAG(s) 'hello_world_dag' retrieved from /opt/airflow/dags/main_dag.py
[2025-03-07T10:06:08.621+0000] {logging_mixin.py:190} INFO - [2025-03-07T10:06:08.621+0000] {dag.py:3239} INFO - Sync 1 DAGs
[2025-03-07T10:06:08.627+0000] {logging_mixin.py:190} INFO - [2025-03-07T10:06:08.627+0000] {dag.py:4180} INFO - Setting next_dagrun for hello_world_dag to None, run_after=None
[2025-03-07T10:06:08.634+0000] {processor.py:208} INFO - Processing /opt/airflow/dags/main_dag.py took 0.047 seconds
[2025-03-07T10:06:39.047+0000] {processor.py:186} INFO - Started process (PID=1257) to work on /opt/airflow/dags/main_dag.py
[2025-03-07T10:06:39.049+0000] {processor.py:914} INFO - Processing file /opt/airflow/dags/main_dag.py for tasks to queue
[2025-03-07T10:06:39.049+0000] {logging_mixin.py:190} INFO - [2025-03-07T10:06:39.049+0000] {dagbag.py:588} INFO - Filling up the DagBag from /opt/airflow/dags/main_dag.py
[2025-03-07T10:06:39.064+0000] {processor.py:925} INFO - DAG(s) 'hello_world_dag' retrieved from /opt/airflow/dags/main_dag.py
[2025-03-07T10:06:39.070+0000] {logging_mixin.py:190} INFO - [2025-03-07T10:06:39.070+0000] {dag.py:3239} INFO - Sync 1 DAGs
[2025-03-07T10:06:39.076+0000] {logging_mixin.py:190} INFO - [2025-03-07T10:06:39.076+0000] {dag.py:4180} INFO - Setting next_dagrun for hello_world_dag to None, run_after=None
[2025-03-07T10:06:39.081+0000] {processor.py:208} INFO - Processing /opt/airflow/dags/main_dag.py took 0.039 seconds
[2025-03-07T10:07:09.521+0000] {processor.py:186} INFO - Started process (PID=1266) to work on /opt/airflow/dags/main_dag.py
[2025-03-07T10:07:09.523+0000] {processor.py:914} INFO - Processing file /opt/airflow/dags/main_dag.py for tasks to queue
[2025-03-07T10:07:09.523+0000] {logging_mixin.py:190} INFO - [2025-03-07T10:07:09.523+0000] {dagbag.py:588} INFO - Filling up the DagBag from /opt/airflow/dags/main_dag.py
[2025-03-07T10:07:09.535+0000] {processor.py:925} INFO - DAG(s) 'hello_world_dag' retrieved from /opt/airflow/dags/main_dag.py
[2025-03-07T10:07:09.541+0000] {logging_mixin.py:190} INFO - [2025-03-07T10:07:09.541+0000] {dag.py:3239} INFO - Sync 1 DAGs
[2025-03-07T10:07:09.546+0000] {logging_mixin.py:190} INFO - [2025-03-07T10:07:09.546+0000] {dag.py:4180} INFO - Setting next_dagrun for hello_world_dag to None, run_after=None
[2025-03-07T10:07:09.552+0000] {processor.py:208} INFO - Processing /opt/airflow/dags/main_dag.py took 0.034 seconds
[2025-03-07T10:07:39.983+0000] {processor.py:186} INFO - Started process (PID=1275) to work on /opt/airflow/dags/main_dag.py
[2025-03-07T10:07:39.984+0000] {processor.py:914} INFO - Processing file /opt/airflow/dags/main_dag.py for tasks to queue
[2025-03-07T10:07:39.985+0000] {logging_mixin.py:190} INFO - [2025-03-07T10:07:39.985+0000] {dagbag.py:588} INFO - Filling up the DagBag from /opt/airflow/dags/main_dag.py
[2025-03-07T10:07:40.002+0000] {processor.py:925} INFO - DAG(s) 'hello_world_dag' retrieved from /opt/airflow/dags/main_dag.py
[2025-03-07T10:07:40.009+0000] {logging_mixin.py:190} INFO - [2025-03-07T10:07:40.008+0000] {dag.py:3239} INFO - Sync 1 DAGs
[2025-03-07T10:07:40.014+0000] {logging_mixin.py:190} INFO - [2025-03-07T10:07:40.014+0000] {dag.py:4180} INFO - Setting next_dagrun for hello_world_dag to None, run_after=None
[2025-03-07T10:07:40.020+0000] {processor.py:208} INFO - Processing /opt/airflow/dags/main_dag.py took 0.041 seconds
[2025-03-07T10:12:13.015+0000] {processor.py:186} INFO - Started process (PID=38) to work on /opt/airflow/dags/main_dag.py
[2025-03-07T10:12:13.017+0000] {processor.py:914} INFO - Processing file /opt/airflow/dags/main_dag.py for tasks to queue
[2025-03-07T10:12:13.020+0000] {logging_mixin.py:190} INFO - [2025-03-07T10:12:13.020+0000] {dagbag.py:588} INFO - Filling up the DagBag from /opt/airflow/dags/main_dag.py
[2025-03-07T10:12:13.064+0000] {processor.py:925} INFO - DAG(s) 'hello_world_dag' retrieved from /opt/airflow/dags/main_dag.py
[2025-03-07T10:12:13.090+0000] {logging_mixin.py:190} INFO - [2025-03-07T10:12:13.087+0000] {dag.py:3239} INFO - Sync 1 DAGs
[2025-03-07T10:12:13.109+0000] {logging_mixin.py:190} INFO - [2025-03-07T10:12:13.109+0000] {dag.py:4180} INFO - Setting next_dagrun for hello_world_dag to None, run_after=None
[2025-03-07T10:12:13.131+0000] {processor.py:208} INFO - Processing /opt/airflow/dags/main_dag.py took 0.125 seconds
