[2025-03-07T00:05:46.755+0000] {processor.py:186} INFO - Started process (PID=500) to work on /opt/airflow/dags/second_dag.py
[2025-03-07T00:05:46.758+0000] {processor.py:914} INFO - Processing file /opt/airflow/dags/second_dag.py for tasks to queue
[2025-03-07T00:05:46.761+0000] {logging_mixin.py:190} INFO - [2025-03-07T00:05:46.761+0000] {dagbag.py:588} INFO - Filling up the DagBag from /opt/airflow/dags/second_dag.py
[2025-03-07T00:05:46.784+0000] {processor.py:925} INFO - DAG(s) 'second_dag' retrieved from /opt/airflow/dags/second_dag.py
[2025-03-07T00:05:47.041+0000] {logging_mixin.py:190} INFO - [2025-03-07T00:05:47.041+0000] {dag.py:3239} INFO - Sync 1 DAGs
[2025-03-07T00:05:47.047+0000] {logging_mixin.py:190} INFO - [2025-03-07T00:05:47.047+0000] {dag.py:4180} INFO - Setting next_dagrun for second_dag to None, run_after=None
[2025-03-07T00:05:47.058+0000] {processor.py:208} INFO - Processing /opt/airflow/dags/second_dag.py took 0.310 seconds
[2025-03-07T00:21:43.025+0000] {processor.py:186} INFO - Started process (PID=509) to work on /opt/airflow/dags/second_dag.py
[2025-03-07T00:21:43.026+0000] {processor.py:914} INFO - Processing file /opt/airflow/dags/second_dag.py for tasks to queue
[2025-03-07T00:21:43.028+0000] {logging_mixin.py:190} INFO - [2025-03-07T00:21:43.027+0000] {dagbag.py:588} INFO - Filling up the DagBag from /opt/airflow/dags/second_dag.py
[2025-03-07T00:21:43.048+0000] {processor.py:925} INFO - DAG(s) 'second_dag' retrieved from /opt/airflow/dags/second_dag.py
[2025-03-07T00:21:43.067+0000] {logging_mixin.py:190} INFO - [2025-03-07T00:21:43.067+0000] {dag.py:3239} INFO - Sync 1 DAGs
[2025-03-07T00:21:43.078+0000] {logging_mixin.py:190} INFO - [2025-03-07T00:21:43.078+0000] {dag.py:4180} INFO - Setting next_dagrun for second_dag to None, run_after=None
[2025-03-07T00:21:43.091+0000] {processor.py:208} INFO - Processing /opt/airflow/dags/second_dag.py took 0.075 seconds
[2025-03-07T00:31:18.501+0000] {processor.py:186} INFO - Started process (PID=518) to work on /opt/airflow/dags/second_dag.py
[2025-03-07T00:31:18.501+0000] {processor.py:914} INFO - Processing file /opt/airflow/dags/second_dag.py for tasks to queue
[2025-03-07T00:31:18.503+0000] {logging_mixin.py:190} INFO - [2025-03-07T00:31:18.502+0000] {dagbag.py:588} INFO - Filling up the DagBag from /opt/airflow/dags/second_dag.py
[2025-03-07T00:31:18.518+0000] {processor.py:925} INFO - DAG(s) 'second_dag' retrieved from /opt/airflow/dags/second_dag.py
[2025-03-07T00:31:18.535+0000] {logging_mixin.py:190} INFO - [2025-03-07T00:31:18.535+0000] {dag.py:3239} INFO - Sync 1 DAGs
[2025-03-07T00:31:18.547+0000] {logging_mixin.py:190} INFO - [2025-03-07T00:31:18.547+0000] {dag.py:4180} INFO - Setting next_dagrun for second_dag to None, run_after=None
[2025-03-07T00:31:18.556+0000] {processor.py:208} INFO - Processing /opt/airflow/dags/second_dag.py took 0.060 seconds
[2025-03-07T00:47:07.880+0000] {processor.py:186} INFO - Started process (PID=527) to work on /opt/airflow/dags/second_dag.py
[2025-03-07T00:47:07.881+0000] {processor.py:914} INFO - Processing file /opt/airflow/dags/second_dag.py for tasks to queue
[2025-03-07T00:47:07.882+0000] {logging_mixin.py:190} INFO - [2025-03-07T00:47:07.882+0000] {dagbag.py:588} INFO - Filling up the DagBag from /opt/airflow/dags/second_dag.py
[2025-03-07T00:47:07.904+0000] {processor.py:925} INFO - DAG(s) 'second_dag' retrieved from /opt/airflow/dags/second_dag.py
[2025-03-07T00:47:07.925+0000] {logging_mixin.py:190} INFO - [2025-03-07T00:47:07.925+0000] {dag.py:3239} INFO - Sync 1 DAGs
[2025-03-07T00:47:07.941+0000] {logging_mixin.py:190} INFO - [2025-03-07T00:47:07.941+0000] {dag.py:4180} INFO - Setting next_dagrun for second_dag to None, run_after=None
[2025-03-07T00:47:07.955+0000] {processor.py:208} INFO - Processing /opt/airflow/dags/second_dag.py took 0.088 seconds
[2025-03-07T01:03:57.968+0000] {processor.py:186} INFO - Started process (PID=536) to work on /opt/airflow/dags/second_dag.py
[2025-03-07T01:03:57.970+0000] {processor.py:914} INFO - Processing file /opt/airflow/dags/second_dag.py for tasks to queue
[2025-03-07T01:03:57.971+0000] {logging_mixin.py:190} INFO - [2025-03-07T01:03:57.971+0000] {dagbag.py:588} INFO - Filling up the DagBag from /opt/airflow/dags/second_dag.py
[2025-03-07T01:03:57.991+0000] {processor.py:925} INFO - DAG(s) 'second_dag' retrieved from /opt/airflow/dags/second_dag.py
[2025-03-07T01:03:58.015+0000] {logging_mixin.py:190} INFO - [2025-03-07T01:03:58.015+0000] {dag.py:3239} INFO - Sync 1 DAGs
[2025-03-07T01:03:58.025+0000] {logging_mixin.py:190} INFO - [2025-03-07T01:03:58.025+0000] {dag.py:4180} INFO - Setting next_dagrun for second_dag to None, run_after=None
[2025-03-07T01:03:58.037+0000] {processor.py:208} INFO - Processing /opt/airflow/dags/second_dag.py took 0.080 seconds
[2025-03-07T01:04:28.464+0000] {processor.py:186} INFO - Started process (PID=545) to work on /opt/airflow/dags/second_dag.py
[2025-03-07T01:04:28.465+0000] {processor.py:914} INFO - Processing file /opt/airflow/dags/second_dag.py for tasks to queue
[2025-03-07T01:04:28.467+0000] {logging_mixin.py:190} INFO - [2025-03-07T01:04:28.467+0000] {dagbag.py:588} INFO - Filling up the DagBag from /opt/airflow/dags/second_dag.py
[2025-03-07T01:04:28.485+0000] {processor.py:925} INFO - DAG(s) 'second_dag' retrieved from /opt/airflow/dags/second_dag.py
[2025-03-07T01:04:28.506+0000] {logging_mixin.py:190} INFO - [2025-03-07T01:04:28.506+0000] {dag.py:3239} INFO - Sync 1 DAGs
[2025-03-07T01:04:28.516+0000] {logging_mixin.py:190} INFO - [2025-03-07T01:04:28.516+0000] {dag.py:4180} INFO - Setting next_dagrun for second_dag to None, run_after=None
[2025-03-07T01:04:28.528+0000] {processor.py:208} INFO - Processing /opt/airflow/dags/second_dag.py took 0.072 seconds
[2025-03-07T01:20:23.589+0000] {processor.py:186} INFO - Started process (PID=554) to work on /opt/airflow/dags/second_dag.py
[2025-03-07T01:20:23.590+0000] {processor.py:914} INFO - Processing file /opt/airflow/dags/second_dag.py for tasks to queue
[2025-03-07T01:20:23.593+0000] {logging_mixin.py:190} INFO - [2025-03-07T01:20:23.592+0000] {dagbag.py:588} INFO - Filling up the DagBag from /opt/airflow/dags/second_dag.py
[2025-03-07T01:20:23.618+0000] {processor.py:925} INFO - DAG(s) 'second_dag' retrieved from /opt/airflow/dags/second_dag.py
[2025-03-07T01:20:23.643+0000] {logging_mixin.py:190} INFO - [2025-03-07T01:20:23.642+0000] {dag.py:3239} INFO - Sync 1 DAGs
[2025-03-07T01:20:23.662+0000] {logging_mixin.py:190} INFO - [2025-03-07T01:20:23.662+0000] {dag.py:4180} INFO - Setting next_dagrun for second_dag to None, run_after=None
[2025-03-07T01:20:23.682+0000] {processor.py:208} INFO - Processing /opt/airflow/dags/second_dag.py took 0.107 seconds
[2025-03-07T01:36:19.868+0000] {processor.py:186} INFO - Started process (PID=563) to work on /opt/airflow/dags/second_dag.py
[2025-03-07T01:36:19.869+0000] {processor.py:914} INFO - Processing file /opt/airflow/dags/second_dag.py for tasks to queue
[2025-03-07T01:36:19.870+0000] {logging_mixin.py:190} INFO - [2025-03-07T01:36:19.870+0000] {dagbag.py:588} INFO - Filling up the DagBag from /opt/airflow/dags/second_dag.py
[2025-03-07T01:36:19.894+0000] {processor.py:925} INFO - DAG(s) 'second_dag' retrieved from /opt/airflow/dags/second_dag.py
[2025-03-07T01:36:19.924+0000] {logging_mixin.py:190} INFO - [2025-03-07T01:36:19.924+0000] {dag.py:3239} INFO - Sync 1 DAGs
[2025-03-07T01:36:19.935+0000] {logging_mixin.py:190} INFO - [2025-03-07T01:36:19.935+0000] {dag.py:4180} INFO - Setting next_dagrun for second_dag to None, run_after=None
[2025-03-07T01:36:19.948+0000] {processor.py:208} INFO - Processing /opt/airflow/dags/second_dag.py took 0.087 seconds
[2025-03-07T01:52:15.136+0000] {processor.py:186} INFO - Started process (PID=572) to work on /opt/airflow/dags/second_dag.py
[2025-03-07T01:52:15.140+0000] {processor.py:914} INFO - Processing file /opt/airflow/dags/second_dag.py for tasks to queue
[2025-03-07T01:52:15.143+0000] {logging_mixin.py:190} INFO - [2025-03-07T01:52:15.143+0000] {dagbag.py:588} INFO - Filling up the DagBag from /opt/airflow/dags/second_dag.py
[2025-03-07T01:52:15.167+0000] {processor.py:925} INFO - DAG(s) 'second_dag' retrieved from /opt/airflow/dags/second_dag.py
[2025-03-07T01:52:15.195+0000] {logging_mixin.py:190} INFO - [2025-03-07T01:52:15.194+0000] {dag.py:3239} INFO - Sync 1 DAGs
[2025-03-07T01:52:15.210+0000] {logging_mixin.py:190} INFO - [2025-03-07T01:52:15.209+0000] {dag.py:4180} INFO - Setting next_dagrun for second_dag to None, run_after=None
[2025-03-07T01:52:15.220+0000] {processor.py:208} INFO - Processing /opt/airflow/dags/second_dag.py took 0.099 seconds
[2025-03-07T01:52:45.657+0000] {processor.py:186} INFO - Started process (PID=581) to work on /opt/airflow/dags/second_dag.py
[2025-03-07T01:52:45.659+0000] {processor.py:914} INFO - Processing file /opt/airflow/dags/second_dag.py for tasks to queue
[2025-03-07T01:52:45.661+0000] {logging_mixin.py:190} INFO - [2025-03-07T01:52:45.660+0000] {dagbag.py:588} INFO - Filling up the DagBag from /opt/airflow/dags/second_dag.py
[2025-03-07T01:52:45.684+0000] {processor.py:925} INFO - DAG(s) 'second_dag' retrieved from /opt/airflow/dags/second_dag.py
[2025-03-07T01:52:45.714+0000] {logging_mixin.py:190} INFO - [2025-03-07T01:52:45.714+0000] {dag.py:3239} INFO - Sync 1 DAGs
[2025-03-07T01:52:45.735+0000] {logging_mixin.py:190} INFO - [2025-03-07T01:52:45.735+0000] {dag.py:4180} INFO - Setting next_dagrun for second_dag to None, run_after=None
[2025-03-07T01:52:45.748+0000] {processor.py:208} INFO - Processing /opt/airflow/dags/second_dag.py took 0.098 seconds
[2025-03-07T02:08:40.977+0000] {processor.py:186} INFO - Started process (PID=590) to work on /opt/airflow/dags/second_dag.py
[2025-03-07T02:08:40.980+0000] {processor.py:914} INFO - Processing file /opt/airflow/dags/second_dag.py for tasks to queue
[2025-03-07T02:08:40.981+0000] {logging_mixin.py:190} INFO - [2025-03-07T02:08:40.981+0000] {dagbag.py:588} INFO - Filling up the DagBag from /opt/airflow/dags/second_dag.py
[2025-03-07T02:08:41.008+0000] {processor.py:925} INFO - DAG(s) 'second_dag' retrieved from /opt/airflow/dags/second_dag.py
[2025-03-07T02:08:41.034+0000] {logging_mixin.py:190} INFO - [2025-03-07T02:08:41.034+0000] {dag.py:3239} INFO - Sync 1 DAGs
[2025-03-07T02:08:41.047+0000] {logging_mixin.py:190} INFO - [2025-03-07T02:08:41.047+0000] {dag.py:4180} INFO - Setting next_dagrun for second_dag to None, run_after=None
[2025-03-07T02:08:41.059+0000] {processor.py:208} INFO - Processing /opt/airflow/dags/second_dag.py took 0.094 seconds
[2025-03-07T02:24:37.173+0000] {processor.py:186} INFO - Started process (PID=599) to work on /opt/airflow/dags/second_dag.py
[2025-03-07T02:24:37.174+0000] {processor.py:914} INFO - Processing file /opt/airflow/dags/second_dag.py for tasks to queue
[2025-03-07T02:24:37.175+0000] {logging_mixin.py:190} INFO - [2025-03-07T02:24:37.175+0000] {dagbag.py:588} INFO - Filling up the DagBag from /opt/airflow/dags/second_dag.py
[2025-03-07T02:24:37.194+0000] {processor.py:925} INFO - DAG(s) 'second_dag' retrieved from /opt/airflow/dags/second_dag.py
[2025-03-07T02:24:37.219+0000] {logging_mixin.py:190} INFO - [2025-03-07T02:24:37.218+0000] {dag.py:3239} INFO - Sync 1 DAGs
[2025-03-07T02:24:37.230+0000] {logging_mixin.py:190} INFO - [2025-03-07T02:24:37.229+0000] {dag.py:4180} INFO - Setting next_dagrun for second_dag to None, run_after=None
[2025-03-07T02:24:37.241+0000] {processor.py:208} INFO - Processing /opt/airflow/dags/second_dag.py took 0.074 seconds
[2025-03-07T02:25:07.598+0000] {processor.py:186} INFO - Started process (PID=608) to work on /opt/airflow/dags/second_dag.py
[2025-03-07T02:25:07.601+0000] {processor.py:914} INFO - Processing file /opt/airflow/dags/second_dag.py for tasks to queue
[2025-03-07T02:25:07.602+0000] {logging_mixin.py:190} INFO - [2025-03-07T02:25:07.602+0000] {dagbag.py:588} INFO - Filling up the DagBag from /opt/airflow/dags/second_dag.py
[2025-03-07T02:25:07.623+0000] {processor.py:925} INFO - DAG(s) 'second_dag' retrieved from /opt/airflow/dags/second_dag.py
[2025-03-07T02:25:07.649+0000] {logging_mixin.py:190} INFO - [2025-03-07T02:25:07.648+0000] {dag.py:3239} INFO - Sync 1 DAGs
[2025-03-07T02:25:07.665+0000] {logging_mixin.py:190} INFO - [2025-03-07T02:25:07.664+0000] {dag.py:4180} INFO - Setting next_dagrun for second_dag to None, run_after=None
[2025-03-07T02:25:07.674+0000] {processor.py:208} INFO - Processing /opt/airflow/dags/second_dag.py took 0.088 seconds
[2025-03-07T02:32:26.220+0000] {processor.py:186} INFO - Started process (PID=617) to work on /opt/airflow/dags/second_dag.py
[2025-03-07T02:32:26.221+0000] {processor.py:914} INFO - Processing file /opt/airflow/dags/second_dag.py for tasks to queue
[2025-03-07T02:32:26.222+0000] {logging_mixin.py:190} INFO - [2025-03-07T02:32:26.222+0000] {dagbag.py:588} INFO - Filling up the DagBag from /opt/airflow/dags/second_dag.py
[2025-03-07T02:32:26.244+0000] {processor.py:925} INFO - DAG(s) 'second_dag' retrieved from /opt/airflow/dags/second_dag.py
[2025-03-07T02:32:26.273+0000] {logging_mixin.py:190} INFO - [2025-03-07T02:32:26.273+0000] {dag.py:3239} INFO - Sync 1 DAGs
[2025-03-07T02:32:26.288+0000] {logging_mixin.py:190} INFO - [2025-03-07T02:32:26.288+0000] {dag.py:4180} INFO - Setting next_dagrun for second_dag to None, run_after=None
[2025-03-07T02:32:26.300+0000] {processor.py:208} INFO - Processing /opt/airflow/dags/second_dag.py took 0.088 seconds
[2025-03-07T02:48:21.353+0000] {processor.py:186} INFO - Started process (PID=625) to work on /opt/airflow/dags/second_dag.py
[2025-03-07T02:48:21.353+0000] {processor.py:914} INFO - Processing file /opt/airflow/dags/second_dag.py for tasks to queue
[2025-03-07T02:48:21.355+0000] {logging_mixin.py:190} INFO - [2025-03-07T02:48:21.355+0000] {dagbag.py:588} INFO - Filling up the DagBag from /opt/airflow/dags/second_dag.py
[2025-03-07T02:48:21.375+0000] {processor.py:925} INFO - DAG(s) 'second_dag' retrieved from /opt/airflow/dags/second_dag.py
[2025-03-07T02:48:21.401+0000] {logging_mixin.py:190} INFO - [2025-03-07T02:48:21.401+0000] {dag.py:3239} INFO - Sync 1 DAGs
[2025-03-07T02:48:21.417+0000] {logging_mixin.py:190} INFO - [2025-03-07T02:48:21.417+0000] {dag.py:4180} INFO - Setting next_dagrun for second_dag to None, run_after=None
[2025-03-07T02:48:21.427+0000] {processor.py:208} INFO - Processing /opt/airflow/dags/second_dag.py took 0.079 seconds
[2025-03-07T02:48:51.901+0000] {processor.py:186} INFO - Started process (PID=634) to work on /opt/airflow/dags/second_dag.py
[2025-03-07T02:48:51.902+0000] {processor.py:914} INFO - Processing file /opt/airflow/dags/second_dag.py for tasks to queue
[2025-03-07T02:48:51.904+0000] {logging_mixin.py:190} INFO - [2025-03-07T02:48:51.904+0000] {dagbag.py:588} INFO - Filling up the DagBag from /opt/airflow/dags/second_dag.py
[2025-03-07T02:48:51.928+0000] {processor.py:925} INFO - DAG(s) 'second_dag' retrieved from /opt/airflow/dags/second_dag.py
[2025-03-07T02:48:51.970+0000] {logging_mixin.py:190} INFO - [2025-03-07T02:48:51.970+0000] {dag.py:3239} INFO - Sync 1 DAGs
[2025-03-07T02:48:51.997+0000] {logging_mixin.py:190} INFO - [2025-03-07T02:48:51.997+0000] {dag.py:4180} INFO - Setting next_dagrun for second_dag to None, run_after=None
[2025-03-07T02:48:52.006+0000] {processor.py:208} INFO - Processing /opt/airflow/dags/second_dag.py took 0.131 seconds
[2025-03-07T03:04:47.062+0000] {processor.py:186} INFO - Started process (PID=643) to work on /opt/airflow/dags/second_dag.py
[2025-03-07T03:04:47.064+0000] {processor.py:914} INFO - Processing file /opt/airflow/dags/second_dag.py for tasks to queue
[2025-03-07T03:04:47.067+0000] {logging_mixin.py:190} INFO - [2025-03-07T03:04:47.067+0000] {dagbag.py:588} INFO - Filling up the DagBag from /opt/airflow/dags/second_dag.py
[2025-03-07T03:04:47.091+0000] {processor.py:925} INFO - DAG(s) 'second_dag' retrieved from /opt/airflow/dags/second_dag.py
[2025-03-07T03:04:47.130+0000] {logging_mixin.py:190} INFO - [2025-03-07T03:04:47.129+0000] {dag.py:3239} INFO - Sync 1 DAGs
[2025-03-07T03:04:47.145+0000] {logging_mixin.py:190} INFO - [2025-03-07T03:04:47.144+0000] {dag.py:4180} INFO - Setting next_dagrun for second_dag to None, run_after=None
[2025-03-07T03:04:47.156+0000] {processor.py:208} INFO - Processing /opt/airflow/dags/second_dag.py took 0.101 seconds
[2025-03-07T03:20:43.237+0000] {processor.py:186} INFO - Started process (PID=652) to work on /opt/airflow/dags/second_dag.py
[2025-03-07T03:20:43.238+0000] {processor.py:914} INFO - Processing file /opt/airflow/dags/second_dag.py for tasks to queue
[2025-03-07T03:20:43.240+0000] {logging_mixin.py:190} INFO - [2025-03-07T03:20:43.240+0000] {dagbag.py:588} INFO - Filling up the DagBag from /opt/airflow/dags/second_dag.py
[2025-03-07T03:20:43.262+0000] {processor.py:925} INFO - DAG(s) 'second_dag' retrieved from /opt/airflow/dags/second_dag.py
[2025-03-07T03:20:43.291+0000] {logging_mixin.py:190} INFO - [2025-03-07T03:20:43.291+0000] {dag.py:3239} INFO - Sync 1 DAGs
[2025-03-07T03:20:43.307+0000] {logging_mixin.py:190} INFO - [2025-03-07T03:20:43.307+0000] {dag.py:4180} INFO - Setting next_dagrun for second_dag to None, run_after=None
[2025-03-07T03:20:43.319+0000] {processor.py:208} INFO - Processing /opt/airflow/dags/second_dag.py took 0.090 seconds
[2025-03-07T03:33:06.424+0000] {processor.py:186} INFO - Started process (PID=661) to work on /opt/airflow/dags/second_dag.py
[2025-03-07T03:33:06.425+0000] {processor.py:914} INFO - Processing file /opt/airflow/dags/second_dag.py for tasks to queue
[2025-03-07T03:33:06.426+0000] {logging_mixin.py:190} INFO - [2025-03-07T03:33:06.426+0000] {dagbag.py:588} INFO - Filling up the DagBag from /opt/airflow/dags/second_dag.py
[2025-03-07T03:33:06.448+0000] {processor.py:925} INFO - DAG(s) 'second_dag' retrieved from /opt/airflow/dags/second_dag.py
[2025-03-07T03:33:06.479+0000] {logging_mixin.py:190} INFO - [2025-03-07T03:33:06.478+0000] {dag.py:3239} INFO - Sync 1 DAGs
[2025-03-07T03:33:06.490+0000] {logging_mixin.py:190} INFO - [2025-03-07T03:33:06.490+0000] {dag.py:4180} INFO - Setting next_dagrun for second_dag to None, run_after=None
[2025-03-07T03:33:06.500+0000] {processor.py:208} INFO - Processing /opt/airflow/dags/second_dag.py took 0.087 seconds
[2025-03-07T03:49:00.822+0000] {processor.py:186} INFO - Started process (PID=670) to work on /opt/airflow/dags/second_dag.py
[2025-03-07T03:49:00.823+0000] {processor.py:914} INFO - Processing file /opt/airflow/dags/second_dag.py for tasks to queue
[2025-03-07T03:49:00.824+0000] {logging_mixin.py:190} INFO - [2025-03-07T03:49:00.824+0000] {dagbag.py:588} INFO - Filling up the DagBag from /opt/airflow/dags/second_dag.py
[2025-03-07T03:49:00.842+0000] {processor.py:925} INFO - DAG(s) 'second_dag' retrieved from /opt/airflow/dags/second_dag.py
[2025-03-07T03:49:00.862+0000] {logging_mixin.py:190} INFO - [2025-03-07T03:49:00.862+0000] {dag.py:3239} INFO - Sync 1 DAGs
[2025-03-07T03:49:00.870+0000] {logging_mixin.py:190} INFO - [2025-03-07T03:49:00.870+0000] {dag.py:4180} INFO - Setting next_dagrun for second_dag to None, run_after=None
[2025-03-07T03:49:00.881+0000] {processor.py:208} INFO - Processing /opt/airflow/dags/second_dag.py took 0.065 seconds
[2025-03-07T03:49:31.226+0000] {processor.py:186} INFO - Started process (PID=679) to work on /opt/airflow/dags/second_dag.py
[2025-03-07T03:49:31.228+0000] {processor.py:914} INFO - Processing file /opt/airflow/dags/second_dag.py for tasks to queue
[2025-03-07T03:49:31.229+0000] {logging_mixin.py:190} INFO - [2025-03-07T03:49:31.228+0000] {dagbag.py:588} INFO - Filling up the DagBag from /opt/airflow/dags/second_dag.py
[2025-03-07T03:49:31.250+0000] {processor.py:925} INFO - DAG(s) 'second_dag' retrieved from /opt/airflow/dags/second_dag.py
[2025-03-07T03:49:31.277+0000] {logging_mixin.py:190} INFO - [2025-03-07T03:49:31.276+0000] {dag.py:3239} INFO - Sync 1 DAGs
[2025-03-07T03:49:31.294+0000] {logging_mixin.py:190} INFO - [2025-03-07T03:49:31.294+0000] {dag.py:4180} INFO - Setting next_dagrun for second_dag to None, run_after=None
[2025-03-07T03:49:31.305+0000] {processor.py:208} INFO - Processing /opt/airflow/dags/second_dag.py took 0.088 seconds
[2025-03-07T04:05:26.476+0000] {processor.py:186} INFO - Started process (PID=688) to work on /opt/airflow/dags/second_dag.py
[2025-03-07T04:05:26.477+0000] {processor.py:914} INFO - Processing file /opt/airflow/dags/second_dag.py for tasks to queue
[2025-03-07T04:05:26.480+0000] {logging_mixin.py:190} INFO - [2025-03-07T04:05:26.479+0000] {dagbag.py:588} INFO - Filling up the DagBag from /opt/airflow/dags/second_dag.py
[2025-03-07T04:05:26.497+0000] {processor.py:925} INFO - DAG(s) 'second_dag' retrieved from /opt/airflow/dags/second_dag.py
[2025-03-07T04:05:26.519+0000] {logging_mixin.py:190} INFO - [2025-03-07T04:05:26.518+0000] {dag.py:3239} INFO - Sync 1 DAGs
[2025-03-07T04:05:26.536+0000] {logging_mixin.py:190} INFO - [2025-03-07T04:05:26.536+0000] {dag.py:4180} INFO - Setting next_dagrun for second_dag to None, run_after=None
[2025-03-07T04:05:26.550+0000] {processor.py:208} INFO - Processing /opt/airflow/dags/second_dag.py took 0.084 seconds
[2025-03-07T04:21:22.671+0000] {processor.py:186} INFO - Started process (PID=697) to work on /opt/airflow/dags/second_dag.py
[2025-03-07T04:21:22.672+0000] {processor.py:914} INFO - Processing file /opt/airflow/dags/second_dag.py for tasks to queue
[2025-03-07T04:21:22.674+0000] {logging_mixin.py:190} INFO - [2025-03-07T04:21:22.674+0000] {dagbag.py:588} INFO - Filling up the DagBag from /opt/airflow/dags/second_dag.py
[2025-03-07T04:21:22.692+0000] {processor.py:925} INFO - DAG(s) 'second_dag' retrieved from /opt/airflow/dags/second_dag.py
[2025-03-07T04:21:22.718+0000] {logging_mixin.py:190} INFO - [2025-03-07T04:21:22.717+0000] {dag.py:3239} INFO - Sync 1 DAGs
[2025-03-07T04:21:22.732+0000] {logging_mixin.py:190} INFO - [2025-03-07T04:21:22.732+0000] {dag.py:4180} INFO - Setting next_dagrun for second_dag to None, run_after=None
[2025-03-07T04:21:22.746+0000] {processor.py:208} INFO - Processing /opt/airflow/dags/second_dag.py took 0.084 seconds
[2025-03-07T04:34:03.696+0000] {processor.py:186} INFO - Started process (PID=706) to work on /opt/airflow/dags/second_dag.py
[2025-03-07T04:34:03.697+0000] {processor.py:914} INFO - Processing file /opt/airflow/dags/second_dag.py for tasks to queue
[2025-03-07T04:34:03.698+0000] {logging_mixin.py:190} INFO - [2025-03-07T04:34:03.698+0000] {dagbag.py:588} INFO - Filling up the DagBag from /opt/airflow/dags/second_dag.py
[2025-03-07T04:34:03.715+0000] {processor.py:925} INFO - DAG(s) 'second_dag' retrieved from /opt/airflow/dags/second_dag.py
[2025-03-07T04:34:03.737+0000] {logging_mixin.py:190} INFO - [2025-03-07T04:34:03.737+0000] {dag.py:3239} INFO - Sync 1 DAGs
[2025-03-07T04:34:03.753+0000] {logging_mixin.py:190} INFO - [2025-03-07T04:34:03.752+0000] {dag.py:4180} INFO - Setting next_dagrun for second_dag to None, run_after=None
[2025-03-07T04:34:03.762+0000] {processor.py:208} INFO - Processing /opt/airflow/dags/second_dag.py took 0.076 seconds
[2025-03-07T04:34:34.187+0000] {processor.py:186} INFO - Started process (PID=715) to work on /opt/airflow/dags/second_dag.py
[2025-03-07T04:34:34.189+0000] {processor.py:914} INFO - Processing file /opt/airflow/dags/second_dag.py for tasks to queue
[2025-03-07T04:34:34.191+0000] {logging_mixin.py:190} INFO - [2025-03-07T04:34:34.191+0000] {dagbag.py:588} INFO - Filling up the DagBag from /opt/airflow/dags/second_dag.py
[2025-03-07T04:34:34.211+0000] {processor.py:925} INFO - DAG(s) 'second_dag' retrieved from /opt/airflow/dags/second_dag.py
[2025-03-07T04:34:34.246+0000] {logging_mixin.py:190} INFO - [2025-03-07T04:34:34.245+0000] {dag.py:3239} INFO - Sync 1 DAGs
[2025-03-07T04:34:34.260+0000] {logging_mixin.py:190} INFO - [2025-03-07T04:34:34.260+0000] {dag.py:4180} INFO - Setting next_dagrun for second_dag to None, run_after=None
[2025-03-07T04:34:34.271+0000] {processor.py:208} INFO - Processing /opt/airflow/dags/second_dag.py took 0.099 seconds
[2025-03-07T04:50:16.701+0000] {processor.py:186} INFO - Started process (PID=724) to work on /opt/airflow/dags/second_dag.py
[2025-03-07T04:50:16.702+0000] {processor.py:914} INFO - Processing file /opt/airflow/dags/second_dag.py for tasks to queue
[2025-03-07T04:50:16.703+0000] {logging_mixin.py:190} INFO - [2025-03-07T04:50:16.703+0000] {dagbag.py:588} INFO - Filling up the DagBag from /opt/airflow/dags/second_dag.py
[2025-03-07T04:50:16.729+0000] {processor.py:925} INFO - DAG(s) 'second_dag' retrieved from /opt/airflow/dags/second_dag.py
[2025-03-07T04:50:16.751+0000] {logging_mixin.py:190} INFO - [2025-03-07T04:50:16.751+0000] {dag.py:3239} INFO - Sync 1 DAGs
[2025-03-07T04:50:16.763+0000] {logging_mixin.py:190} INFO - [2025-03-07T04:50:16.763+0000] {dag.py:4180} INFO - Setting next_dagrun for second_dag to None, run_after=None
[2025-03-07T04:50:16.772+0000] {processor.py:208} INFO - Processing /opt/airflow/dags/second_dag.py took 0.079 seconds
[2025-03-07T05:06:12.944+0000] {processor.py:186} INFO - Started process (PID=733) to work on /opt/airflow/dags/second_dag.py
[2025-03-07T05:06:12.945+0000] {processor.py:914} INFO - Processing file /opt/airflow/dags/second_dag.py for tasks to queue
[2025-03-07T05:06:12.946+0000] {logging_mixin.py:190} INFO - [2025-03-07T05:06:12.946+0000] {dagbag.py:588} INFO - Filling up the DagBag from /opt/airflow/dags/second_dag.py
[2025-03-07T05:06:12.970+0000] {processor.py:925} INFO - DAG(s) 'second_dag' retrieved from /opt/airflow/dags/second_dag.py
[2025-03-07T05:06:13.005+0000] {logging_mixin.py:190} INFO - [2025-03-07T05:06:13.005+0000] {dag.py:3239} INFO - Sync 1 DAGs
[2025-03-07T05:06:13.016+0000] {logging_mixin.py:190} INFO - [2025-03-07T05:06:13.015+0000] {dag.py:4180} INFO - Setting next_dagrun for second_dag to None, run_after=None
[2025-03-07T05:06:13.029+0000] {processor.py:208} INFO - Processing /opt/airflow/dags/second_dag.py took 0.101 seconds
[2025-03-07T05:06:43.312+0000] {processor.py:186} INFO - Started process (PID=742) to work on /opt/airflow/dags/second_dag.py
[2025-03-07T05:06:43.314+0000] {processor.py:914} INFO - Processing file /opt/airflow/dags/second_dag.py for tasks to queue
[2025-03-07T05:06:43.315+0000] {logging_mixin.py:190} INFO - [2025-03-07T05:06:43.314+0000] {dagbag.py:588} INFO - Filling up the DagBag from /opt/airflow/dags/second_dag.py
[2025-03-07T05:06:43.333+0000] {processor.py:925} INFO - DAG(s) 'second_dag' retrieved from /opt/airflow/dags/second_dag.py
[2025-03-07T05:06:43.355+0000] {logging_mixin.py:190} INFO - [2025-03-07T05:06:43.355+0000] {dag.py:3239} INFO - Sync 1 DAGs
[2025-03-07T05:06:43.370+0000] {logging_mixin.py:190} INFO - [2025-03-07T05:06:43.369+0000] {dag.py:4180} INFO - Setting next_dagrun for second_dag to None, run_after=None
[2025-03-07T05:06:43.380+0000] {processor.py:208} INFO - Processing /opt/airflow/dags/second_dag.py took 0.075 seconds
[2025-03-07T05:22:38.410+0000] {processor.py:186} INFO - Started process (PID=751) to work on /opt/airflow/dags/second_dag.py
[2025-03-07T05:22:38.411+0000] {processor.py:914} INFO - Processing file /opt/airflow/dags/second_dag.py for tasks to queue
[2025-03-07T05:22:38.413+0000] {logging_mixin.py:190} INFO - [2025-03-07T05:22:38.413+0000] {dagbag.py:588} INFO - Filling up the DagBag from /opt/airflow/dags/second_dag.py
[2025-03-07T05:22:38.432+0000] {processor.py:925} INFO - DAG(s) 'second_dag' retrieved from /opt/airflow/dags/second_dag.py
[2025-03-07T05:22:38.457+0000] {logging_mixin.py:190} INFO - [2025-03-07T05:22:38.457+0000] {dag.py:3239} INFO - Sync 1 DAGs
[2025-03-07T05:22:38.472+0000] {logging_mixin.py:190} INFO - [2025-03-07T05:22:38.472+0000] {dag.py:4180} INFO - Setting next_dagrun for second_dag to None, run_after=None
[2025-03-07T05:22:38.489+0000] {processor.py:208} INFO - Processing /opt/airflow/dags/second_dag.py took 0.088 seconds
[2025-03-07T05:35:13.450+0000] {processor.py:186} INFO - Started process (PID=760) to work on /opt/airflow/dags/second_dag.py
[2025-03-07T05:35:13.451+0000] {processor.py:914} INFO - Processing file /opt/airflow/dags/second_dag.py for tasks to queue
[2025-03-07T05:35:13.452+0000] {logging_mixin.py:190} INFO - [2025-03-07T05:35:13.452+0000] {dagbag.py:588} INFO - Filling up the DagBag from /opt/airflow/dags/second_dag.py
[2025-03-07T05:35:13.469+0000] {processor.py:925} INFO - DAG(s) 'second_dag' retrieved from /opt/airflow/dags/second_dag.py
[2025-03-07T05:35:13.500+0000] {logging_mixin.py:190} INFO - [2025-03-07T05:35:13.499+0000] {dag.py:3239} INFO - Sync 1 DAGs
[2025-03-07T05:35:13.511+0000] {logging_mixin.py:190} INFO - [2025-03-07T05:35:13.511+0000] {dag.py:4180} INFO - Setting next_dagrun for second_dag to None, run_after=None
[2025-03-07T05:35:13.519+0000] {processor.py:208} INFO - Processing /opt/airflow/dags/second_dag.py took 0.079 seconds
[2025-03-07T05:35:43.890+0000] {processor.py:186} INFO - Started process (PID=769) to work on /opt/airflow/dags/second_dag.py
[2025-03-07T05:35:43.895+0000] {processor.py:914} INFO - Processing file /opt/airflow/dags/second_dag.py for tasks to queue
[2025-03-07T05:35:43.896+0000] {logging_mixin.py:190} INFO - [2025-03-07T05:35:43.896+0000] {dagbag.py:588} INFO - Filling up the DagBag from /opt/airflow/dags/second_dag.py
[2025-03-07T05:35:43.920+0000] {processor.py:925} INFO - DAG(s) 'second_dag' retrieved from /opt/airflow/dags/second_dag.py
[2025-03-07T05:35:43.947+0000] {logging_mixin.py:190} INFO - [2025-03-07T05:35:43.947+0000] {dag.py:3239} INFO - Sync 1 DAGs
[2025-03-07T05:35:43.958+0000] {logging_mixin.py:190} INFO - [2025-03-07T05:35:43.957+0000] {dag.py:4180} INFO - Setting next_dagrun for second_dag to None, run_after=None
[2025-03-07T05:35:43.967+0000] {processor.py:208} INFO - Processing /opt/airflow/dags/second_dag.py took 0.091 seconds
[2025-03-07T05:51:39.034+0000] {processor.py:186} INFO - Started process (PID=778) to work on /opt/airflow/dags/second_dag.py
[2025-03-07T05:51:39.035+0000] {processor.py:914} INFO - Processing file /opt/airflow/dags/second_dag.py for tasks to queue
[2025-03-07T05:51:39.037+0000] {logging_mixin.py:190} INFO - [2025-03-07T05:51:39.037+0000] {dagbag.py:588} INFO - Filling up the DagBag from /opt/airflow/dags/second_dag.py
[2025-03-07T05:51:39.058+0000] {processor.py:925} INFO - DAG(s) 'second_dag' retrieved from /opt/airflow/dags/second_dag.py
[2025-03-07T05:51:39.079+0000] {logging_mixin.py:190} INFO - [2025-03-07T05:51:39.079+0000] {dag.py:3239} INFO - Sync 1 DAGs
[2025-03-07T05:51:39.089+0000] {logging_mixin.py:190} INFO - [2025-03-07T05:51:39.089+0000] {dag.py:4180} INFO - Setting next_dagrun for second_dag to None, run_after=None
[2025-03-07T05:51:39.098+0000] {processor.py:208} INFO - Processing /opt/airflow/dags/second_dag.py took 0.075 seconds
[2025-03-07T06:07:34.244+0000] {processor.py:186} INFO - Started process (PID=787) to work on /opt/airflow/dags/second_dag.py
[2025-03-07T06:07:34.247+0000] {processor.py:914} INFO - Processing file /opt/airflow/dags/second_dag.py for tasks to queue
[2025-03-07T06:07:34.248+0000] {logging_mixin.py:190} INFO - [2025-03-07T06:07:34.248+0000] {dagbag.py:588} INFO - Filling up the DagBag from /opt/airflow/dags/second_dag.py
[2025-03-07T06:07:34.264+0000] {processor.py:925} INFO - DAG(s) 'second_dag' retrieved from /opt/airflow/dags/second_dag.py
[2025-03-07T06:07:34.285+0000] {logging_mixin.py:190} INFO - [2025-03-07T06:07:34.285+0000] {dag.py:3239} INFO - Sync 1 DAGs
[2025-03-07T06:07:34.299+0000] {logging_mixin.py:190} INFO - [2025-03-07T06:07:34.299+0000] {dag.py:4180} INFO - Setting next_dagrun for second_dag to None, run_after=None
[2025-03-07T06:07:34.316+0000] {processor.py:208} INFO - Processing /opt/airflow/dags/second_dag.py took 0.082 seconds
[2025-03-07T06:08:04.827+0000] {processor.py:186} INFO - Started process (PID=796) to work on /opt/airflow/dags/second_dag.py
[2025-03-07T06:08:04.829+0000] {processor.py:914} INFO - Processing file /opt/airflow/dags/second_dag.py for tasks to queue
[2025-03-07T06:08:04.830+0000] {logging_mixin.py:190} INFO - [2025-03-07T06:08:04.830+0000] {dagbag.py:588} INFO - Filling up the DagBag from /opt/airflow/dags/second_dag.py
[2025-03-07T06:08:04.861+0000] {processor.py:925} INFO - DAG(s) 'second_dag' retrieved from /opt/airflow/dags/second_dag.py
[2025-03-07T06:08:04.896+0000] {logging_mixin.py:190} INFO - [2025-03-07T06:08:04.896+0000] {dag.py:3239} INFO - Sync 1 DAGs
[2025-03-07T06:08:04.907+0000] {logging_mixin.py:190} INFO - [2025-03-07T06:08:04.907+0000] {dag.py:4180} INFO - Setting next_dagrun for second_dag to None, run_after=None
[2025-03-07T06:08:04.919+0000] {processor.py:208} INFO - Processing /opt/airflow/dags/second_dag.py took 0.109 seconds
[2025-03-07T06:23:38.026+0000] {processor.py:186} INFO - Started process (PID=805) to work on /opt/airflow/dags/second_dag.py
[2025-03-07T06:23:38.028+0000] {processor.py:914} INFO - Processing file /opt/airflow/dags/second_dag.py for tasks to queue
[2025-03-07T06:23:38.031+0000] {logging_mixin.py:190} INFO - [2025-03-07T06:23:38.030+0000] {dagbag.py:588} INFO - Filling up the DagBag from /opt/airflow/dags/second_dag.py
[2025-03-07T06:23:38.056+0000] {processor.py:925} INFO - DAG(s) 'second_dag' retrieved from /opt/airflow/dags/second_dag.py
[2025-03-07T06:23:38.094+0000] {logging_mixin.py:190} INFO - [2025-03-07T06:23:38.094+0000] {dag.py:3239} INFO - Sync 1 DAGs
[2025-03-07T06:23:38.107+0000] {logging_mixin.py:190} INFO - [2025-03-07T06:23:38.107+0000] {dag.py:4180} INFO - Setting next_dagrun for second_dag to None, run_after=None
[2025-03-07T06:23:38.119+0000] {processor.py:208} INFO - Processing /opt/airflow/dags/second_dag.py took 0.106 seconds
[2025-03-07T06:36:22.424+0000] {processor.py:186} INFO - Started process (PID=814) to work on /opt/airflow/dags/second_dag.py
[2025-03-07T06:36:22.425+0000] {processor.py:914} INFO - Processing file /opt/airflow/dags/second_dag.py for tasks to queue
[2025-03-07T06:36:22.427+0000] {logging_mixin.py:190} INFO - [2025-03-07T06:36:22.426+0000] {dagbag.py:588} INFO - Filling up the DagBag from /opt/airflow/dags/second_dag.py
[2025-03-07T06:36:22.445+0000] {processor.py:925} INFO - DAG(s) 'second_dag' retrieved from /opt/airflow/dags/second_dag.py
[2025-03-07T06:36:22.473+0000] {logging_mixin.py:190} INFO - [2025-03-07T06:36:22.473+0000] {dag.py:3239} INFO - Sync 1 DAGs
[2025-03-07T06:36:22.486+0000] {logging_mixin.py:190} INFO - [2025-03-07T06:36:22.486+0000] {dag.py:4180} INFO - Setting next_dagrun for second_dag to None, run_after=None
[2025-03-07T06:36:22.496+0000] {processor.py:208} INFO - Processing /opt/airflow/dags/second_dag.py took 0.080 seconds
[2025-03-07T06:52:05.323+0000] {processor.py:186} INFO - Started process (PID=823) to work on /opt/airflow/dags/second_dag.py
[2025-03-07T06:52:05.326+0000] {processor.py:914} INFO - Processing file /opt/airflow/dags/second_dag.py for tasks to queue
[2025-03-07T06:52:05.331+0000] {logging_mixin.py:190} INFO - [2025-03-07T06:52:05.330+0000] {dagbag.py:588} INFO - Filling up the DagBag from /opt/airflow/dags/second_dag.py
[2025-03-07T06:52:05.352+0000] {processor.py:925} INFO - DAG(s) 'second_dag' retrieved from /opt/airflow/dags/second_dag.py
[2025-03-07T06:52:05.384+0000] {logging_mixin.py:190} INFO - [2025-03-07T06:52:05.384+0000] {dag.py:3239} INFO - Sync 1 DAGs
[2025-03-07T06:52:05.398+0000] {logging_mixin.py:190} INFO - [2025-03-07T06:52:05.398+0000] {dag.py:4180} INFO - Setting next_dagrun for second_dag to None, run_after=None
[2025-03-07T06:52:05.411+0000] {processor.py:208} INFO - Processing /opt/airflow/dags/second_dag.py took 0.095 seconds
[2025-03-07T07:08:01.581+0000] {processor.py:186} INFO - Started process (PID=833) to work on /opt/airflow/dags/second_dag.py
[2025-03-07T07:08:01.583+0000] {processor.py:914} INFO - Processing file /opt/airflow/dags/second_dag.py for tasks to queue
[2025-03-07T07:08:01.584+0000] {logging_mixin.py:190} INFO - [2025-03-07T07:08:01.584+0000] {dagbag.py:588} INFO - Filling up the DagBag from /opt/airflow/dags/second_dag.py
[2025-03-07T07:08:01.610+0000] {processor.py:925} INFO - DAG(s) 'second_dag' retrieved from /opt/airflow/dags/second_dag.py
[2025-03-07T07:08:01.634+0000] {logging_mixin.py:190} INFO - [2025-03-07T07:08:01.634+0000] {dag.py:3239} INFO - Sync 1 DAGs
[2025-03-07T07:08:01.647+0000] {logging_mixin.py:190} INFO - [2025-03-07T07:08:01.647+0000] {dag.py:4180} INFO - Setting next_dagrun for second_dag to None, run_after=None
[2025-03-07T07:08:01.658+0000] {processor.py:208} INFO - Processing /opt/airflow/dags/second_dag.py took 0.089 seconds
[2025-03-07T07:08:32.121+0000] {processor.py:186} INFO - Started process (PID=842) to work on /opt/airflow/dags/second_dag.py
[2025-03-07T07:08:32.124+0000] {processor.py:914} INFO - Processing file /opt/airflow/dags/second_dag.py for tasks to queue
[2025-03-07T07:08:32.127+0000] {logging_mixin.py:190} INFO - [2025-03-07T07:08:32.127+0000] {dagbag.py:588} INFO - Filling up the DagBag from /opt/airflow/dags/second_dag.py
[2025-03-07T07:08:32.149+0000] {processor.py:925} INFO - DAG(s) 'second_dag' retrieved from /opt/airflow/dags/second_dag.py
[2025-03-07T07:08:32.179+0000] {logging_mixin.py:190} INFO - [2025-03-07T07:08:32.179+0000] {dag.py:3239} INFO - Sync 1 DAGs
[2025-03-07T07:08:32.194+0000] {logging_mixin.py:190} INFO - [2025-03-07T07:08:32.194+0000] {dag.py:4180} INFO - Setting next_dagrun for second_dag to None, run_after=None
[2025-03-07T07:08:32.205+0000] {processor.py:208} INFO - Processing /opt/airflow/dags/second_dag.py took 0.102 seconds
[2025-03-07T07:24:27.355+0000] {processor.py:186} INFO - Started process (PID=851) to work on /opt/airflow/dags/second_dag.py
[2025-03-07T07:24:27.361+0000] {processor.py:914} INFO - Processing file /opt/airflow/dags/second_dag.py for tasks to queue
[2025-03-07T07:24:27.362+0000] {logging_mixin.py:190} INFO - [2025-03-07T07:24:27.362+0000] {dagbag.py:588} INFO - Filling up the DagBag from /opt/airflow/dags/second_dag.py
[2025-03-07T07:24:27.383+0000] {processor.py:925} INFO - DAG(s) 'second_dag' retrieved from /opt/airflow/dags/second_dag.py
[2025-03-07T07:24:27.403+0000] {logging_mixin.py:190} INFO - [2025-03-07T07:24:27.403+0000] {dag.py:3239} INFO - Sync 1 DAGs
[2025-03-07T07:24:27.420+0000] {logging_mixin.py:190} INFO - [2025-03-07T07:24:27.420+0000] {dag.py:4180} INFO - Setting next_dagrun for second_dag to None, run_after=None
[2025-03-07T07:24:27.432+0000] {processor.py:208} INFO - Processing /opt/airflow/dags/second_dag.py took 0.091 seconds
[2025-03-07T07:37:21.532+0000] {processor.py:186} INFO - Started process (PID=860) to work on /opt/airflow/dags/second_dag.py
[2025-03-07T07:37:21.534+0000] {processor.py:914} INFO - Processing file /opt/airflow/dags/second_dag.py for tasks to queue
[2025-03-07T07:37:21.536+0000] {logging_mixin.py:190} INFO - [2025-03-07T07:37:21.536+0000] {dagbag.py:588} INFO - Filling up the DagBag from /opt/airflow/dags/second_dag.py
[2025-03-07T07:37:21.563+0000] {processor.py:925} INFO - DAG(s) 'second_dag' retrieved from /opt/airflow/dags/second_dag.py
[2025-03-07T07:37:21.584+0000] {logging_mixin.py:190} INFO - [2025-03-07T07:37:21.583+0000] {dag.py:3239} INFO - Sync 1 DAGs
[2025-03-07T07:37:21.606+0000] {logging_mixin.py:190} INFO - [2025-03-07T07:37:21.606+0000] {dag.py:4180} INFO - Setting next_dagrun for second_dag to None, run_after=None
[2025-03-07T07:37:21.615+0000] {processor.py:208} INFO - Processing /opt/airflow/dags/second_dag.py took 0.101 seconds
[2025-03-07T07:53:16.738+0000] {processor.py:186} INFO - Started process (PID=869) to work on /opt/airflow/dags/second_dag.py
[2025-03-07T07:53:16.739+0000] {processor.py:914} INFO - Processing file /opt/airflow/dags/second_dag.py for tasks to queue
[2025-03-07T07:53:16.740+0000] {logging_mixin.py:190} INFO - [2025-03-07T07:53:16.740+0000] {dagbag.py:588} INFO - Filling up the DagBag from /opt/airflow/dags/second_dag.py
[2025-03-07T07:53:16.767+0000] {processor.py:925} INFO - DAG(s) 'second_dag' retrieved from /opt/airflow/dags/second_dag.py
[2025-03-07T07:53:16.787+0000] {logging_mixin.py:190} INFO - [2025-03-07T07:53:16.787+0000] {dag.py:3239} INFO - Sync 1 DAGs
[2025-03-07T07:53:16.801+0000] {logging_mixin.py:190} INFO - [2025-03-07T07:53:16.801+0000] {dag.py:4180} INFO - Setting next_dagrun for second_dag to None, run_after=None
[2025-03-07T07:53:16.831+0000] {processor.py:208} INFO - Processing /opt/airflow/dags/second_dag.py took 0.098 seconds
[2025-03-07T07:53:47.162+0000] {processor.py:186} INFO - Started process (PID=878) to work on /opt/airflow/dags/second_dag.py
[2025-03-07T07:53:47.167+0000] {processor.py:914} INFO - Processing file /opt/airflow/dags/second_dag.py for tasks to queue
[2025-03-07T07:53:47.168+0000] {logging_mixin.py:190} INFO - [2025-03-07T07:53:47.168+0000] {dagbag.py:588} INFO - Filling up the DagBag from /opt/airflow/dags/second_dag.py
[2025-03-07T07:53:47.203+0000] {processor.py:925} INFO - DAG(s) 'second_dag' retrieved from /opt/airflow/dags/second_dag.py
[2025-03-07T07:53:47.232+0000] {logging_mixin.py:190} INFO - [2025-03-07T07:53:47.232+0000] {dag.py:3239} INFO - Sync 1 DAGs
[2025-03-07T07:53:47.262+0000] {logging_mixin.py:190} INFO - [2025-03-07T07:53:47.262+0000] {dag.py:4180} INFO - Setting next_dagrun for second_dag to None, run_after=None
[2025-03-07T07:53:47.278+0000] {processor.py:208} INFO - Processing /opt/airflow/dags/second_dag.py took 0.129 seconds
[2025-03-07T08:09:22.884+0000] {processor.py:186} INFO - Started process (PID=887) to work on /opt/airflow/dags/second_dag.py
[2025-03-07T08:09:22.887+0000] {processor.py:914} INFO - Processing file /opt/airflow/dags/second_dag.py for tasks to queue
[2025-03-07T08:09:22.893+0000] {logging_mixin.py:190} INFO - [2025-03-07T08:09:22.892+0000] {dagbag.py:588} INFO - Filling up the DagBag from /opt/airflow/dags/second_dag.py
[2025-03-07T08:09:22.927+0000] {processor.py:925} INFO - DAG(s) 'second_dag' retrieved from /opt/airflow/dags/second_dag.py
[2025-03-07T08:09:22.958+0000] {logging_mixin.py:190} INFO - [2025-03-07T08:09:22.958+0000] {dag.py:3239} INFO - Sync 1 DAGs
[2025-03-07T08:09:22.975+0000] {logging_mixin.py:190} INFO - [2025-03-07T08:09:22.975+0000] {dag.py:4180} INFO - Setting next_dagrun for second_dag to None, run_after=None
[2025-03-07T08:09:22.987+0000] {processor.py:208} INFO - Processing /opt/airflow/dags/second_dag.py took 0.122 seconds
[2025-03-07T08:25:18.136+0000] {processor.py:186} INFO - Started process (PID=896) to work on /opt/airflow/dags/second_dag.py
[2025-03-07T08:25:18.138+0000] {processor.py:914} INFO - Processing file /opt/airflow/dags/second_dag.py for tasks to queue
[2025-03-07T08:25:18.141+0000] {logging_mixin.py:190} INFO - [2025-03-07T08:25:18.141+0000] {dagbag.py:588} INFO - Filling up the DagBag from /opt/airflow/dags/second_dag.py
[2025-03-07T08:25:18.160+0000] {processor.py:925} INFO - DAG(s) 'second_dag' retrieved from /opt/airflow/dags/second_dag.py
[2025-03-07T08:25:18.186+0000] {logging_mixin.py:190} INFO - [2025-03-07T08:25:18.186+0000] {dag.py:3239} INFO - Sync 1 DAGs
[2025-03-07T08:25:18.201+0000] {logging_mixin.py:190} INFO - [2025-03-07T08:25:18.201+0000] {dag.py:4180} INFO - Setting next_dagrun for second_dag to None, run_after=None
[2025-03-07T08:25:18.210+0000] {processor.py:208} INFO - Processing /opt/airflow/dags/second_dag.py took 0.087 seconds
[2025-03-07T08:25:48.619+0000] {processor.py:186} INFO - Started process (PID=905) to work on /opt/airflow/dags/second_dag.py
[2025-03-07T08:25:48.621+0000] {processor.py:914} INFO - Processing file /opt/airflow/dags/second_dag.py for tasks to queue
[2025-03-07T08:25:48.622+0000] {logging_mixin.py:190} INFO - [2025-03-07T08:25:48.622+0000] {dagbag.py:588} INFO - Filling up the DagBag from /opt/airflow/dags/second_dag.py
[2025-03-07T08:25:48.644+0000] {processor.py:925} INFO - DAG(s) 'second_dag' retrieved from /opt/airflow/dags/second_dag.py
[2025-03-07T08:25:48.666+0000] {logging_mixin.py:190} INFO - [2025-03-07T08:25:48.666+0000] {dag.py:3239} INFO - Sync 1 DAGs
[2025-03-07T08:25:48.682+0000] {logging_mixin.py:190} INFO - [2025-03-07T08:25:48.682+0000] {dag.py:4180} INFO - Setting next_dagrun for second_dag to None, run_after=None
[2025-03-07T08:25:48.696+0000] {processor.py:208} INFO - Processing /opt/airflow/dags/second_dag.py took 0.084 seconds
[2025-03-07T08:38:34.341+0000] {processor.py:186} INFO - Started process (PID=914) to work on /opt/airflow/dags/second_dag.py
[2025-03-07T08:38:34.343+0000] {processor.py:914} INFO - Processing file /opt/airflow/dags/second_dag.py for tasks to queue
[2025-03-07T08:38:34.344+0000] {logging_mixin.py:190} INFO - [2025-03-07T08:38:34.344+0000] {dagbag.py:588} INFO - Filling up the DagBag from /opt/airflow/dags/second_dag.py
[2025-03-07T08:38:34.365+0000] {processor.py:925} INFO - DAG(s) 'second_dag' retrieved from /opt/airflow/dags/second_dag.py
[2025-03-07T08:38:34.391+0000] {logging_mixin.py:190} INFO - [2025-03-07T08:38:34.391+0000] {dag.py:3239} INFO - Sync 1 DAGs
[2025-03-07T08:38:34.400+0000] {logging_mixin.py:190} INFO - [2025-03-07T08:38:34.399+0000] {dag.py:4180} INFO - Setting next_dagrun for second_dag to None, run_after=None
[2025-03-07T08:38:34.416+0000] {processor.py:208} INFO - Processing /opt/airflow/dags/second_dag.py took 0.080 seconds
[2025-03-07T08:54:30.531+0000] {processor.py:186} INFO - Started process (PID=923) to work on /opt/airflow/dags/second_dag.py
[2025-03-07T08:54:30.535+0000] {processor.py:914} INFO - Processing file /opt/airflow/dags/second_dag.py for tasks to queue
[2025-03-07T08:54:30.538+0000] {logging_mixin.py:190} INFO - [2025-03-07T08:54:30.538+0000] {dagbag.py:588} INFO - Filling up the DagBag from /opt/airflow/dags/second_dag.py
[2025-03-07T08:54:30.567+0000] {processor.py:925} INFO - DAG(s) 'second_dag' retrieved from /opt/airflow/dags/second_dag.py
[2025-03-07T08:54:30.587+0000] {logging_mixin.py:190} INFO - [2025-03-07T08:54:30.584+0000] {dag.py:3239} INFO - Sync 1 DAGs
[2025-03-07T08:54:30.596+0000] {logging_mixin.py:190} INFO - [2025-03-07T08:54:30.596+0000] {dag.py:4180} INFO - Setting next_dagrun for second_dag to None, run_after=None
[2025-03-07T08:54:30.608+0000] {processor.py:208} INFO - Processing /opt/airflow/dags/second_dag.py took 0.088 seconds
[2025-03-07T09:01:36.566+0000] {processor.py:186} INFO - Started process (PID=932) to work on /opt/airflow/dags/second_dag.py
[2025-03-07T09:01:36.567+0000] {processor.py:914} INFO - Processing file /opt/airflow/dags/second_dag.py for tasks to queue
[2025-03-07T09:01:36.569+0000] {logging_mixin.py:190} INFO - [2025-03-07T09:01:36.569+0000] {dagbag.py:588} INFO - Filling up the DagBag from /opt/airflow/dags/second_dag.py
[2025-03-07T09:01:36.588+0000] {processor.py:925} INFO - DAG(s) 'second_dag' retrieved from /opt/airflow/dags/second_dag.py
[2025-03-07T09:01:36.609+0000] {logging_mixin.py:190} INFO - [2025-03-07T09:01:36.609+0000] {dag.py:3239} INFO - Sync 1 DAGs
[2025-03-07T09:01:36.623+0000] {logging_mixin.py:190} INFO - [2025-03-07T09:01:36.623+0000] {dag.py:4180} INFO - Setting next_dagrun for second_dag to None, run_after=None
[2025-03-07T09:01:36.634+0000] {processor.py:208} INFO - Processing /opt/airflow/dags/second_dag.py took 0.088 seconds
[2025-03-07T09:28:28.019+0000] {processor.py:186} INFO - Started process (PID=941) to work on /opt/airflow/dags/second_dag.py
[2025-03-07T09:28:28.022+0000] {processor.py:914} INFO - Processing file /opt/airflow/dags/second_dag.py for tasks to queue
[2025-03-07T09:28:28.025+0000] {logging_mixin.py:190} INFO - [2025-03-07T09:28:28.025+0000] {dagbag.py:588} INFO - Filling up the DagBag from /opt/airflow/dags/second_dag.py
[2025-03-07T09:28:28.068+0000] {processor.py:925} INFO - DAG(s) 'second_dag' retrieved from /opt/airflow/dags/second_dag.py
[2025-03-07T09:28:28.099+0000] {logging_mixin.py:190} INFO - [2025-03-07T09:28:28.099+0000] {dag.py:3239} INFO - Sync 1 DAGs
[2025-03-07T09:28:28.124+0000] {logging_mixin.py:190} INFO - [2025-03-07T09:28:28.124+0000] {dag.py:4180} INFO - Setting next_dagrun for second_dag to None, run_after=None
[2025-03-07T09:28:28.141+0000] {processor.py:208} INFO - Processing /opt/airflow/dags/second_dag.py took 0.150 seconds
[2025-03-07T09:39:16.892+0000] {processor.py:186} INFO - Started process (PID=950) to work on /opt/airflow/dags/second_dag.py
[2025-03-07T09:39:16.893+0000] {processor.py:914} INFO - Processing file /opt/airflow/dags/second_dag.py for tasks to queue
[2025-03-07T09:39:16.894+0000] {logging_mixin.py:190} INFO - [2025-03-07T09:39:16.894+0000] {dagbag.py:588} INFO - Filling up the DagBag from /opt/airflow/dags/second_dag.py
[2025-03-07T09:39:16.911+0000] {processor.py:925} INFO - DAG(s) 'second_dag' retrieved from /opt/airflow/dags/second_dag.py
[2025-03-07T09:39:16.929+0000] {logging_mixin.py:190} INFO - [2025-03-07T09:39:16.929+0000] {dag.py:3239} INFO - Sync 1 DAGs
[2025-03-07T09:39:16.943+0000] {logging_mixin.py:190} INFO - [2025-03-07T09:39:16.943+0000] {dag.py:4180} INFO - Setting next_dagrun for second_dag to None, run_after=None
[2025-03-07T09:39:16.955+0000] {processor.py:208} INFO - Processing /opt/airflow/dags/second_dag.py took 0.072 seconds
[2025-03-07T09:39:47.294+0000] {processor.py:186} INFO - Started process (PID=959) to work on /opt/airflow/dags/second_dag.py
[2025-03-07T09:39:47.297+0000] {processor.py:914} INFO - Processing file /opt/airflow/dags/second_dag.py for tasks to queue
[2025-03-07T09:39:47.298+0000] {logging_mixin.py:190} INFO - [2025-03-07T09:39:47.298+0000] {dagbag.py:588} INFO - Filling up the DagBag from /opt/airflow/dags/second_dag.py
[2025-03-07T09:39:47.317+0000] {processor.py:925} INFO - DAG(s) 'second_dag' retrieved from /opt/airflow/dags/second_dag.py
[2025-03-07T09:39:47.342+0000] {logging_mixin.py:190} INFO - [2025-03-07T09:39:47.342+0000] {dag.py:3239} INFO - Sync 1 DAGs
[2025-03-07T09:39:47.354+0000] {logging_mixin.py:190} INFO - [2025-03-07T09:39:47.354+0000] {dag.py:4180} INFO - Setting next_dagrun for second_dag to None, run_after=None
[2025-03-07T09:39:47.365+0000] {processor.py:208} INFO - Processing /opt/airflow/dags/second_dag.py took 0.084 seconds
[2025-03-07T09:50:21.830+0000] {processor.py:186} INFO - Started process (PID=968) to work on /opt/airflow/dags/second_dag.py
[2025-03-07T09:50:21.832+0000] {processor.py:914} INFO - Processing file /opt/airflow/dags/second_dag.py for tasks to queue
[2025-03-07T09:50:21.834+0000] {logging_mixin.py:190} INFO - [2025-03-07T09:50:21.833+0000] {dagbag.py:588} INFO - Filling up the DagBag from /opt/airflow/dags/second_dag.py
[2025-03-07T09:50:21.850+0000] {processor.py:925} INFO - DAG(s) 'second_dag' retrieved from /opt/airflow/dags/second_dag.py
[2025-03-07T09:50:21.883+0000] {logging_mixin.py:190} INFO - [2025-03-07T09:50:21.883+0000] {dag.py:3239} INFO - Sync 1 DAGs
[2025-03-07T09:50:21.896+0000] {logging_mixin.py:190} INFO - [2025-03-07T09:50:21.896+0000] {dag.py:4180} INFO - Setting next_dagrun for second_dag to None, run_after=None
[2025-03-07T09:50:21.907+0000] {processor.py:208} INFO - Processing /opt/airflow/dags/second_dag.py took 0.095 seconds
[2025-03-07T09:50:52.378+0000] {processor.py:186} INFO - Started process (PID=977) to work on /opt/airflow/dags/second_dag.py
[2025-03-07T09:50:52.380+0000] {processor.py:914} INFO - Processing file /opt/airflow/dags/second_dag.py for tasks to queue
[2025-03-07T09:50:52.382+0000] {logging_mixin.py:190} INFO - [2025-03-07T09:50:52.382+0000] {dagbag.py:588} INFO - Filling up the DagBag from /opt/airflow/dags/second_dag.py
[2025-03-07T09:50:52.403+0000] {processor.py:925} INFO - DAG(s) 'second_dag' retrieved from /opt/airflow/dags/second_dag.py
[2025-03-07T09:50:52.430+0000] {logging_mixin.py:190} INFO - [2025-03-07T09:50:52.430+0000] {dag.py:3239} INFO - Sync 1 DAGs
[2025-03-07T09:50:52.448+0000] {logging_mixin.py:190} INFO - [2025-03-07T09:50:52.448+0000] {dag.py:4180} INFO - Setting next_dagrun for second_dag to None, run_after=None
[2025-03-07T09:50:52.467+0000] {processor.py:208} INFO - Processing /opt/airflow/dags/second_dag.py took 0.103 seconds
[2025-03-07T09:51:22.802+0000] {processor.py:186} INFO - Started process (PID=986) to work on /opt/airflow/dags/second_dag.py
[2025-03-07T09:51:22.804+0000] {processor.py:914} INFO - Processing file /opt/airflow/dags/second_dag.py for tasks to queue
[2025-03-07T09:51:22.805+0000] {logging_mixin.py:190} INFO - [2025-03-07T09:51:22.805+0000] {dagbag.py:588} INFO - Filling up the DagBag from /opt/airflow/dags/second_dag.py
[2025-03-07T09:51:22.834+0000] {processor.py:925} INFO - DAG(s) 'second_dag' retrieved from /opt/airflow/dags/second_dag.py
[2025-03-07T09:51:22.860+0000] {logging_mixin.py:190} INFO - [2025-03-07T09:51:22.860+0000] {dag.py:3239} INFO - Sync 1 DAGs
[2025-03-07T09:51:22.877+0000] {logging_mixin.py:190} INFO - [2025-03-07T09:51:22.877+0000] {dag.py:4180} INFO - Setting next_dagrun for second_dag to None, run_after=None
[2025-03-07T09:51:22.892+0000] {processor.py:208} INFO - Processing /opt/airflow/dags/second_dag.py took 0.110 seconds
[2025-03-07T09:51:53.391+0000] {processor.py:186} INFO - Started process (PID=995) to work on /opt/airflow/dags/second_dag.py
[2025-03-07T09:51:53.393+0000] {processor.py:914} INFO - Processing file /opt/airflow/dags/second_dag.py for tasks to queue
[2025-03-07T09:51:53.396+0000] {logging_mixin.py:190} INFO - [2025-03-07T09:51:53.396+0000] {dagbag.py:588} INFO - Filling up the DagBag from /opt/airflow/dags/second_dag.py
[2025-03-07T09:51:53.418+0000] {processor.py:925} INFO - DAG(s) 'second_dag' retrieved from /opt/airflow/dags/second_dag.py
[2025-03-07T09:51:53.441+0000] {logging_mixin.py:190} INFO - [2025-03-07T09:51:53.440+0000] {dag.py:3239} INFO - Sync 1 DAGs
[2025-03-07T09:51:53.458+0000] {logging_mixin.py:190} INFO - [2025-03-07T09:51:53.458+0000] {dag.py:4180} INFO - Setting next_dagrun for second_dag to None, run_after=None
[2025-03-07T09:51:53.470+0000] {processor.py:208} INFO - Processing /opt/airflow/dags/second_dag.py took 0.096 seconds
[2025-03-07T09:52:23.913+0000] {processor.py:186} INFO - Started process (PID=1004) to work on /opt/airflow/dags/second_dag.py
[2025-03-07T09:52:23.916+0000] {processor.py:914} INFO - Processing file /opt/airflow/dags/second_dag.py for tasks to queue
[2025-03-07T09:52:23.920+0000] {logging_mixin.py:190} INFO - [2025-03-07T09:52:23.920+0000] {dagbag.py:588} INFO - Filling up the DagBag from /opt/airflow/dags/second_dag.py
[2025-03-07T09:52:23.945+0000] {processor.py:925} INFO - DAG(s) 'second_dag' retrieved from /opt/airflow/dags/second_dag.py
[2025-03-07T09:52:23.972+0000] {logging_mixin.py:190} INFO - [2025-03-07T09:52:23.972+0000] {dag.py:3239} INFO - Sync 1 DAGs
[2025-03-07T09:52:23.989+0000] {logging_mixin.py:190} INFO - [2025-03-07T09:52:23.989+0000] {dag.py:4180} INFO - Setting next_dagrun for second_dag to None, run_after=None
[2025-03-07T09:52:24.001+0000] {processor.py:208} INFO - Processing /opt/airflow/dags/second_dag.py took 0.108 seconds
[2025-03-07T09:52:54.489+0000] {processor.py:186} INFO - Started process (PID=1013) to work on /opt/airflow/dags/second_dag.py
[2025-03-07T09:52:54.491+0000] {processor.py:914} INFO - Processing file /opt/airflow/dags/second_dag.py for tasks to queue
[2025-03-07T09:52:54.494+0000] {logging_mixin.py:190} INFO - [2025-03-07T09:52:54.494+0000] {dagbag.py:588} INFO - Filling up the DagBag from /opt/airflow/dags/second_dag.py
[2025-03-07T09:52:54.518+0000] {processor.py:925} INFO - DAG(s) 'second_dag' retrieved from /opt/airflow/dags/second_dag.py
[2025-03-07T09:52:54.541+0000] {logging_mixin.py:190} INFO - [2025-03-07T09:52:54.541+0000] {dag.py:3239} INFO - Sync 1 DAGs
[2025-03-07T09:52:54.555+0000] {logging_mixin.py:190} INFO - [2025-03-07T09:52:54.555+0000] {dag.py:4180} INFO - Setting next_dagrun for second_dag to None, run_after=None
[2025-03-07T09:52:54.565+0000] {processor.py:208} INFO - Processing /opt/airflow/dags/second_dag.py took 0.090 seconds
[2025-03-07T09:53:24.912+0000] {processor.py:186} INFO - Started process (PID=1022) to work on /opt/airflow/dags/second_dag.py
[2025-03-07T09:53:24.913+0000] {processor.py:914} INFO - Processing file /opt/airflow/dags/second_dag.py for tasks to queue
[2025-03-07T09:53:24.914+0000] {logging_mixin.py:190} INFO - [2025-03-07T09:53:24.914+0000] {dagbag.py:588} INFO - Filling up the DagBag from /opt/airflow/dags/second_dag.py
[2025-03-07T09:53:24.930+0000] {processor.py:925} INFO - DAG(s) 'second_dag' retrieved from /opt/airflow/dags/second_dag.py
[2025-03-07T09:53:24.957+0000] {logging_mixin.py:190} INFO - [2025-03-07T09:53:24.957+0000] {dag.py:3239} INFO - Sync 1 DAGs
[2025-03-07T09:53:24.971+0000] {logging_mixin.py:190} INFO - [2025-03-07T09:53:24.971+0000] {dag.py:4180} INFO - Setting next_dagrun for second_dag to None, run_after=None
[2025-03-07T09:53:24.983+0000] {processor.py:208} INFO - Processing /opt/airflow/dags/second_dag.py took 0.079 seconds
[2025-03-07T09:53:55.403+0000] {processor.py:186} INFO - Started process (PID=1030) to work on /opt/airflow/dags/second_dag.py
[2025-03-07T09:53:55.405+0000] {processor.py:914} INFO - Processing file /opt/airflow/dags/second_dag.py for tasks to queue
[2025-03-07T09:53:55.407+0000] {logging_mixin.py:190} INFO - [2025-03-07T09:53:55.406+0000] {dagbag.py:588} INFO - Filling up the DagBag from /opt/airflow/dags/second_dag.py
[2025-03-07T09:53:55.425+0000] {processor.py:925} INFO - DAG(s) 'second_dag' retrieved from /opt/airflow/dags/second_dag.py
[2025-03-07T09:53:55.448+0000] {logging_mixin.py:190} INFO - [2025-03-07T09:53:55.448+0000] {dag.py:3239} INFO - Sync 1 DAGs
[2025-03-07T09:53:55.463+0000] {logging_mixin.py:190} INFO - [2025-03-07T09:53:55.463+0000] {dag.py:4180} INFO - Setting next_dagrun for second_dag to None, run_after=None
[2025-03-07T09:53:55.473+0000] {processor.py:208} INFO - Processing /opt/airflow/dags/second_dag.py took 0.080 seconds
[2025-03-07T09:54:25.970+0000] {processor.py:186} INFO - Started process (PID=1039) to work on /opt/airflow/dags/second_dag.py
[2025-03-07T09:54:25.972+0000] {processor.py:914} INFO - Processing file /opt/airflow/dags/second_dag.py for tasks to queue
[2025-03-07T09:54:25.976+0000] {logging_mixin.py:190} INFO - [2025-03-07T09:54:25.975+0000] {dagbag.py:588} INFO - Filling up the DagBag from /opt/airflow/dags/second_dag.py
[2025-03-07T09:54:26.006+0000] {processor.py:925} INFO - DAG(s) 'second_dag' retrieved from /opt/airflow/dags/second_dag.py
[2025-03-07T09:54:26.033+0000] {logging_mixin.py:190} INFO - [2025-03-07T09:54:26.033+0000] {dag.py:3239} INFO - Sync 1 DAGs
[2025-03-07T09:54:26.049+0000] {logging_mixin.py:190} INFO - [2025-03-07T09:54:26.049+0000] {dag.py:4180} INFO - Setting next_dagrun for second_dag to None, run_after=None
[2025-03-07T09:54:26.059+0000] {processor.py:208} INFO - Processing /opt/airflow/dags/second_dag.py took 0.103 seconds
[2025-03-07T09:54:56.504+0000] {processor.py:186} INFO - Started process (PID=1048) to work on /opt/airflow/dags/second_dag.py
[2025-03-07T09:54:56.507+0000] {processor.py:914} INFO - Processing file /opt/airflow/dags/second_dag.py for tasks to queue
[2025-03-07T09:54:56.509+0000] {logging_mixin.py:190} INFO - [2025-03-07T09:54:56.508+0000] {dagbag.py:588} INFO - Filling up the DagBag from /opt/airflow/dags/second_dag.py
[2025-03-07T09:54:56.531+0000] {processor.py:925} INFO - DAG(s) 'second_dag' retrieved from /opt/airflow/dags/second_dag.py
[2025-03-07T09:54:56.552+0000] {logging_mixin.py:190} INFO - [2025-03-07T09:54:56.551+0000] {dag.py:3239} INFO - Sync 1 DAGs
[2025-03-07T09:54:56.569+0000] {logging_mixin.py:190} INFO - [2025-03-07T09:54:56.569+0000] {dag.py:4180} INFO - Setting next_dagrun for second_dag to None, run_after=None
[2025-03-07T09:54:56.580+0000] {processor.py:208} INFO - Processing /opt/airflow/dags/second_dag.py took 0.086 seconds
[2025-03-07T09:55:27.053+0000] {processor.py:186} INFO - Started process (PID=1057) to work on /opt/airflow/dags/second_dag.py
[2025-03-07T09:55:27.055+0000] {processor.py:914} INFO - Processing file /opt/airflow/dags/second_dag.py for tasks to queue
[2025-03-07T09:55:27.058+0000] {logging_mixin.py:190} INFO - [2025-03-07T09:55:27.057+0000] {dagbag.py:588} INFO - Filling up the DagBag from /opt/airflow/dags/second_dag.py
[2025-03-07T09:55:27.075+0000] {processor.py:925} INFO - DAG(s) 'second_dag' retrieved from /opt/airflow/dags/second_dag.py
[2025-03-07T09:55:27.097+0000] {logging_mixin.py:190} INFO - [2025-03-07T09:55:27.097+0000] {dag.py:3239} INFO - Sync 1 DAGs
[2025-03-07T09:55:27.108+0000] {logging_mixin.py:190} INFO - [2025-03-07T09:55:27.108+0000] {dag.py:4180} INFO - Setting next_dagrun for second_dag to None, run_after=None
[2025-03-07T09:55:27.122+0000] {processor.py:208} INFO - Processing /opt/airflow/dags/second_dag.py took 0.082 seconds
[2025-03-07T09:55:57.537+0000] {processor.py:186} INFO - Started process (PID=1066) to work on /opt/airflow/dags/second_dag.py
[2025-03-07T09:55:57.542+0000] {processor.py:914} INFO - Processing file /opt/airflow/dags/second_dag.py for tasks to queue
[2025-03-07T09:55:57.545+0000] {logging_mixin.py:190} INFO - [2025-03-07T09:55:57.544+0000] {dagbag.py:588} INFO - Filling up the DagBag from /opt/airflow/dags/second_dag.py
[2025-03-07T09:55:57.569+0000] {processor.py:925} INFO - DAG(s) 'second_dag' retrieved from /opt/airflow/dags/second_dag.py
[2025-03-07T09:55:57.595+0000] {logging_mixin.py:190} INFO - [2025-03-07T09:55:57.595+0000] {dag.py:3239} INFO - Sync 1 DAGs
[2025-03-07T09:55:57.611+0000] {logging_mixin.py:190} INFO - [2025-03-07T09:55:57.611+0000] {dag.py:4180} INFO - Setting next_dagrun for second_dag to None, run_after=None
[2025-03-07T09:55:57.625+0000] {processor.py:208} INFO - Processing /opt/airflow/dags/second_dag.py took 0.102 seconds
[2025-03-07T09:56:28.040+0000] {processor.py:186} INFO - Started process (PID=1075) to work on /opt/airflow/dags/second_dag.py
[2025-03-07T09:56:28.043+0000] {processor.py:914} INFO - Processing file /opt/airflow/dags/second_dag.py for tasks to queue
[2025-03-07T09:56:28.044+0000] {logging_mixin.py:190} INFO - [2025-03-07T09:56:28.044+0000] {dagbag.py:588} INFO - Filling up the DagBag from /opt/airflow/dags/second_dag.py
[2025-03-07T09:56:28.071+0000] {processor.py:925} INFO - DAG(s) 'second_dag' retrieved from /opt/airflow/dags/second_dag.py
[2025-03-07T09:56:28.096+0000] {logging_mixin.py:190} INFO - [2025-03-07T09:56:28.096+0000] {dag.py:3239} INFO - Sync 1 DAGs
[2025-03-07T09:56:28.116+0000] {logging_mixin.py:190} INFO - [2025-03-07T09:56:28.116+0000] {dag.py:4180} INFO - Setting next_dagrun for second_dag to None, run_after=None
[2025-03-07T09:56:28.127+0000] {processor.py:208} INFO - Processing /opt/airflow/dags/second_dag.py took 0.104 seconds
[2025-03-07T09:56:58.550+0000] {processor.py:186} INFO - Started process (PID=1084) to work on /opt/airflow/dags/second_dag.py
[2025-03-07T09:56:58.560+0000] {processor.py:914} INFO - Processing file /opt/airflow/dags/second_dag.py for tasks to queue
[2025-03-07T09:56:58.565+0000] {logging_mixin.py:190} INFO - [2025-03-07T09:56:58.564+0000] {dagbag.py:588} INFO - Filling up the DagBag from /opt/airflow/dags/second_dag.py
[2025-03-07T09:56:58.589+0000] {processor.py:925} INFO - DAG(s) 'second_dag' retrieved from /opt/airflow/dags/second_dag.py
[2025-03-07T09:56:58.607+0000] {logging_mixin.py:190} INFO - [2025-03-07T09:56:58.607+0000] {dag.py:3239} INFO - Sync 1 DAGs
[2025-03-07T09:56:58.620+0000] {logging_mixin.py:190} INFO - [2025-03-07T09:56:58.620+0000] {dag.py:4180} INFO - Setting next_dagrun for second_dag to None, run_after=None
[2025-03-07T09:56:58.633+0000] {processor.py:208} INFO - Processing /opt/airflow/dags/second_dag.py took 0.094 seconds
[2025-03-07T09:57:29.013+0000] {processor.py:186} INFO - Started process (PID=1093) to work on /opt/airflow/dags/second_dag.py
[2025-03-07T09:57:29.015+0000] {processor.py:914} INFO - Processing file /opt/airflow/dags/second_dag.py for tasks to queue
[2025-03-07T09:57:29.018+0000] {logging_mixin.py:190} INFO - [2025-03-07T09:57:29.016+0000] {dagbag.py:588} INFO - Filling up the DagBag from /opt/airflow/dags/second_dag.py
[2025-03-07T09:57:29.043+0000] {processor.py:925} INFO - DAG(s) 'second_dag' retrieved from /opt/airflow/dags/second_dag.py
[2025-03-07T09:57:29.080+0000] {logging_mixin.py:190} INFO - [2025-03-07T09:57:29.079+0000] {dag.py:3239} INFO - Sync 1 DAGs
[2025-03-07T09:57:29.092+0000] {logging_mixin.py:190} INFO - [2025-03-07T09:57:29.092+0000] {dag.py:4180} INFO - Setting next_dagrun for second_dag to None, run_after=None
[2025-03-07T09:57:29.105+0000] {processor.py:208} INFO - Processing /opt/airflow/dags/second_dag.py took 0.102 seconds
[2025-03-07T09:57:59.508+0000] {processor.py:186} INFO - Started process (PID=1102) to work on /opt/airflow/dags/second_dag.py
[2025-03-07T09:57:59.510+0000] {processor.py:914} INFO - Processing file /opt/airflow/dags/second_dag.py for tasks to queue
[2025-03-07T09:57:59.513+0000] {logging_mixin.py:190} INFO - [2025-03-07T09:57:59.512+0000] {dagbag.py:588} INFO - Filling up the DagBag from /opt/airflow/dags/second_dag.py
[2025-03-07T09:57:59.539+0000] {processor.py:925} INFO - DAG(s) 'second_dag' retrieved from /opt/airflow/dags/second_dag.py
[2025-03-07T09:57:59.567+0000] {logging_mixin.py:190} INFO - [2025-03-07T09:57:59.567+0000] {dag.py:3239} INFO - Sync 1 DAGs
[2025-03-07T09:57:59.580+0000] {logging_mixin.py:190} INFO - [2025-03-07T09:57:59.580+0000] {dag.py:4180} INFO - Setting next_dagrun for second_dag to None, run_after=None
[2025-03-07T09:57:59.590+0000] {processor.py:208} INFO - Processing /opt/airflow/dags/second_dag.py took 0.099 seconds
[2025-03-07T09:58:30.102+0000] {processor.py:186} INFO - Started process (PID=1111) to work on /opt/airflow/dags/second_dag.py
[2025-03-07T09:58:30.106+0000] {processor.py:914} INFO - Processing file /opt/airflow/dags/second_dag.py for tasks to queue
[2025-03-07T09:58:30.108+0000] {logging_mixin.py:190} INFO - [2025-03-07T09:58:30.107+0000] {dagbag.py:588} INFO - Filling up the DagBag from /opt/airflow/dags/second_dag.py
[2025-03-07T09:58:30.134+0000] {processor.py:925} INFO - DAG(s) 'second_dag' retrieved from /opt/airflow/dags/second_dag.py
[2025-03-07T09:58:30.160+0000] {logging_mixin.py:190} INFO - [2025-03-07T09:58:30.160+0000] {dag.py:3239} INFO - Sync 1 DAGs
[2025-03-07T09:58:30.177+0000] {logging_mixin.py:190} INFO - [2025-03-07T09:58:30.177+0000] {dag.py:4180} INFO - Setting next_dagrun for second_dag to None, run_after=None
[2025-03-07T09:58:30.188+0000] {processor.py:208} INFO - Processing /opt/airflow/dags/second_dag.py took 0.105 seconds
[2025-03-07T09:59:00.703+0000] {processor.py:186} INFO - Started process (PID=1120) to work on /opt/airflow/dags/second_dag.py
[2025-03-07T09:59:00.707+0000] {processor.py:914} INFO - Processing file /opt/airflow/dags/second_dag.py for tasks to queue
[2025-03-07T09:59:00.709+0000] {logging_mixin.py:190} INFO - [2025-03-07T09:59:00.708+0000] {dagbag.py:588} INFO - Filling up the DagBag from /opt/airflow/dags/second_dag.py
[2025-03-07T09:59:00.739+0000] {processor.py:925} INFO - DAG(s) 'second_dag' retrieved from /opt/airflow/dags/second_dag.py
[2025-03-07T09:59:00.762+0000] {logging_mixin.py:190} INFO - [2025-03-07T09:59:00.762+0000] {dag.py:3239} INFO - Sync 1 DAGs
[2025-03-07T09:59:00.774+0000] {logging_mixin.py:190} INFO - [2025-03-07T09:59:00.774+0000] {dag.py:4180} INFO - Setting next_dagrun for second_dag to None, run_after=None
[2025-03-07T09:59:00.784+0000] {processor.py:208} INFO - Processing /opt/airflow/dags/second_dag.py took 0.098 seconds
[2025-03-07T09:59:31.236+0000] {processor.py:186} INFO - Started process (PID=1129) to work on /opt/airflow/dags/second_dag.py
[2025-03-07T09:59:31.238+0000] {processor.py:914} INFO - Processing file /opt/airflow/dags/second_dag.py for tasks to queue
[2025-03-07T09:59:31.241+0000] {logging_mixin.py:190} INFO - [2025-03-07T09:59:31.241+0000] {dagbag.py:588} INFO - Filling up the DagBag from /opt/airflow/dags/second_dag.py
[2025-03-07T09:59:31.265+0000] {processor.py:925} INFO - DAG(s) 'second_dag' retrieved from /opt/airflow/dags/second_dag.py
[2025-03-07T09:59:31.290+0000] {logging_mixin.py:190} INFO - [2025-03-07T09:59:31.290+0000] {dag.py:3239} INFO - Sync 1 DAGs
[2025-03-07T09:59:31.309+0000] {logging_mixin.py:190} INFO - [2025-03-07T09:59:31.309+0000] {dag.py:4180} INFO - Setting next_dagrun for second_dag to None, run_after=None
[2025-03-07T09:59:31.319+0000] {processor.py:208} INFO - Processing /opt/airflow/dags/second_dag.py took 0.097 seconds
[2025-03-07T10:00:01.807+0000] {processor.py:186} INFO - Started process (PID=1138) to work on /opt/airflow/dags/second_dag.py
[2025-03-07T10:00:01.810+0000] {processor.py:914} INFO - Processing file /opt/airflow/dags/second_dag.py for tasks to queue
[2025-03-07T10:00:01.811+0000] {logging_mixin.py:190} INFO - [2025-03-07T10:00:01.811+0000] {dagbag.py:588} INFO - Filling up the DagBag from /opt/airflow/dags/second_dag.py
[2025-03-07T10:00:01.837+0000] {processor.py:925} INFO - DAG(s) 'second_dag' retrieved from /opt/airflow/dags/second_dag.py
[2025-03-07T10:00:01.863+0000] {logging_mixin.py:190} INFO - [2025-03-07T10:00:01.863+0000] {dag.py:3239} INFO - Sync 1 DAGs
[2025-03-07T10:00:01.879+0000] {logging_mixin.py:190} INFO - [2025-03-07T10:00:01.878+0000] {dag.py:4180} INFO - Setting next_dagrun for second_dag to None, run_after=None
[2025-03-07T10:00:01.888+0000] {processor.py:208} INFO - Processing /opt/airflow/dags/second_dag.py took 0.103 seconds
[2025-03-07T10:00:32.387+0000] {processor.py:186} INFO - Started process (PID=1147) to work on /opt/airflow/dags/second_dag.py
[2025-03-07T10:00:32.389+0000] {processor.py:914} INFO - Processing file /opt/airflow/dags/second_dag.py for tasks to queue
[2025-03-07T10:00:32.394+0000] {logging_mixin.py:190} INFO - [2025-03-07T10:00:32.394+0000] {dagbag.py:588} INFO - Filling up the DagBag from /opt/airflow/dags/second_dag.py
[2025-03-07T10:00:32.417+0000] {processor.py:925} INFO - DAG(s) 'second_dag' retrieved from /opt/airflow/dags/second_dag.py
[2025-03-07T10:00:32.437+0000] {logging_mixin.py:190} INFO - [2025-03-07T10:00:32.437+0000] {dag.py:3239} INFO - Sync 1 DAGs
[2025-03-07T10:00:32.449+0000] {logging_mixin.py:190} INFO - [2025-03-07T10:00:32.449+0000] {dag.py:4180} INFO - Setting next_dagrun for second_dag to None, run_after=None
[2025-03-07T10:00:32.461+0000] {processor.py:208} INFO - Processing /opt/airflow/dags/second_dag.py took 0.095 seconds
[2025-03-07T10:01:02.918+0000] {processor.py:186} INFO - Started process (PID=1156) to work on /opt/airflow/dags/second_dag.py
[2025-03-07T10:01:02.921+0000] {processor.py:914} INFO - Processing file /opt/airflow/dags/second_dag.py for tasks to queue
[2025-03-07T10:01:02.924+0000] {logging_mixin.py:190} INFO - [2025-03-07T10:01:02.923+0000] {dagbag.py:588} INFO - Filling up the DagBag from /opt/airflow/dags/second_dag.py
[2025-03-07T10:01:02.944+0000] {processor.py:925} INFO - DAG(s) 'second_dag' retrieved from /opt/airflow/dags/second_dag.py
[2025-03-07T10:01:02.973+0000] {logging_mixin.py:190} INFO - [2025-03-07T10:01:02.973+0000] {dag.py:3239} INFO - Sync 1 DAGs
[2025-03-07T10:01:02.992+0000] {logging_mixin.py:190} INFO - [2025-03-07T10:01:02.992+0000] {dag.py:4180} INFO - Setting next_dagrun for second_dag to None, run_after=None
[2025-03-07T10:01:03.010+0000] {processor.py:208} INFO - Processing /opt/airflow/dags/second_dag.py took 0.105 seconds
[2025-03-07T10:01:33.481+0000] {processor.py:186} INFO - Started process (PID=1165) to work on /opt/airflow/dags/second_dag.py
[2025-03-07T10:01:33.482+0000] {processor.py:914} INFO - Processing file /opt/airflow/dags/second_dag.py for tasks to queue
[2025-03-07T10:01:33.487+0000] {logging_mixin.py:190} INFO - [2025-03-07T10:01:33.487+0000] {dagbag.py:588} INFO - Filling up the DagBag from /opt/airflow/dags/second_dag.py
[2025-03-07T10:01:33.517+0000] {processor.py:925} INFO - DAG(s) 'second_dag' retrieved from /opt/airflow/dags/second_dag.py
[2025-03-07T10:01:33.545+0000] {logging_mixin.py:190} INFO - [2025-03-07T10:01:33.545+0000] {dag.py:3239} INFO - Sync 1 DAGs
[2025-03-07T10:01:33.559+0000] {logging_mixin.py:190} INFO - [2025-03-07T10:01:33.559+0000] {dag.py:4180} INFO - Setting next_dagrun for second_dag to None, run_after=None
[2025-03-07T10:01:33.569+0000] {processor.py:208} INFO - Processing /opt/airflow/dags/second_dag.py took 0.112 seconds
[2025-03-07T10:02:04.063+0000] {processor.py:186} INFO - Started process (PID=1174) to work on /opt/airflow/dags/second_dag.py
[2025-03-07T10:02:04.064+0000] {processor.py:914} INFO - Processing file /opt/airflow/dags/second_dag.py for tasks to queue
[2025-03-07T10:02:04.067+0000] {logging_mixin.py:190} INFO - [2025-03-07T10:02:04.067+0000] {dagbag.py:588} INFO - Filling up the DagBag from /opt/airflow/dags/second_dag.py
[2025-03-07T10:02:04.097+0000] {processor.py:925} INFO - DAG(s) 'second_dag' retrieved from /opt/airflow/dags/second_dag.py
[2025-03-07T10:02:04.121+0000] {logging_mixin.py:190} INFO - [2025-03-07T10:02:04.121+0000] {dag.py:3239} INFO - Sync 1 DAGs
[2025-03-07T10:02:04.133+0000] {logging_mixin.py:190} INFO - [2025-03-07T10:02:04.133+0000] {dag.py:4180} INFO - Setting next_dagrun for second_dag to None, run_after=None
[2025-03-07T10:02:04.143+0000] {processor.py:208} INFO - Processing /opt/airflow/dags/second_dag.py took 0.096 seconds
[2025-03-07T10:02:34.665+0000] {processor.py:186} INFO - Started process (PID=1183) to work on /opt/airflow/dags/second_dag.py
[2025-03-07T10:02:34.667+0000] {processor.py:914} INFO - Processing file /opt/airflow/dags/second_dag.py for tasks to queue
[2025-03-07T10:02:34.672+0000] {logging_mixin.py:190} INFO - [2025-03-07T10:02:34.670+0000] {dagbag.py:588} INFO - Filling up the DagBag from /opt/airflow/dags/second_dag.py
[2025-03-07T10:02:34.698+0000] {processor.py:925} INFO - DAG(s) 'second_dag' retrieved from /opt/airflow/dags/second_dag.py
[2025-03-07T10:02:34.723+0000] {logging_mixin.py:190} INFO - [2025-03-07T10:02:34.723+0000] {dag.py:3239} INFO - Sync 1 DAGs
[2025-03-07T10:02:34.737+0000] {logging_mixin.py:190} INFO - [2025-03-07T10:02:34.737+0000] {dag.py:4180} INFO - Setting next_dagrun for second_dag to None, run_after=None
[2025-03-07T10:02:34.747+0000] {processor.py:208} INFO - Processing /opt/airflow/dags/second_dag.py took 0.098 seconds
[2025-03-07T10:03:05.250+0000] {processor.py:186} INFO - Started process (PID=1192) to work on /opt/airflow/dags/second_dag.py
[2025-03-07T10:03:05.252+0000] {processor.py:914} INFO - Processing file /opt/airflow/dags/second_dag.py for tasks to queue
[2025-03-07T10:03:05.255+0000] {logging_mixin.py:190} INFO - [2025-03-07T10:03:05.254+0000] {dagbag.py:588} INFO - Filling up the DagBag from /opt/airflow/dags/second_dag.py
[2025-03-07T10:03:05.278+0000] {processor.py:925} INFO - DAG(s) 'second_dag' retrieved from /opt/airflow/dags/second_dag.py
[2025-03-07T10:03:05.302+0000] {logging_mixin.py:190} INFO - [2025-03-07T10:03:05.301+0000] {dag.py:3239} INFO - Sync 1 DAGs
[2025-03-07T10:03:05.317+0000] {logging_mixin.py:190} INFO - [2025-03-07T10:03:05.317+0000] {dag.py:4180} INFO - Setting next_dagrun for second_dag to None, run_after=None
[2025-03-07T10:03:05.327+0000] {processor.py:208} INFO - Processing /opt/airflow/dags/second_dag.py took 0.092 seconds
[2025-03-07T10:03:35.794+0000] {processor.py:186} INFO - Started process (PID=1201) to work on /opt/airflow/dags/second_dag.py
[2025-03-07T10:03:35.797+0000] {processor.py:914} INFO - Processing file /opt/airflow/dags/second_dag.py for tasks to queue
[2025-03-07T10:03:35.800+0000] {logging_mixin.py:190} INFO - [2025-03-07T10:03:35.799+0000] {dagbag.py:588} INFO - Filling up the DagBag from /opt/airflow/dags/second_dag.py
[2025-03-07T10:03:35.826+0000] {processor.py:925} INFO - DAG(s) 'second_dag' retrieved from /opt/airflow/dags/second_dag.py
[2025-03-07T10:03:35.848+0000] {logging_mixin.py:190} INFO - [2025-03-07T10:03:35.848+0000] {dag.py:3239} INFO - Sync 1 DAGs
[2025-03-07T10:03:35.863+0000] {logging_mixin.py:190} INFO - [2025-03-07T10:03:35.863+0000] {dag.py:4180} INFO - Setting next_dagrun for second_dag to None, run_after=None
[2025-03-07T10:03:35.875+0000] {processor.py:208} INFO - Processing /opt/airflow/dags/second_dag.py took 0.100 seconds
[2025-03-07T10:04:06.358+0000] {processor.py:186} INFO - Started process (PID=1210) to work on /opt/airflow/dags/second_dag.py
[2025-03-07T10:04:06.363+0000] {processor.py:914} INFO - Processing file /opt/airflow/dags/second_dag.py for tasks to queue
[2025-03-07T10:04:06.365+0000] {logging_mixin.py:190} INFO - [2025-03-07T10:04:06.364+0000] {dagbag.py:588} INFO - Filling up the DagBag from /opt/airflow/dags/second_dag.py
[2025-03-07T10:04:06.386+0000] {processor.py:925} INFO - DAG(s) 'second_dag' retrieved from /opt/airflow/dags/second_dag.py
[2025-03-07T10:04:06.409+0000] {logging_mixin.py:190} INFO - [2025-03-07T10:04:06.409+0000] {dag.py:3239} INFO - Sync 1 DAGs
[2025-03-07T10:04:06.429+0000] {logging_mixin.py:190} INFO - [2025-03-07T10:04:06.429+0000] {dag.py:4180} INFO - Setting next_dagrun for second_dag to None, run_after=None
[2025-03-07T10:04:06.439+0000] {processor.py:208} INFO - Processing /opt/airflow/dags/second_dag.py took 0.104 seconds
[2025-03-07T10:04:36.843+0000] {processor.py:186} INFO - Started process (PID=1219) to work on /opt/airflow/dags/second_dag.py
[2025-03-07T10:04:36.848+0000] {processor.py:914} INFO - Processing file /opt/airflow/dags/second_dag.py for tasks to queue
[2025-03-07T10:04:36.852+0000] {logging_mixin.py:190} INFO - [2025-03-07T10:04:36.852+0000] {dagbag.py:588} INFO - Filling up the DagBag from /opt/airflow/dags/second_dag.py
[2025-03-07T10:04:36.869+0000] {processor.py:925} INFO - DAG(s) 'second_dag' retrieved from /opt/airflow/dags/second_dag.py
[2025-03-07T10:04:36.893+0000] {logging_mixin.py:190} INFO - [2025-03-07T10:04:36.893+0000] {dag.py:3239} INFO - Sync 1 DAGs
[2025-03-07T10:04:36.907+0000] {logging_mixin.py:190} INFO - [2025-03-07T10:04:36.907+0000] {dag.py:4180} INFO - Setting next_dagrun for second_dag to None, run_after=None
[2025-03-07T10:04:36.916+0000] {processor.py:208} INFO - Processing /opt/airflow/dags/second_dag.py took 0.087 seconds
[2025-03-07T10:05:07.410+0000] {processor.py:186} INFO - Started process (PID=1228) to work on /opt/airflow/dags/second_dag.py
[2025-03-07T10:05:07.411+0000] {processor.py:914} INFO - Processing file /opt/airflow/dags/second_dag.py for tasks to queue
[2025-03-07T10:05:07.413+0000] {logging_mixin.py:190} INFO - [2025-03-07T10:05:07.413+0000] {dagbag.py:588} INFO - Filling up the DagBag from /opt/airflow/dags/second_dag.py
[2025-03-07T10:05:07.439+0000] {processor.py:925} INFO - DAG(s) 'second_dag' retrieved from /opt/airflow/dags/second_dag.py
[2025-03-07T10:05:07.460+0000] {logging_mixin.py:190} INFO - [2025-03-07T10:05:07.460+0000] {dag.py:3239} INFO - Sync 1 DAGs
[2025-03-07T10:05:07.477+0000] {logging_mixin.py:190} INFO - [2025-03-07T10:05:07.477+0000] {dag.py:4180} INFO - Setting next_dagrun for second_dag to None, run_after=None
[2025-03-07T10:05:07.489+0000] {processor.py:208} INFO - Processing /opt/airflow/dags/second_dag.py took 0.102 seconds
[2025-03-07T10:05:37.971+0000] {processor.py:186} INFO - Started process (PID=1237) to work on /opt/airflow/dags/second_dag.py
[2025-03-07T10:05:37.973+0000] {processor.py:914} INFO - Processing file /opt/airflow/dags/second_dag.py for tasks to queue
[2025-03-07T10:05:37.974+0000] {logging_mixin.py:190} INFO - [2025-03-07T10:05:37.974+0000] {dagbag.py:588} INFO - Filling up the DagBag from /opt/airflow/dags/second_dag.py
[2025-03-07T10:05:37.995+0000] {processor.py:925} INFO - DAG(s) 'second_dag' retrieved from /opt/airflow/dags/second_dag.py
[2025-03-07T10:05:38.018+0000] {logging_mixin.py:190} INFO - [2025-03-07T10:05:38.017+0000] {dag.py:3239} INFO - Sync 1 DAGs
[2025-03-07T10:05:38.035+0000] {logging_mixin.py:190} INFO - [2025-03-07T10:05:38.035+0000] {dag.py:4180} INFO - Setting next_dagrun for second_dag to None, run_after=None
[2025-03-07T10:05:38.045+0000] {processor.py:208} INFO - Processing /opt/airflow/dags/second_dag.py took 0.087 seconds
[2025-03-07T10:06:08.510+0000] {processor.py:186} INFO - Started process (PID=1246) to work on /opt/airflow/dags/second_dag.py
[2025-03-07T10:06:08.512+0000] {processor.py:914} INFO - Processing file /opt/airflow/dags/second_dag.py for tasks to queue
[2025-03-07T10:06:08.514+0000] {logging_mixin.py:190} INFO - [2025-03-07T10:06:08.513+0000] {dagbag.py:588} INFO - Filling up the DagBag from /opt/airflow/dags/second_dag.py
[2025-03-07T10:06:08.541+0000] {processor.py:925} INFO - DAG(s) 'second_dag' retrieved from /opt/airflow/dags/second_dag.py
[2025-03-07T10:06:08.571+0000] {logging_mixin.py:190} INFO - [2025-03-07T10:06:08.570+0000] {dag.py:3239} INFO - Sync 1 DAGs
[2025-03-07T10:06:08.583+0000] {logging_mixin.py:190} INFO - [2025-03-07T10:06:08.583+0000] {dag.py:4180} INFO - Setting next_dagrun for second_dag to None, run_after=None
[2025-03-07T10:06:08.593+0000] {processor.py:208} INFO - Processing /opt/airflow/dags/second_dag.py took 0.095 seconds
[2025-03-07T10:06:38.990+0000] {processor.py:186} INFO - Started process (PID=1255) to work on /opt/airflow/dags/second_dag.py
[2025-03-07T10:06:38.991+0000] {processor.py:914} INFO - Processing file /opt/airflow/dags/second_dag.py for tasks to queue
[2025-03-07T10:06:38.993+0000] {logging_mixin.py:190} INFO - [2025-03-07T10:06:38.992+0000] {dagbag.py:588} INFO - Filling up the DagBag from /opt/airflow/dags/second_dag.py
[2025-03-07T10:06:39.011+0000] {processor.py:925} INFO - DAG(s) 'second_dag' retrieved from /opt/airflow/dags/second_dag.py
[2025-03-07T10:06:39.030+0000] {logging_mixin.py:190} INFO - [2025-03-07T10:06:39.030+0000] {dag.py:3239} INFO - Sync 1 DAGs
[2025-03-07T10:06:39.040+0000] {logging_mixin.py:190} INFO - [2025-03-07T10:06:39.040+0000] {dag.py:4180} INFO - Setting next_dagrun for second_dag to None, run_after=None
[2025-03-07T10:06:39.049+0000] {processor.py:208} INFO - Processing /opt/airflow/dags/second_dag.py took 0.069 seconds
[2025-03-07T10:07:09.479+0000] {processor.py:186} INFO - Started process (PID=1264) to work on /opt/airflow/dags/second_dag.py
[2025-03-07T10:07:09.479+0000] {processor.py:914} INFO - Processing file /opt/airflow/dags/second_dag.py for tasks to queue
[2025-03-07T10:07:09.481+0000] {logging_mixin.py:190} INFO - [2025-03-07T10:07:09.480+0000] {dagbag.py:588} INFO - Filling up the DagBag from /opt/airflow/dags/second_dag.py
[2025-03-07T10:07:09.491+0000] {processor.py:925} INFO - DAG(s) 'second_dag' retrieved from /opt/airflow/dags/second_dag.py
[2025-03-07T10:07:09.504+0000] {logging_mixin.py:190} INFO - [2025-03-07T10:07:09.503+0000] {dag.py:3239} INFO - Sync 1 DAGs
[2025-03-07T10:07:09.512+0000] {logging_mixin.py:190} INFO - [2025-03-07T10:07:09.512+0000] {dag.py:4180} INFO - Setting next_dagrun for second_dag to None, run_after=None
[2025-03-07T10:07:09.520+0000] {processor.py:208} INFO - Processing /opt/airflow/dags/second_dag.py took 0.048 seconds
[2025-03-07T10:07:39.923+0000] {processor.py:186} INFO - Started process (PID=1273) to work on /opt/airflow/dags/second_dag.py
[2025-03-07T10:07:39.924+0000] {processor.py:914} INFO - Processing file /opt/airflow/dags/second_dag.py for tasks to queue
[2025-03-07T10:07:39.926+0000] {logging_mixin.py:190} INFO - [2025-03-07T10:07:39.925+0000] {dagbag.py:588} INFO - Filling up the DagBag from /opt/airflow/dags/second_dag.py
[2025-03-07T10:07:39.945+0000] {processor.py:925} INFO - DAG(s) 'second_dag' retrieved from /opt/airflow/dags/second_dag.py
[2025-03-07T10:07:39.964+0000] {logging_mixin.py:190} INFO - [2025-03-07T10:07:39.964+0000] {dag.py:3239} INFO - Sync 1 DAGs
[2025-03-07T10:07:39.978+0000] {logging_mixin.py:190} INFO - [2025-03-07T10:07:39.978+0000] {dag.py:4180} INFO - Setting next_dagrun for second_dag to None, run_after=None
[2025-03-07T10:07:39.988+0000] {processor.py:208} INFO - Processing /opt/airflow/dags/second_dag.py took 0.077 seconds
[2025-03-07T10:12:12.910+0000] {processor.py:186} INFO - Started process (PID=36) to work on /opt/airflow/dags/second_dag.py
[2025-03-07T10:12:12.912+0000] {processor.py:914} INFO - Processing file /opt/airflow/dags/second_dag.py for tasks to queue
[2025-03-07T10:12:12.919+0000] {logging_mixin.py:190} INFO - [2025-03-07T10:12:12.919+0000] {dagbag.py:588} INFO - Filling up the DagBag from /opt/airflow/dags/second_dag.py
[2025-03-07T10:12:12.943+0000] {processor.py:925} INFO - DAG(s) 'second_dag' retrieved from /opt/airflow/dags/second_dag.py
[2025-03-07T10:12:12.976+0000] {logging_mixin.py:190} INFO - [2025-03-07T10:12:12.975+0000] {dag.py:3239} INFO - Sync 1 DAGs
[2025-03-07T10:12:12.999+0000] {logging_mixin.py:190} INFO - [2025-03-07T10:12:12.999+0000] {dag.py:4180} INFO - Setting next_dagrun for second_dag to None, run_after=None
[2025-03-07T10:12:13.028+0000] {processor.py:208} INFO - Processing /opt/airflow/dags/second_dag.py took 0.125 seconds
